{"level":3,"type":"Contents.FundInfo.RaisingFundInfo","flag":1,"extends":["RaisingFundInfo-募集基金详情","{\"uid\":1166,\"fund_id\":1,\"SOURCE\":null}"]}
{"level":3,"type":"Contents.FundInfo.RaisingFundInfo","flag":1,"extends":["RaisingFundInfo-募集基金详情","{\"uid\":1166,\"fund_id\":1,\"SOURCE\":null}"]}
{"level":3,"type":"Contents.FundInfo.RaisingFundInfo","flag":1,"extends":["RaisingFundInfo-募集基金详情","{\"uid\":1166,\"fund_id\":1,\"SOURCE\":null}"]}
{"level":3,"type":"Contents.FundInfo.RaisingFundInfo","flag":1,"extends":["RaisingFundInfo-募集基金详情","{\"uid\":1166,\"fund_id\":1,\"SOURCE\":null}"]}
{"level":3,"type":"Contents.FundInfo.RaisingFundInfo","flag":1,"extends":["RaisingFundInfo-募集基金详情","{\"uid\":1166,\"fund_id\":1,\"SOURCE\":null}"]}
{"level":3,"type":"Contents.FundInfo.RaisingFundInfo","flag":1,"extends":["RaisingFundInfo-募集基金详情","{\"uid\":1166,\"fund_id\":1,\"SOURCE\":null}"]}
{"level":3,"type":"Contents.FundInfo.RaisingFundInfo","flag":1,"extends":["RaisingFundInfo-募集基金详情","{\"uid\":1166,\"fund_id\":1,\"SOURCE\":null}"]}
{"level":3,"type":"Contents.FundInfo.RaisingFundInfo","flag":1,"extends":["RaisingFundInfo-募集基金详情","{\"uid\":\"1166\",\"fund_id\":\"1\",\"SOURCE\":\"app\"}"]}
{"level":3,"type":"Contents.FundInfo.RaisingFundInfo","flag":1,"extends":["RaisingFundInfo-募集基金详情","{\"uid\":1166,\"fund_id\":1,\"SOURCE\":null}"]}
{"level":3,"type":"Contents.FundInfo.RaisingFundInfo","flag":1,"extends":["RaisingFundInfo-募集基金详情","{\"uid\":1166,\"fund_id\":1,\"SOURCE\":null}"]}
{"level":3,"type":"Contents.FundInfo.RaisingFundInfo","flag":1,"extends":["RaisingFundInfo-募集基金详情","{\"uid\":\"1166\",\"fund_id\":\"1\",\"SOURCE\":\"pc\"}"]}
{"level":3,"type":"Contents.FundInfo.RaisingFundInfo","flag":1,"extends":["RaisingFundInfo-募集基金详情","{\"uid\":1166,\"fund_id\":1,\"SOURCE\":null}"]}
{"level":3,"type":"Contents.FundInfo.RaisingFundInfo","flag":1,"extends":["RaisingFundInfo-募集基金详情","{\"uid\":1166,\"fund_id\":1,\"SOURCE\":null}"]}
{"level":3,"type":"Contents.FundInfo.RaisingFundInfo","flag":1,"extends":["RaisingFundInfo-募集基金详情","{\"uid\":1166,\"fund_id\":1,\"SOURCE\":null}"]}
{"level":3,"type":"Contents.FundInfo.RaisingFundInfo","flag":1,"extends":["RaisingFundInfo-募集基金详情","{\"uid\":1166,\"fund_id\":1,\"SOURCE\":null}"]}
{"level":3,"type":"Contents.FundInfo.RaisingFundInfo","flag":1,"extends":["RaisingFundInfo-募集基金详情","{\"uid\":1166,\"fund_id\":1,\"SOURCE\":null}"]}
{"level":3,"type":"Contents.FundInfo.RaisingFundInfo","flag":1,"extends":["RaisingFundInfo-募集基金详情","{\"uid\":\"1166\",\"fund_id\":\"1\",\"SOURCE\":\"pc\"}"]}
{"level":3,"type":"Contents.FundInfo.RaisingFundInfo","flag":1,"extends":["RaisingFundInfo-募集基金详情","{\"uid\":\"1166\",\"fund_id\":\"1\",\"SOURCE\":\"pc\"}"]}
{"level":3,"type":"Contents.FundInfo.RaisingFundInfo","flag":1,"extends":["RaisingFundInfo-募集基金详情","{\"uid\":\"1166\",\"fund_id\":\"1\",\"SOURCE\":\"pc\"}"]}
{"level":3,"type":"Contents.FundInfo.RaisingFundInfo","flag":1,"extends":["RaisingFundInfo-募集基金详情","{\"uid\":\"1166\",\"fund_id\":\"1\",\"SOURCE\":\"app\"}"]}
{"level":3,"type":"Contents.FundInfo.RaisingFundInfo","flag":1,"extends":["RaisingFundInfo-募集基金详情","{\"uid\":\"1166\",\"fund_id\":\"1\",\"SOURCE\":\"pc\"}"]}
{"level":3,"type":"Contents.FundInfo.RaisingFundInfo","flag":1,"extends":["RaisingFundInfo-募集基金详情","{\"uid\":1166,\"fund_id\":1,\"SOURCE\":null}"]}
{"level":3,"type":"Contents.FundInfo.RaisingFundInfo","flag":1,"extends":["RaisingFundInfo-募集基金详情","{\"uid\":1166,\"fund_id\":1,\"SOURCE\":null}"]}
{"level":3,"type":"Contents.FundInfo.RaisingFundInfo","flag":1,"extends":["RaisingFundInfo-募集基金详情","{\"uid\":\"1166\",\"fund_id\":\"1\",\"SOURCE\":\"pc\"}"]}
{"level":3,"type":"Contents.FundInfo.RaisingFundInfo","flag":1,"extends":["RaisingFundInfo-募集基金详情","{\"uid\":1166,\"fund_id\":1,\"SOURCE\":null}"]}
{"level":3,"type":"Contents.FundInfo.RaisingFundInfo","flag":1,"extends":["RaisingFundInfo-募集基金详情","{\"uid\":\"1166\",\"fund_id\":\"1\",\"SOURCE\":\"pc\"}"]}
{"level":3,"type":"Contents.FundInfo.RaisingFundInfo","flag":1,"extends":["RaisingFundInfo-募集基金详情","{\"uid\":\"1166\",\"fund_id\":\"1\",\"SOURCE\":\"pc\"}"]}
{"level":3,"type":"Contents.FundInfo.RaisingFundInfo","flag":1,"extends":["RaisingFundInfo-募集基金详情","{\"uid\":\"1166\",\"fund_id\":\"1\",\"SOURCE\":\"pc\"}"]}
{"level":3,"type":"Contents.FundInfo.RaisingFundInfo","flag":1,"extends":["RaisingFundInfo-募集基金详情","{\"uid\":\"1166\",\"fund_id\":\"1\",\"SOURCE\":\"pc\"}"]}
{"level":3,"type":"Contents.FundInfo.RaisingFundInfo","flag":1,"extends":["RaisingFundInfo-募集基金详情","{\"uid\":1166,\"fund_id\":1,\"SOURCE\":null}"]}
{"level":3,"type":"Contents.FundInfo.RaisingFundInfo","flag":1,"extends":["RaisingFundInfo-募集基金详情","{\"uid\":1166,\"fund_id\":1,\"SOURCE\":null}"]}
{"level":3,"type":"Contents.FundInfo.RaisingFundInfo","flag":1,"extends":["RaisingFundInfo-募集基金详情","{\"uid\":\"1166\",\"fund_id\":\"1\",\"SOURCE\":\"pc\"}"]}
{"level":3,"type":"Contents.FundInfo.RaisingFundInfo","flag":1,"extends":["RaisingFundInfo-募集基金详情","{\"uid\":1166,\"fund_id\":1,\"SOURCE\":null}"]}
{"level":3,"type":"Contents.FundInfo.RaisingFundInfo","flag":1,"extends":["RaisingFundInfo-募集基金详情","{\"uid\":1166,\"fund_id\":1,\"SOURCE\":null}"]}
{"level":3,"type":"Contents.FundInfo.RaisingFundInfo","flag":1,"extends":["RaisingFundInfo-募集基金详情","{\"uid\":1166,\"fund_id\":1,\"SOURCE\":null}"]}
{"level":3,"type":"Contents.FundInfo.RaisingFundInfo","flag":1,"extends":["RaisingFundInfo-募集基金详情","{\"uid\":1166,\"fund_id\":1,\"SOURCE\":null}"]}
{"level":3,"type":"Contents.FundInfo.RaisingFundInfo","flag":1,"extends":["RaisingFundInfo-募集基金详情","{\"uid\":1166,\"fund_id\":1,\"SOURCE\":null}"]}
{"level":3,"type":"Contents.FundInfo.RaisingFundInfo","flag":1,"extends":["RaisingFundInfo-募集基金详情","{\"uid\":1166,\"fund_id\":1,\"SOURCE\":null}"]}
{"level":3,"type":"Contents.FundInfo.RaisingFundInfo","flag":1,"extends":["RaisingFundInfo-募集基金详情","{\"uid\":1166,\"fund_id\":1,\"SOURCE\":null}"]}
{"level":3,"type":"Contents.FundInfo.RaisingFundInfo","flag":1,"extends":["RaisingFundInfo-募集基金详情","{\"uid\":1166,\"fund_id\":1,\"SOURCE\":null}"]}
{"level":3,"type":"Contents.FundInfo.RaisingFundInfo","flag":1,"extends":["RaisingFundInfo-募集基金详情","{\"uid\":1166,\"fund_id\":1,\"SOURCE\":null}"]}
{"level":3,"type":"Contents.FundInfo.RaisingFundInfo","flag":1,"extends":["RaisingFundInfo-募集基金详情","{\"uid\":1166,\"fund_id\":1,\"SOURCE\":null}"]}
{"level":3,"type":"Contents.FundInfo.RaisingFundInfo","flag":1,"extends":["RaisingFundInfo-募集基金详情","{\"uid\":1166,\"fund_id\":1,\"SOURCE\":null}"]}
{"level":3,"type":"Contents.FundInfo.RaisingFundInfo","flag":1,"extends":["RaisingFundInfo-募集基金详情","{\"uid\":1166,\"fund_id\":1,\"SOURCE\":null}"]}
{"level":3,"type":"Contents.FundInfo.RaisingFundInfo","flag":1,"extends":["RaisingFundInfo-募集基金详情","{\"uid\":1166,\"fund_id\":1,\"SOURCE\":null}"]}
{"level":3,"type":"Contents.FundInfo.RaisingFundInfo","flag":1,"extends":["RaisingFundInfo-募集基金详情","{\"uid\":1166,\"fund_id\":1,\"SOURCE\":null}"]}
{"level":3,"type":"Contents.FundInfo.RaisingFundInfo","flag":1,"extends":["RaisingFundInfo-募集基金详情","{\"uid\":1166,\"fund_id\":1,\"SOURCE\":null}"]}
{"level":3,"type":"Contents.FundInfo.RaisingFundInfo","flag":1,"extends":["RaisingFundInfo-募集基金详情","{\"uid\":1166,\"fund_id\":1,\"SOURCE\":null}"]}
{"level":3,"type":"Contents.FundInfo.RaisingFundInfo","flag":1,"extends":["RaisingFundInfo-募集基金详情","{\"uid\":1166,\"fund_id\":1,\"SOURCE\":null}"]}
{"level":3,"type":"Contents.FundInfo.RaisingUserType","flag":1,"extends":["RaisingUserType-募集基金身份判断","{\"uid\":\"1166\",\"fund_id\":\"1\"}"]}
{"level":3,"type":"Contents.FundInfo.RaisingFundInfo","flag":1,"extends":["RaisingFundInfo-募集基金详情","{\"uid\":1166,\"fund_id\":1,\"SOURCE\":null}"]}
{"level":3,"type":"Contents.FundInfo.RaisingUserType","flag":1,"extends":["RaisingUserType-募集基金身份判断","{\"uid\":1166,\"fund_id\":1}"]}
{"level":3,"type":"Contents.FundInfo.RaisingFundInfo","flag":1,"extends":["RaisingFundInfo-募集基金详情","{\"uid\":1166,\"fund_id\":1,\"SOURCE\":null}"]}
{"level":3,"type":"Contents.FundInfo.RaisingUserType","flag":1,"extends":["RaisingUserType-募集基金身份判断","{\"uid\":1166,\"fund_id\":1}"]}
{"level":3,"type":"Contents.FundInfo.RaisingFundInfo","flag":1,"extends":["RaisingFundInfo-募集基金详情","{\"uid\":1166,\"fund_id\":1,\"SOURCE\":null}"]}
{"level":3,"type":"Contents.FundInfo.RaisingUserType","flag":1,"extends":["RaisingUserType-募集基金身份判断","{\"uid\":1166,\"fund_id\":1}"]}
{"level":3,"type":"Contents.FundInfo.RaisingFundInfo","flag":1,"extends":["RaisingFundInfo-募集基金详情","{\"uid\":1166,\"fund_id\":1,\"SOURCE\":null}"]}
{"level":3,"type":"Contents.FundInfo.RaisingUserType","flag":1,"extends":["RaisingUserType-募集基金身份判断","{\"uid\":1166,\"fund_id\":1}"]}
{"level":3,"type":"Contents.FundInfo.RaisingFundInfo","flag":1,"extends":["RaisingFundInfo-募集基金详情","{\"uid\":1166,\"fund_id\":1,\"SOURCE\":null}"]}
{"level":3,"type":"Contents.FundInfo.RaisingUserType","flag":1,"extends":["RaisingUserType-募集基金身份判断","{\"uid\":1166,\"fund_id\":1}"]}
{"level":3,"type":"Contents.FundInfo.RaisingFundInfo","flag":1,"extends":["RaisingFundInfo-募集基金详情","{\"uid\":1166,\"fund_id\":1,\"SOURCE\":null}"]}
{"level":3,"type":"Contents.FundInfo.RaisingUserType","flag":1,"extends":["RaisingUserType-募集基金身份判断","{\"uid\":1166,\"fund_id\":1}"]}
{"level":3,"type":"Contents.FundInfo.RaisingFundInfo","flag":1,"extends":["RaisingFundInfo-募集基金详情","{\"uid\":1166,\"fund_id\":1,\"SOURCE\":null}"]}
{"level":3,"type":"Contents.FundInfo.RaisingUserType","flag":1,"extends":["RaisingUserType-募集基金身份判断","{\"uid\":1166,\"fund_id\":1}"]}
{"level":3,"type":"Contents.FundInfo.RaisingFundInfo","flag":1,"extends":["RaisingFundInfo-募集基金详情","{\"uid\":1166,\"fund_id\":1,\"SOURCE\":null}"]}
{"level":3,"type":"Contents.FundInfo.RaisingUserType","flag":1,"extends":["RaisingUserType-募集基金身份判断","{\"uid\":1166,\"fund_id\":1}"]}
{"level":3,"type":"Contents.FundInfo.RaisingFundInfo","flag":1,"extends":["RaisingFundInfo-募集基金详情","{\"uid\":1166,\"fund_id\":1,\"SOURCE\":null}"]}
{"level":3,"type":"Contents.FundInfo.RaisingUserType","flag":1,"extends":["RaisingUserType-募集基金身份判断","{\"uid\":1166,\"fund_id\":1}"]}
{"level":3,"type":"Contents.FundInfo.RaisingFundInfo","flag":1,"extends":["RaisingFundInfo-募集基金详情","{\"uid\":1166,\"fund_id\":1,\"SOURCE\":null}"]}
{"level":3,"type":"Contents.FundInfo.RaisingUserType","flag":1,"extends":["RaisingUserType-募集基金身份判断","{\"uid\":1166,\"fund_id\":1}"]}
{"level":3,"type":"Contents.FundInfo.RaisingFundInfo","flag":1,"extends":["RaisingFundInfo-募集基金详情","{\"uid\":1166,\"fund_id\":1,\"SOURCE\":null}"]}
{"level":3,"type":"Contents.FundInfo.RaisingUserType","flag":1,"extends":["RaisingUserType-募集基金身份判断","{\"uid\":1166,\"fund_id\":1}"]}
{"level":3,"type":"Contents.FundInfo.RaisingUserType","flag":1,"extends":["RaisingUserType-募集基金身份判断","{\"uid\":\"1166\",\"fund_id\":\"1\"}"]}
{"level":3,"type":"Contents.FundInfo.RaisingUserType","flag":1,"extends":["RaisingUserType-募集基金身份判断","{\"uid\":\"1166\",\"fund_id\":\"1\"}"]}
{"level":3,"type":"Contents.FundInfo.RaisingUserType","flag":1,"extends":["RaisingUserType-募集基金身份判断","{\"uid\":\"1166\",\"fund_id\":\"1\"}"]}
{"level":3,"type":"Contents.FundInfo.RaisingUserType","flag":1,"extends":["RaisingUserType-募集基金身份判断","{\"uid\":\"1166\",\"fund_id\":\"1\"}"]}
{"level":3,"type":"Contents.FundInfo.RaisingUserType","flag":1,"extends":["RaisingUserType-募集基金身份判断","{\"uid\":\"1166\",\"fund_id\":\"1\"}"]}
{"level":3,"type":"Contents.FundInfo.RaisingUserType","flag":1,"extends":["RaisingUserType-募集基金身份判断","{\"uid\":\"1166\",\"fund_id\":\"1\"}"]}
{"level":3,"type":"Contents.FundInfo.RaisingUserType","flag":1,"extends":["RaisingUserType-募集基金身份判断","{\"uid\":\"1166\",\"fund_id\":\"1\"}"]}
{"level":3,"type":"Contents.FundInfo.RaisingUserType","flag":1,"extends":["RaisingUserType-募集基金身份判断","{\"uid\":\"1166\",\"fund_id\":\"1\"}"]}
{"level":3,"type":"Contents.FundInfo.RaisingUserType","flag":1,"extends":["RaisingUserType-募集基金身份判断","{\"uid\":\"1166\",\"fund_id\":\"1\"}"]}
{"level":3,"type":"Contents.FundInfo.RaisingUserType","flag":1,"extends":["RaisingUserType-募集基金身份判断","{\"uid\":\"1166\",\"fund_id\":\"1\"}"]}
{"level":3,"type":"Contents.FundInfo.RaisingUserType","flag":1,"extends":["RaisingUserType-募集基金身份判断","{\"uid\":\"1166\",\"fund_id\":\"1\"}"]}
{"level":3,"type":"Contents.FundInfo.RaisingUserType","flag":1,"extends":["RaisingUserType-募集基金身份判断","{\"uid\":\"1166\",\"fund_id\":\"1\"}"]}
{"level":3,"type":"Contents.FundInfo.RaisingUserType","flag":1,"extends":["RaisingUserType-募集基金身份判断","{\"uid\":\"1166\",\"fund_id\":\"1\"}"]}
{"level":3,"type":"Contents.FundInfo.RaisingUserType","flag":1,"extends":["RaisingUserType-募集基金身份判断","{\"uid\":\"1166\",\"fund_id\":\"1\"}"]}
{"level":3,"type":"Contents.FundInfo.RaisingUserType","flag":1,"extends":["RaisingUserType-募集基金身份判断","{\"uid\":\"1166\",\"fund_id\":\"1\"}"]}
{"level":3,"type":"Contents.FundInfo.RaisingUserType","flag":1,"extends":["RaisingUserType-募集基金身份判断","{\"uid\":\"1166\",\"fund_id\":\"1\"}"]}
{"level":3,"type":"Contents.FundInfo.RaisingUserType","flag":1,"extends":["RaisingUserType-募集基金身份判断","{\"uid\":\"1166\",\"fund_id\":\"1\"}"]}
{"level":3,"type":"Contents.FundInfo.RaisingFundInfo","flag":1,"extends":["RaisingFundInfo-募集基金详情","{\"uid\":1166,\"fund_id\":1,\"SOURCE\":null}"]}
{"level":3,"type":"Contents.FundInfo.RaisingUserType","flag":1,"extends":["RaisingUserType-募集基金身份判断","{\"uid\":1166,\"fund_id\":1}"]}
{"level":3,"type":"Contents.FundInfo.RaisingFundInfo","flag":1,"extends":["RaisingFundInfo-募集基金详情","{\"uid\":1166,\"fund_id\":1,\"SOURCE\":null}"]}
{"level":3,"type":"Contents.FundInfo.RaisingUserType","flag":1,"extends":["RaisingUserType-募集基金身份判断","{\"uid\":1166,\"fund_id\":1}"]}
{"level":3,"type":"Contents.FundInfo.RaisingFundInfo","flag":1,"extends":["RaisingFundInfo-募集基金详情","{\"uid\":1166,\"fund_id\":1,\"SOURCE\":null}"]}
{"level":3,"type":"Contents.FundInfo.RaisingUserType","flag":1,"extends":["RaisingUserType-募集基金身份判断","{\"uid\":1166,\"fund_id\":1}"]}
{"level":3,"type":"Contents.FundInfo.RaisingUserType","flag":1,"extends":["RaisingUserType-募集基金身份判断","{\"uid\":\"1166\",\"fund_id\":\"1\"}"]}
{"level":3,"type":"Contents.FundInfo.RaisingFundInfo","flag":1,"extends":["RaisingFundInfo-募集基金详情","{\"uid\":1166,\"fund_id\":1,\"SOURCE\":null}"]}
{"level":3,"type":"Contents.FundInfo.RaisingUserType","flag":1,"extends":["RaisingUserType-募集基金身份判断","{\"uid\":1166,\"fund_id\":1}"]}
{"level":3,"type":"Contents.FundInfo.RaisingFundInfo","flag":1,"extends":["RaisingFundInfo-募集基金详情","{\"uid\":1166,\"fund_id\":1,\"SOURCE\":null}"]}
{"level":3,"type":"Contents.FundInfo.RaisingUserType","flag":1,"extends":["RaisingUserType-募集基金身份判断","{\"uid\":1166,\"fund_id\":1}"]}
{"level":3,"type":"Contents.FundInfo.RaisingFundInfo","flag":1,"extends":["RaisingFundInfo-募集基金详情","{\"uid\":1166,\"fund_id\":1,\"SOURCE\":null}"]}
{"level":3,"type":"Contents.FundInfo.RaisingUserType","flag":1,"extends":["RaisingUserType-募集基金身份判断","{\"uid\":1166,\"fund_id\":1}"]}
{"level":3,"type":"Contents.FundInfo.RaisingUserType","flag":1,"extends":["RaisingUserType-募集基金身份判断","{\"uid\":\"1166\",\"fund_id\":\"1\"}"]}
{"level":3,"type":"Contents.FundInfo.RaisingFundInfo","flag":1,"extends":["RaisingFundInfo-募集基金详情","{\"uid\":1166,\"fund_id\":1,\"SOURCE\":null}"]}
{"level":3,"type":"Contents.FundInfo.RaisingUserType","flag":1,"extends":["RaisingUserType-募集基金身份判断","{\"uid\":1166,\"fund_id\":1}"]}
{"level":3,"type":"Contents.FundInfo.RaisingFundInfo","flag":1,"extends":["RaisingFundInfo-募集基金详情","{\"uid\":1166,\"fund_id\":1,\"SOURCE\":null}"]}
{"level":3,"type":"Contents.FundInfo.RaisingUserType","flag":1,"extends":["RaisingUserType-募集基金身份判断","{\"uid\":1166,\"fund_id\":1}"]}
{"level":3,"type":"Contents.FundInfo.RaisingFundInfo","flag":1,"extends":["RaisingFundInfo-募集基金详情","{\"uid\":1166,\"fund_id\":1,\"SOURCE\":null}"]}
{"level":3,"type":"Contents.FundInfo.RaisingUserType","flag":1,"extends":["RaisingUserType-募集基金身份判断","{\"uid\":1166,\"fund_id\":1}"]}
{"level":3,"type":"Contents.Funds.FundsList","flag":1,"extends":["FundsList-我的基金列表","{\"uid\":\"1251\",\"label\":1}"]}
{"level":3,"type":"Contents.Profit.ProfitList","flag":1,"extends":["ProfitList-我的收益首页","{\"uid\":1251}"]}
{"level":3,"type":"Contents.Funds.FundsList","flag":1,"extends":["FundsList-我的基金列表","{\"uid\":\"1251\",\"label\":1}"]}
{"level":3,"type":"Contents.FundInfo.RaisingFundInfo","flag":1,"extends":["RaisingFundInfo-募集基金详情","{\"uid\":1166,\"fund_id\":1,\"SOURCE\":null}"]}
{"level":3,"type":"Contents.FundInfo.RaisingUserType","flag":1,"extends":["RaisingUserType-募集基金身份判断","{\"uid\":1166,\"fund_id\":1}"]}
{"level":3,"type":"Contents.Funds.FundsList","flag":1,"extends":["FundsList-我的基金列表","{\"uid\":\"1251\",\"label\":1}"]}
{"level":3,"type":"Contents.Funds.FundsList","flag":1,"extends":["FundsList-我的基金列表","{\"uid\":\"1251\",\"label\":1}"]}
{"level":3,"type":"Contents.Funds.FundsList","flag":1,"extends":["FundsList-我的基金列表","{\"uid\":\"1251\",\"label\":1}"]}
{"level":3,"type":"Contents.FundInfo.RaisingFundInfo","flag":1,"extends":["RaisingFundInfo-募集基金详情","{\"uid\":1166,\"fund_id\":1,\"SOURCE\":null}"]}
{"level":3,"type":"Contents.FundInfo.RaisingUserType","flag":1,"extends":["RaisingUserType-募集基金身份判断","{\"uid\":1166,\"fund_id\":1}"]}
{"level":3,"type":"Contents.FundInfo.RaisingFundInfo","flag":1,"extends":["RaisingFundInfo-募集基金详情","{\"uid\":1166,\"fund_id\":1,\"SOURCE\":null}"]}
{"level":3,"type":"Contents.FundInfo.RaisingUserType","flag":1,"extends":["RaisingUserType-募集基金身份判断","{\"uid\":1166,\"fund_id\":1}"]}
{"level":3,"type":"Contents.FundInfo.RaisingFundInfo","flag":1,"extends":["RaisingFundInfo-募集基金详情","{\"uid\":1166,\"fund_id\":1,\"SOURCE\":null}"]}
{"level":3,"type":"Contents.FundInfo.RaisingUserType","flag":1,"extends":["RaisingUserType-募集基金身份判断","{\"uid\":1166,\"fund_id\":1}"]}
{"level":3,"type":"Contents.FundInfo.RaisingFundInfo","flag":1,"extends":["RaisingFundInfo-募集基金详情","{\"uid\":1166,\"fund_id\":1,\"SOURCE\":null}"]}
{"level":3,"type":"Contents.FundInfo.RaisingUserType","flag":1,"extends":["RaisingUserType-募集基金身份判断","{\"uid\":1166,\"fund_id\":1}"]}
{"level":3,"type":"Contents.FundInfo.RaisingFundInfo","flag":1,"extends":["RaisingFundInfo-募集基金详情","{\"uid\":1166,\"fund_id\":1,\"SOURCE\":null}"]}
{"level":3,"type":"Contents.FundInfo.RaisingUserType","flag":1,"extends":["RaisingUserType-募集基金身份判断","{\"uid\":1166,\"fund_id\":1}"]}
{"level":3,"type":"Contents.FundInfo.RaisingFundInfo","flag":1,"extends":["RaisingFundInfo-募集基金详情","{\"uid\":1166,\"fund_id\":1,\"SOURCE\":null}"]}
{"level":3,"type":"Contents.FundInfo.RaisingUserType","flag":1,"extends":["RaisingUserType-募集基金身份判断","{\"uid\":1166,\"fund_id\":1}"]}
{"level":3,"type":"Contents.FundInfo.RaisingFundInfo","flag":1,"extends":["RaisingFundInfo-募集基金详情","{\"uid\":1166,\"fund_id\":1,\"SOURCE\":null}"]}
{"level":3,"type":"Contents.FundInfo.RaisingUserType","flag":1,"extends":["RaisingUserType-募集基金身份判断","{\"uid\":1166,\"fund_id\":1}"]}
{"level":3,"type":"Contents.FundInfo.RaisingFundInfo","flag":1,"extends":["RaisingFundInfo-募集基金详情","{\"uid\":1166,\"fund_id\":1,\"SOURCE\":null}"]}
{"level":3,"type":"Contents.FundInfo.RaisingUserType","flag":1,"extends":["RaisingUserType-募集基金身份判断","{\"uid\":1166,\"fund_id\":1}"]}
{"level":3,"type":"Contents.FundInfo.RaisingFundInfo","flag":1,"extends":["RaisingFundInfo-募集基金详情","{\"uid\":1166,\"fund_id\":1,\"SOURCE\":null}"]}
{"level":3,"type":"Contents.FundInfo.RaisingUserType","flag":1,"extends":["RaisingUserType-募集基金身份判断","{\"uid\":1166,\"fund_id\":1}"]}
{"level":3,"type":"Contents.FundInfo.RaisingFundInfo","flag":1,"extends":["RaisingFundInfo-募集基金详情","{\"uid\":1166,\"fund_id\":1,\"SOURCE\":null}"]}
{"level":3,"type":"Contents.FundInfo.RaisingUserType","flag":1,"extends":["RaisingUserType-募集基金身份判断","{\"uid\":1166,\"fund_id\":1}"]}
{"level":3,"type":"Contents.FundInfo.RaisingFundInfo","flag":1,"extends":["RaisingFundInfo-募集基金详情","{\"uid\":1166,\"fund_id\":1,\"SOURCE\":null}"]}
{"level":3,"type":"Contents.FundInfo.RaisingUserType","flag":1,"extends":["RaisingUserType-募集基金身份判断","{\"uid\":1166,\"fund_id\":1}"]}
{"level":3,"type":"Contents.FundInfo.RaisingFundInfo","flag":1,"extends":["RaisingFundInfo-募集基金详情","{\"uid\":1166,\"fund_id\":1,\"SOURCE\":null}"]}
{"level":3,"type":"Contents.FundInfo.RaisingUserType","flag":1,"extends":["RaisingUserType-募集基金身份判断","{\"uid\":1166,\"fund_id\":1}"]}
{"level":3,"type":"Contents.FundInfo.RaisingFundInfo","flag":1,"extends":["RaisingFundInfo-募集基金详情","{\"uid\":1166,\"fund_id\":1,\"SOURCE\":null}"]}
{"level":3,"type":"Contents.FundInfo.RaisingUserType","flag":1,"extends":["RaisingUserType-募集基金身份判断","{\"uid\":1166,\"fund_id\":1}"]}
{"level":3,"type":"Contents.FundInfo.RaisingFundInfo","flag":1,"extends":["RaisingFundInfo-募集基金详情","{\"uid\":1166,\"fund_id\":1,\"SOURCE\":null}"]}
{"level":3,"type":"Contents.FundInfo.RaisingUserType","flag":1,"extends":["RaisingUserType-募集基金身份判断","{\"uid\":1166,\"fund_id\":1}"]}
{"level":3,"type":"Contents.FundInfo.RaisingFundInfo","flag":1,"extends":["RaisingFundInfo-募集基金详情","{\"uid\":\"1166\",\"fund_id\":\"1\",\"SOURCE\":\"pc\"}"]}
{"level":3,"type":"Contents.FundInfo.RaisingFundInfo","flag":1,"extends":["RaisingFundInfo-募集基金详情","{\"uid\":1166,\"fund_id\":1,\"SOURCE\":null}"]}
{"level":3,"type":"Contents.FundInfo.RaisingUserType","flag":1,"extends":["RaisingUserType-募集基金身份判断","{\"uid\":1166,\"fund_id\":1}"]}
{"level":3,"type":"Contents.FundInfo.RaisingFundInfo","flag":1,"extends":["RaisingFundInfo-募集基金详情","{\"uid\":1166,\"fund_id\":1,\"SOURCE\":null}"]}
{"level":3,"type":"Contents.FundInfo.RaisingUserType","flag":1,"extends":["RaisingUserType-募集基金身份判断","{\"uid\":1166,\"fund_id\":1}"]}
{"level":3,"type":"Contents.FundInfo.RaisingFundInfo","flag":1,"extends":["RaisingFundInfo-募集基金详情","{\"uid\":1166,\"fund_id\":1,\"SOURCE\":null}"]}
{"level":3,"type":"Contents.FundInfo.RaisingUserType","flag":1,"extends":["RaisingUserType-募集基金身份判断","{\"uid\":1166,\"fund_id\":1}"]}
{"level":3,"type":"Contents.FundInfo.RaisingFundInfo","flag":1,"extends":["RaisingFundInfo-募集基金详情","{\"uid\":1166,\"fund_id\":1,\"SOURCE\":null}"]}
{"level":3,"type":"Contents.FundInfo.RaisingUserType","flag":1,"extends":["RaisingUserType-募集基金身份判断","{\"uid\":1166,\"fund_id\":1}"]}
{"level":3,"type":"Contents.FundInfo.RaisingFundInfo","flag":1,"extends":["RaisingFundInfo-募集基金详情","{\"uid\":1166,\"fund_id\":1,\"SOURCE\":null}"]}
{"level":3,"type":"Contents.FundInfo.RaisingUserType","flag":1,"extends":["RaisingUserType-募集基金身份判断","{\"uid\":1166,\"fund_id\":1}"]}
{"level":3,"type":"Contents.FundInfo.RaisingFundInfo","flag":1,"extends":["RaisingFundInfo-募集基金详情","{\"uid\":1166,\"fund_id\":1,\"SOURCE\":null}"]}
{"level":3,"type":"Contents.FundInfo.RaisingUserType","flag":1,"extends":["RaisingUserType-募集基金身份判断","{\"uid\":1166,\"fund_id\":1}"]}
{"level":3,"type":"Contents.FundInfo.RaisingFundInfo","flag":1,"extends":["RaisingFundInfo-募集基金详情","{\"uid\":1166,\"fund_id\":1,\"SOURCE\":null}"]}
{"level":3,"type":"Contents.FundInfo.RaisingUserType","flag":1,"extends":["RaisingUserType-募集基金身份判断","{\"uid\":1166,\"fund_id\":1}"]}
{"level":3,"type":"Contents.FundInfo.RaisingFundInfo","flag":1,"extends":["RaisingFundInfo-募集基金详情","{\"uid\":1166,\"fund_id\":1,\"SOURCE\":null}"]}
{"level":3,"type":"Contents.FundInfo.RaisingUserType","flag":1,"extends":["RaisingUserType-募集基金身份判断","{\"uid\":1166,\"fund_id\":1}"]}
{"level":3,"type":"Contents.FundInfo.RaisingFundInfo","flag":1,"extends":["RaisingFundInfo-募集基金详情","{\"uid\":1166,\"fund_id\":1,\"SOURCE\":null}"]}
{"level":3,"type":"Contents.FundInfo.RaisingUserType","flag":1,"extends":["RaisingUserType-募集基金身份判断","{\"uid\":1166,\"fund_id\":1}"]}
{"level":3,"type":"Contents.FundInfo.RaisingFundInfo","flag":1,"extends":["RaisingFundInfo-募集基金详情","{\"uid\":1166,\"fund_id\":1,\"SOURCE\":null}"]}
{"level":3,"type":"Contents.FundInfo.RaisingUserType","flag":1,"extends":["RaisingUserType-募集基金身份判断","{\"uid\":1166,\"fund_id\":1}"]}
{"level":3,"type":"Contents.FundInfo.RaisingFundInfo","flag":1,"extends":["RaisingFundInfo-募集基金详情","{\"uid\":1166,\"fund_id\":1,\"SOURCE\":null}"]}
{"level":3,"type":"Contents.FundInfo.RaisingUserType","flag":1,"extends":["RaisingUserType-募集基金身份判断","{\"uid\":1166,\"fund_id\":1}"]}
{"level":3,"type":"Contents.FundInfo.RaisingFundInfo","flag":1,"extends":["RaisingFundInfo-募集基金详情","{\"uid\":1166,\"fund_id\":1,\"SOURCE\":null}"]}
{"level":3,"type":"Contents.FundInfo.RaisingUserType","flag":1,"extends":["RaisingUserType-募集基金身份判断","{\"uid\":1166,\"fund_id\":1}"]}
{"level":3,"type":"Contents.FundInfo.RaisingFundInfo","flag":1,"extends":["RaisingFundInfo-募集基金详情","{\"uid\":1166,\"fund_id\":1,\"SOURCE\":null}"]}
{"level":3,"type":"Contents.FundInfo.RaisingUserType","flag":1,"extends":["RaisingUserType-募集基金身份判断","{\"uid\":1166,\"fund_id\":1}"]}
{"level":3,"type":"Contents.FundInfo.RaisingFundInfo","flag":1,"extends":["RaisingFundInfo-募集基金详情","{\"uid\":1166,\"fund_id\":1,\"SOURCE\":null}"]}
{"level":3,"type":"Contents.FundInfo.RaisingUserType","flag":1,"extends":["RaisingUserType-募集基金身份判断","{\"uid\":1166,\"fund_id\":1}"]}
{"level":3,"type":"Contents.FundInfo.RaisingFundInfo","flag":1,"extends":["RaisingFundInfo-募集基金详情","{\"uid\":1166,\"fund_id\":1,\"SOURCE\":null}"]}
{"level":3,"type":"Contents.FundInfo.RaisingUserType","flag":1,"extends":["RaisingUserType-募集基金身份判断","{\"uid\":1166,\"fund_id\":1}"]}
{"level":3,"type":"Contents.FundInfo.RaisingFundInfo","flag":1,"extends":["RaisingFundInfo-募集基金详情","{\"uid\":1166,\"fund_id\":1,\"SOURCE\":null}"]}
{"level":3,"type":"Contents.FundInfo.RaisingUserType","flag":1,"extends":["RaisingUserType-募集基金身份判断","{\"uid\":1166,\"fund_id\":1}"]}
{"level":3,"type":"Contents.Funds.FundsList","flag":1,"extends":["FundsList-我的基金列表","{\"uid\":\"1251\",\"label\":1}"]}
{"level":3,"type":"Contents.FundInfo.RaisingFundInfo","flag":1,"extends":["RaisingFundInfo-募集基金详情","{\"uid\":1166,\"fund_id\":1,\"SOURCE\":null}"]}
{"level":3,"type":"Contents.FundInfo.RaisingUserType","flag":1,"extends":["RaisingUserType-募集基金身份判断","{\"uid\":1166,\"fund_id\":1}"]}
{"level":3,"type":"Contents.FundInfo.RaisingFundInfo","flag":1,"extends":["RaisingFundInfo-募集基金详情","{\"uid\":1166,\"fund_id\":1,\"SOURCE\":null}"]}
{"level":3,"type":"Contents.FundInfo.RaisingUserType","flag":1,"extends":["RaisingUserType-募集基金身份判断","{\"uid\":1166,\"fund_id\":1}"]}
{"level":3,"type":"Contents.FundInfo.RaisingFundInfo","flag":1,"extends":["RaisingFundInfo-募集基金详情","{\"uid\":1166,\"fund_id\":1,\"SOURCE\":null}"]}
{"level":3,"type":"Contents.FundInfo.RaisingUserType","flag":1,"extends":["RaisingUserType-募集基金身份判断","{\"uid\":1166,\"fund_id\":1}"]}
{"level":3,"type":"Contents.FundInfo.RaisingFundInfo","flag":1,"extends":["RaisingFundInfo-募集基金详情","{\"uid\":1166,\"fund_id\":1,\"SOURCE\":null}"]}
{"level":3,"type":"Contents.FundInfo.RaisingUserType","flag":1,"extends":["RaisingUserType-募集基金身份判断","{\"uid\":1166,\"fund_id\":1}"]}
{"level":3,"type":"Contents.Funds.FundsList","flag":1,"extends":["FundsList-我的基金列表","{\"uid\":\"1251\",\"label\":1}"]}
{"level":3,"type":"Contents.FundInfo.RaisingFundInfo","flag":1,"extends":["RaisingFundInfo-募集基金详情","{\"uid\":1166,\"fund_id\":1,\"SOURCE\":null}"]}
{"level":3,"type":"Contents.FundInfo.RaisingUserType","flag":1,"extends":["RaisingUserType-募集基金身份判断","{\"uid\":1166,\"fund_id\":1}"]}
{"level":3,"type":"Contents.FundInfo.RaisingFundInfo","flag":1,"extends":["RaisingFundInfo-募集基金详情","{\"uid\":1166,\"fund_id\":1,\"SOURCE\":null}"]}
{"level":3,"type":"Contents.FundInfo.RaisingUserType","flag":1,"extends":["RaisingUserType-募集基金身份判断","{\"uid\":1166,\"fund_id\":1}"]}
{"level":3,"type":"Contents.FundInfo.RaisingFundInfo","flag":1,"extends":["RaisingFundInfo-募集基金详情","{\"uid\":1166,\"fund_id\":1,\"SOURCE\":null}"]}
{"level":3,"type":"Contents.FundInfo.RaisingUserType","flag":1,"extends":["RaisingUserType-募集基金身份判断","{\"uid\":1166,\"fund_id\":1}"]}
{"level":3,"type":"Contents.FundInfo.RaisingFundInfo","flag":1,"extends":["RaisingFundInfo-募集基金详情","{\"uid\":1166,\"fund_id\":1,\"SOURCE\":null}"]}
{"level":3,"type":"Contents.FundInfo.RaisingUserType","flag":1,"extends":["RaisingUserType-募集基金身份判断","{\"uid\":1166,\"fund_id\":1}"]}
{"level":3,"type":"Contents.FundInfo.RaisingFundInfo","flag":1,"extends":["RaisingFundInfo-募集基金详情","{\"uid\":1166,\"fund_id\":1,\"SOURCE\":null}"]}
{"level":3,"type":"Contents.FundInfo.RaisingUserType","flag":1,"extends":["RaisingUserType-募集基金身份判断","{\"uid\":1166,\"fund_id\":1}"]}
{"level":3,"type":"Contents.FundInfo.RaisingFundInfo","flag":1,"extends":["RaisingFundInfo-募集基金详情","{\"uid\":1166,\"fund_id\":1,\"SOURCE\":null}"]}
{"level":3,"type":"Contents.FundInfo.RaisingUserType","flag":1,"extends":["RaisingUserType-募集基金身份判断","{\"uid\":1166,\"fund_id\":1}"]}
{"level":3,"type":"Contents.FundInfo.RaisingFundInfo","flag":1,"extends":["RaisingFundInfo-募集基金详情","{\"uid\":\"1166\",\"fund_id\":\"1\",\"SOURCE\":\"pc\"}"]}
{"level":3,"type":"Contents.FundInfo.RaisingFundInfo","flag":1,"extends":["RaisingFundInfo-募集基金详情","{\"uid\":1166,\"fund_id\":1,\"SOURCE\":null}"]}
{"level":3,"type":"Contents.FundInfo.RaisingUserType","flag":1,"extends":["RaisingUserType-募集基金身份判断","{\"uid\":1166,\"fund_id\":1}"]}
{"level":3,"type":"Contents.FundInfo.RaisingFundInfo","flag":1,"extends":["RaisingFundInfo-募集基金详情","{\"uid\":1166,\"fund_id\":1,\"SOURCE\":null}"]}
{"level":3,"type":"Contents.FundInfo.RaisingUserType","flag":1,"extends":["RaisingUserType-募集基金身份判断","{\"uid\":1166,\"fund_id\":1}"]}
{"level":3,"type":"Contents.FundInfo.RaisingFundInfo","flag":1,"extends":["RaisingFundInfo-募集基金详情","{\"uid\":1166,\"fund_id\":1,\"SOURCE\":null}"]}
{"level":3,"type":"Contents.FundInfo.RaisingUserType","flag":1,"extends":["RaisingUserType-募集基金身份判断","{\"uid\":1166,\"fund_id\":1}"]}
{"level":3,"type":"Contents.Funds.FundsList","flag":1,"extends":["FundsList-我的基金列表","{\"uid\":\"1251\",\"label\":1}"]}
{"level":3,"type":"Contents.Funds.FundsList","flag":1,"extends":["FundsList-我的基金列表","{\"uid\":\"1251\",\"label\":1}"]}
{"level":3,"type":"Contents.FundInfo.RaisingFundInfo","flag":1,"extends":["RaisingFundInfo-募集基金详情","{\"uid\":1166,\"fund_id\":1,\"SOURCE\":null}"]}
{"level":3,"type":"Contents.FundInfo.RaisingUserType","flag":1,"extends":["RaisingUserType-募集基金身份判断","{\"uid\":1166,\"fund_id\":1}"]}
{"level":3,"type":"Contents.FundInfo.RaisingFundInfo","flag":1,"extends":["RaisingFundInfo-募集基金详情","{\"uid\":1166,\"fund_id\":1,\"SOURCE\":null}"]}
{"level":3,"type":"Contents.FundInfo.RaisingUserType","flag":1,"extends":["RaisingUserType-募集基金身份判断","{\"uid\":1166,\"fund_id\":1}"]}
{"level":3,"type":"Contents.FundInfo.RaisingFundInfo","flag":1,"extends":["RaisingFundInfo-募集基金详情","{\"uid\":1166,\"fund_id\":1,\"SOURCE\":null}"]}
{"level":3,"type":"Contents.FundInfo.RaisingUserType","flag":1,"extends":["RaisingUserType-募集基金身份判断","{\"uid\":1166,\"fund_id\":1}"]}
{"level":3,"type":"Contents.FundInfo.RaisingFundInfo","flag":1,"extends":["RaisingFundInfo-募集基金详情","{\"uid\":1166,\"fund_id\":1,\"SOURCE\":null}"]}
{"level":3,"type":"Contents.FundInfo.RaisingUserType","flag":1,"extends":["RaisingUserType-募集基金身份判断","{\"uid\":1166,\"fund_id\":1}"]}
{"level":3,"type":"Contents.FundInfo.RaisingFundInfo","flag":1,"extends":["RaisingFundInfo-募集基金详情","{\"uid\":1166,\"fund_id\":1,\"SOURCE\":null}"]}
{"level":3,"type":"Contents.FundInfo.RaisingUserType","flag":1,"extends":["RaisingUserType-募集基金身份判断","{\"uid\":1166,\"fund_id\":1}"]}
{"level":3,"type":"Contents.FundInfo.RaisingFundInfo","flag":1,"extends":["RaisingFundInfo-募集基金详情","{\"uid\":1166,\"fund_id\":1,\"SOURCE\":null}"]}
{"level":3,"type":"Contents.FundInfo.RaisingUserType","flag":1,"extends":["RaisingUserType-募集基金身份判断","{\"uid\":1166,\"fund_id\":1}"]}
{"level":3,"type":"Contents.FundInfo.RaisingFundInfo","flag":1,"extends":["RaisingFundInfo-募集基金详情","{\"uid\":1166,\"fund_id\":1,\"SOURCE\":null}"]}
{"level":3,"type":"Contents.FundInfo.RaisingUserType","flag":1,"extends":["RaisingUserType-募集基金身份判断","{\"uid\":1166,\"fund_id\":1}"]}
{"level":3,"type":"Contents.FundInfo.RaisingFundInfo","flag":1,"extends":["RaisingFundInfo-募集基金详情","{\"uid\":1166,\"fund_id\":1,\"SOURCE\":null}"]}
{"level":3,"type":"Contents.FundInfo.RaisingUserType","flag":1,"extends":["RaisingUserType-募集基金身份判断","{\"uid\":1166,\"fund_id\":1}"]}
{"level":3,"type":"Contents.FundInfo.RaisingFundInfo","flag":1,"extends":["RaisingFundInfo-募集基金详情","{\"uid\":1166,\"fund_id\":1,\"SOURCE\":null}"]}
{"level":3,"type":"Contents.FundInfo.RaisingUserType","flag":1,"extends":["RaisingUserType-募集基金身份判断","{\"uid\":1166,\"fund_id\":1}"]}
{"level":3,"type":"Contents.Funds.FundsList","flag":1,"extends":["FundsList-我的基金列表","{\"uid\":\"1251\",\"label\":1}"]}
{"level":3,"type":"Contents.ExpectantInvestor.InvestmentAmount","flag":1,"extends":["InvestmentAmount-拟投金额\/总监审核意向投资人","{\"uid\":\"1251\",\"fund_id\":40,\"amount\":12,\"remark\":\"12\"}"]}
{"level":3,"type":"Contents.FundInfo.RaisingFundInfo","flag":1,"extends":["RaisingFundInfo-募集基金详情","{\"uid\":1166,\"fund_id\":1,\"SOURCE\":null}"]}
{"level":3,"type":"Contents.FundInfo.RaisingUserType","flag":1,"extends":["RaisingUserType-募集基金身份判断","{\"uid\":1166,\"fund_id\":1}"]}
{"level":3,"type":"Contents.FundInfo.RaisingFundInfo","flag":1,"extends":["RaisingFundInfo-募集基金详情","{\"uid\":1166,\"fund_id\":1,\"SOURCE\":null}"]}
{"level":3,"type":"Contents.FundInfo.RaisingUserType","flag":1,"extends":["RaisingUserType-募集基金身份判断","{\"uid\":1166,\"fund_id\":1}"]}
{"level":3,"type":"Contents.FundInfo.RaisingFundInfo","flag":1,"extends":["RaisingFundInfo-募集基金详情","{\"uid\":1166,\"fund_id\":1,\"SOURCE\":null}"]}
{"level":3,"type":"Contents.FundInfo.RaisingUserType","flag":1,"extends":["RaisingUserType-募集基金身份判断","{\"uid\":1166,\"fund_id\":1}"]}
{"level":3,"type":"Contents.FundInfo.RaisingFundInfo","flag":1,"extends":["RaisingFundInfo-募集基金详情","{\"uid\":1166,\"fund_id\":1,\"SOURCE\":null}"]}
{"level":3,"type":"Contents.FundInfo.RaisingUserType","flag":1,"extends":["RaisingUserType-募集基金身份判断","{\"uid\":1166,\"fund_id\":1}"]}
{"level":3,"type":"Contents.FundInfo.RaisingFundInfo","flag":1,"extends":["RaisingFundInfo-募集基金详情","{\"uid\":1166,\"fund_id\":1,\"SOURCE\":null}"]}
{"level":3,"type":"Contents.FundInfo.RaisingUserType","flag":1,"extends":["RaisingUserType-募集基金身份判断","{\"uid\":1166,\"fund_id\":1}"]}
{"level":3,"type":"Contents.FundInfo.RaisingFundInfo","flag":1,"extends":["RaisingFundInfo-募集基金详情","{\"uid\":1166,\"fund_id\":1,\"SOURCE\":null}"]}
{"level":3,"type":"Contents.FundInfo.RaisingUserType","flag":1,"extends":["RaisingUserType-募集基金身份判断","{\"uid\":1166,\"fund_id\":1}"]}
{"level":3,"type":"Contents.FundInfo.RaisingFundInfo","flag":1,"extends":["RaisingFundInfo-募集基金详情","{\"uid\":1166,\"fund_id\":1,\"SOURCE\":null}"]}
{"level":3,"type":"Contents.FundInfo.RaisingUserType","flag":1,"extends":["RaisingUserType-募集基金身份判断","{\"uid\":1166,\"fund_id\":1}"]}
{"level":3,"type":"Contents.FundInfo.RaisingFundInfo","flag":1,"extends":["RaisingFundInfo-募集基金详情","{\"uid\":1166,\"fund_id\":1,\"SOURCE\":null}"]}
{"level":3,"type":"Contents.FundInfo.RaisingUserType","flag":1,"extends":["RaisingUserType-募集基金身份判断","{\"uid\":1166,\"fund_id\":1}"]}
{"level":3,"type":"Contents.FundInfo.RaisingFundInfo","flag":1,"extends":["RaisingFundInfo-募集基金详情","{\"uid\":1166,\"fund_id\":1,\"SOURCE\":null}"]}
{"level":3,"type":"Contents.FundInfo.RaisingUserType","flag":1,"extends":["RaisingUserType-募集基金身份判断","{\"uid\":1166,\"fund_id\":1}"]}
{"level":3,"type":"Contents.FundInfo.RaisingFundInfo","flag":1,"extends":["RaisingFundInfo-募集基金详情","{\"uid\":1166,\"fund_id\":1,\"SOURCE\":null}"]}
{"level":3,"type":"Contents.FundInfo.RaisingUserType","flag":1,"extends":["RaisingUserType-募集基金身份判断","{\"uid\":1166,\"fund_id\":1}"]}
{"level":3,"type":"Contents.FundInfo.RaisingFundInfo","flag":1,"extends":["RaisingFundInfo-募集基金详情",null]}
{"level":3,"type":"Contents.FundInfo.RaisingFundInfo","flag":1,"extends":["RaisingFundInfo-募集基金详情",null]}
{"level":3,"type":"Contents.FundInfo.RaisingFundInfo","flag":1,"extends":["RaisingFundInfo-募集基金详情",null]}
{"level":3,"type":"Contents.FundInfo.RaisingFundInfo","flag":1,"extends":["RaisingFundInfo-募集基金详情","{\"uid\":1251,\"fund_id\":1,\"SOURCE\":null}"]}
{"level":3,"type":"Contents.FundInfo.RaisingUserType","flag":1,"extends":["RaisingUserType-募集基金身份判断","{\"uid\":1251,\"fund_id\":1}"]}
{"level":3,"type":"Contents.FundInfo.RaisingFundInfo","flag":1,"extends":["RaisingFundInfo-募集基金详情","{\"uid\":1251,\"fund_id\":56,\"SOURCE\":null}"]}
{"level":3,"type":"Contents.FundInfo.RaisingUserType","flag":1,"extends":["RaisingUserType-募集基金身份判断","{\"uid\":1251,\"fund_id\":56}"]}
{"level":3,"type":"Contents.FundInfo.RaisingFundInfo","flag":1,"extends":["RaisingFundInfo-募集基金详情","{\"uid\":1251,\"fund_id\":1,\"SOURCE\":null}"]}
{"level":3,"type":"Contents.FundInfo.RaisingUserType","flag":1,"extends":["RaisingUserType-募集基金身份判断","{\"uid\":1251,\"fund_id\":1}"]}
{"level":3,"type":"Contents.FundInfo.RaisingFundInfo","flag":1,"extends":["RaisingFundInfo-募集基金详情","{\"uid\":1251,\"fund_id\":56,\"SOURCE\":null}"]}
{"level":3,"type":"Contents.FundInfo.RaisingUserType","flag":1,"extends":["RaisingUserType-募集基金身份判断","{\"uid\":1251,\"fund_id\":56}"]}
{"level":3,"type":"Contents.FundInfo.RaisingFundInfo","flag":1,"extends":["RaisingFundInfo-募集基金详情","{\"uid\":1251,\"fund_id\":56,\"SOURCE\":null}"]}
{"level":3,"type":"Contents.FundInfo.RaisingUserType","flag":1,"extends":["RaisingUserType-募集基金身份判断","{\"uid\":1251,\"fund_id\":56}"]}
{"level":3,"type":"Common.Sms.sendSmsOnly","flag":1,"extends":["sendSmsOnly-发送短信，传入的参数","{\"mobile\":\"152213372781\",\"content\":\"尊敬的投资人，您对意向基金测试基金2发起的“我想投资”申请已经通过！\",\"type\":7}"]}
{"level":3,"type":"Contents.FundInfo.RaisingFundInfo","flag":1,"extends":["RaisingFundInfo-募集基金详情",null]}
{"level":3,"type":"Contents.FundInfo.RaisingFundInfo","flag":1,"extends":["RaisingFundInfo-募集基金详情",null]}
{"level":3,"type":"Contents.FundInfo.RaisingFundInfo","flag":1,"extends":["RaisingFundInfo-募集基金详情",null]}
{"level":3,"type":"Contents.FundInfo.RaisingFundInfo","flag":1,"extends":["RaisingFundInfo-募集基金详情",null]}
{"level":3,"type":"Contents.FundInfo.RaisingFundInfo","flag":1,"extends":["RaisingFundInfo-募集基金详情",null]}
{"level":3,"type":"Contents.Funds.FundsList","flag":1,"extends":["FundsList-我的基金列表","{\"uid\":\"1251\",\"label\":1}"]}
{"level":3,"type":"Contents.FundInfo.RaisingFundInfo","flag":1,"extends":["RaisingFundInfo-募集基金详情","{\"uid\":1166,\"fund_id\":1,\"SOURCE\":null}"]}
{"level":3,"type":"Contents.FundInfo.RaisingUserType","flag":1,"extends":["RaisingUserType-募集基金身份判断","{\"uid\":1251,\"fund_id\":56}"]}
{"level":3,"type":"Contents.FundInfo.RaisingFundInfo","flag":1,"extends":["RaisingFundInfo-募集基金详情","{\"uid\":1166,\"fund_id\":1,\"SOURCE\":null}"]}
{"level":3,"type":"Contents.FundInfo.RaisingUserType","flag":1,"extends":["RaisingUserType-募集基金身份判断","{\"uid\":1251,\"fund_id\":56}"]}
{"level":3,"type":"Contents.FundInfo.RaisingFundInfo","flag":1,"extends":["RaisingFundInfo-募集基金详情","{\"uid\":1166,\"fund_id\":1,\"SOURCE\":null}"]}
{"level":3,"type":"Contents.FundInfo.RaisingUserType","flag":1,"extends":["RaisingUserType-募集基金身份判断","{\"uid\":1251,\"fund_id\":56}"]}
{"level":3,"type":"Contents.FundInfo.RaisingFundInfo","flag":1,"extends":["RaisingFundInfo-募集基金详情","{\"uid\":1166,\"fund_id\":1,\"SOURCE\":null}"]}
{"level":3,"type":"Contents.FundInfo.RaisingUserType","flag":1,"extends":["RaisingUserType-募集基金身份判断","{\"uid\":1251,\"fund_id\":56}"]}
{"level":3,"type":"Contents.FundInfo.RaisingFundInfo","flag":1,"extends":["RaisingFundInfo-募集基金详情","{\"uid\":1166,\"fund_id\":1,\"SOURCE\":null}"]}
{"level":3,"type":"Contents.FundInfo.RaisingUserType","flag":1,"extends":["RaisingUserType-募集基金身份判断","{\"uid\":1251,\"fund_id\":56}"]}
{"level":3,"type":"Contents.Funds.FundsList","flag":1,"extends":["FundsList-我的基金列表","{\"uid\":\"1251\",\"label\":1}"]}
{"level":3,"type":"Contents.FundInfo.RaisingFundInfo","flag":1,"extends":["RaisingFundInfo-募集基金详情","{\"uid\":1166,\"fund_id\":1,\"SOURCE\":null}"]}
{"level":3,"type":"Contents.FundInfo.RaisingUserType","flag":1,"extends":["RaisingUserType-募集基金身份判断","{\"uid\":1251,\"fund_id\":56}"]}
{"level":3,"type":"Contents.FundInfo.RaisingFundInfo","flag":1,"extends":["RaisingFundInfo-募集基金详情","{\"uid\":1166,\"fund_id\":1,\"SOURCE\":null}"]}
{"level":3,"type":"Contents.FundInfo.RaisingUserType","flag":1,"extends":["RaisingUserType-募集基金身份判断","{\"uid\":1251,\"fund_id\":1}"]}
{"level":3,"type":"Contents.FundInfo.RaisingFundInfo","flag":1,"extends":["RaisingFundInfo-募集基金详情","{\"uid\":1166,\"fund_id\":1,\"SOURCE\":null}"]}
{"level":3,"type":"Contents.FundInfo.RaisingUserType","flag":1,"extends":["RaisingUserType-募集基金身份判断","{\"uid\":1251,\"fund_id\":1}"]}
{"level":3,"type":"Contents.FundInfo.RaisingFundInfo","flag":1,"extends":["RaisingFundInfo-募集基金详情","{\"uid\":1166,\"fund_id\":1,\"SOURCE\":null}"]}
{"level":3,"type":"Contents.FundInfo.RaisingUserType","flag":1,"extends":["RaisingUserType-募集基金身份判断","{\"uid\":1251,\"fund_id\":1}"]}
{"level":3,"type":"Contents.FundInfo.RaisingFundInfo","flag":1,"extends":["RaisingFundInfo-募集基金详情","{\"uid\":1166,\"fund_id\":1,\"SOURCE\":null}"]}
{"level":3,"type":"Contents.FundInfo.RaisingUserType","flag":1,"extends":["RaisingUserType-募集基金身份判断","{\"uid\":1251,\"fund_id\":1}"]}
{"level":3,"type":"Contents.FundInfo.RaisingFundInfo","flag":1,"extends":["RaisingFundInfo-募集基金详情","{\"uid\":1166,\"fund_id\":1,\"SOURCE\":null}"]}
{"level":3,"type":"Contents.FundInfo.RaisingUserType","flag":1,"extends":["RaisingUserType-募集基金身份判断","{\"uid\":1166,\"fund_id\":1}"]}
{"level":3,"type":"Common.Sms.sendSmsOnly","flag":1,"extends":["sendSmsOnly-发送短信，传入的参数","{\"mobile\":\"15652439610\",\"content\":\"尊敬的投资人，您对意向基金测试基金2发起的“我想投资”申请已经通过！\",\"type\":7}"]}
{"level":3,"type":"Contents.FundInfo.RaisingFundInfo","flag":1,"extends":["RaisingFundInfo-募集基金详情","{\"uid\":1166,\"fund_id\":1,\"SOURCE\":null}"]}
{"level":3,"type":"Contents.FundInfo.RaisingUserType","flag":1,"extends":["RaisingUserType-募集基金身份判断","{\"uid\":1166,\"fund_id\":1}"]}
{"level":3,"type":"Contents.FundInfo.RaisingFundInfo","flag":1,"extends":["RaisingFundInfo-募集基金详情","{\"uid\":\"1166\",\"fund_id\":\"1\",\"SOURCE\":\"pc\"}"]}
{"level":3,"type":"Contents.FundInfo.RaisingFundInfo","flag":1,"extends":["RaisingFundInfo-募集基金详情","{\"uid\":1166,\"fund_id\":1,\"SOURCE\":null}"]}
{"level":3,"type":"Contents.FundInfo.RaisingUserType","flag":1,"extends":["RaisingUserType-募集基金身份判断","{\"uid\":1166,\"fund_id\":1}"]}
{"level":3,"type":"Contents.FundInfo.RaisingFundInfo","flag":1,"extends":["RaisingFundInfo-募集基金详情","{\"uid\":1166,\"fund_id\":1,\"SOURCE\":null}"]}
{"level":3,"type":"Contents.FundInfo.RaisingUserType","flag":1,"extends":["RaisingUserType-募集基金身份判断","{\"uid\":1166,\"fund_id\":1}"]}
{"level":3,"type":"Contents.FundInfo.RaisingFundInfo","flag":1,"extends":["RaisingFundInfo-募集基金详情","{\"uid\":1166,\"fund_id\":1,\"SOURCE\":null}"]}
{"level":3,"type":"Contents.FundInfo.RaisingUserType","flag":1,"extends":["RaisingUserType-募集基金身份判断","{\"uid\":1166,\"fund_id\":1}"]}
{"level":3,"type":"Contents.FundInfo.RaisingFundInfo","flag":1,"extends":["RaisingFundInfo-募集基金详情","{\"uid\":1166,\"fund_id\":1,\"SOURCE\":null}"]}
{"level":3,"type":"Contents.FundInfo.RaisingUserType","flag":1,"extends":["RaisingUserType-募集基金身份判断","{\"uid\":1166,\"fund_id\":1}"]}
{"level":3,"type":"Contents.FundInfo.RaisingFundInfo","flag":1,"extends":["RaisingFundInfo-募集基金详情","{\"uid\":1166,\"fund_id\":1,\"SOURCE\":null}"]}
{"level":3,"type":"Contents.FundInfo.RaisingUserType","flag":1,"extends":["RaisingUserType-募集基金身份判断","{\"uid\":1166,\"fund_id\":1}"]}
{"level":3,"type":"Contents.FundInfo.RaisingFundInfo","flag":1,"extends":["RaisingFundInfo-募集基金详情","{\"uid\":1166,\"fund_id\":1,\"SOURCE\":null}"]}
{"level":3,"type":"Contents.FundInfo.RaisingUserType","flag":1,"extends":["RaisingUserType-募集基金身份判断","{\"uid\":1166,\"fund_id\":1}"]}
{"level":3,"type":"Contents.FundInfo.RaisingFundInfo","flag":1,"extends":["RaisingFundInfo-募集基金详情","{\"uid\":1166,\"fund_id\":1,\"SOURCE\":null}"]}
{"level":3,"type":"Contents.FundInfo.RaisingUserType","flag":1,"extends":["RaisingUserType-募集基金身份判断","{\"uid\":1166,\"fund_id\":1}"]}
