{"level":3,"type":"Contents.FundInfo.RaisingFundInfo","flag":1,"extends":["RaisingFundInfo-募集基金详情",null]}
{"level":3,"type":"Contents.Funds.FundsList","flag":1,"extends":["FundsList-我的基金列表","{\"uid\":\"1251\",\"label\":1}"]}
{"level":3,"type":"Contents.FundInfo.RaisingFundInfo","flag":1,"extends":["RaisingFundInfo-募集基金详情","{\"uid\":1251,\"fund_id\":56,\"SOURCE\":null}"]}
{"level":3,"type":"Contents.FundInfo.RaisingUserType","flag":1,"extends":["RaisingUserType-募集基金身份判断","{\"uid\":1251,\"fund_id\":56}"]}
{"level":3,"type":"Contents.FundInfo.RaisingFundInfo","flag":1,"extends":["RaisingFundInfo-募集基金详情","{\"uid\":1251,\"fund_id\":56,\"SOURCE\":null}"]}
{"level":3,"type":"Contents.FundInfo.RaisingUserType","flag":1,"extends":["RaisingUserType-募集基金身份判断","{\"uid\":1251,\"fund_id\":56}"]}
{"level":3,"type":"Contents.FundInfo.RaisingFundInfo","flag":1,"extends":["RaisingFundInfo-募集基金详情","{\"uid\":1251,\"fund_id\":1,\"SOURCE\":null}"]}
{"level":3,"type":"Contents.FundInfo.RaisingUserType","flag":1,"extends":["RaisingUserType-募集基金身份判断","{\"uid\":1251,\"fund_id\":1}"]}
{"level":3,"type":"Contents.FundInfo.RaisingFundInfo","flag":1,"extends":["RaisingFundInfo-募集基金详情","{\"uid\":1251,\"fund_id\":56,\"SOURCE\":null}"]}
{"level":3,"type":"Contents.FundInfo.RaisingUserType","flag":1,"extends":["RaisingUserType-募集基金身份判断","{\"uid\":1251,\"fund_id\":56}"]}
{"level":3,"type":"Contents.FundInfo.RaisingFundInfo","flag":1,"extends":["RaisingFundInfo-募集基金详情","{\"uid\":1251,\"fund_id\":56,\"SOURCE\":null}"]}
{"level":3,"type":"Contents.FundInfo.RaisingUserType","flag":1,"extends":["RaisingUserType-募集基金身份判断","{\"uid\":1251,\"fund_id\":56}"]}
{"level":3,"type":"Contents.FundInfo.RaisingFundInfo","flag":1,"extends":["RaisingFundInfo-募集基金详情","{\"uid\":1251,\"fund_id\":1,\"SOURCE\":null}"]}
{"level":3,"type":"Contents.FundInfo.RaisingUserType","flag":1,"extends":["RaisingUserType-募集基金身份判断","{\"uid\":1251,\"fund_id\":1}"]}
{"level":3,"type":"Contents.FundInfo.RaisingFundInfo","flag":1,"extends":["RaisingFundInfo-募集基金详情","{\"uid\":1166,\"fund_id\":\"i\",\"SOURCE\":null}"]}
{"level":3,"type":"Contents.FundInfo.RaisingUserType","flag":1,"extends":["RaisingUserType-募集基金身份判断","{\"uid\":1166,\"fund_id\":\"i\"}"]}
{"level":3,"type":"Contents.FundInfo.RaisingFundInfo","flag":1,"extends":["RaisingFundInfo-募集基金详情","{\"uid\":1166,\"fund_id\":\"i\",\"SOURCE\":null}"]}
{"level":3,"type":"Contents.FundInfo.RaisingUserType","flag":1,"extends":["RaisingUserType-募集基金身份判断","{\"uid\":1166,\"fund_id\":\"i\"}"]}
{"level":3,"type":"Contents.FundInfo.RaisingFundInfo","flag":1,"extends":["RaisingFundInfo-募集基金详情","{\"uid\":1166,\"fund_id\":\"i\",\"SOURCE\":null}"]}
{"level":3,"type":"Contents.FundInfo.RaisingUserType","flag":1,"extends":["RaisingUserType-募集基金身份判断","{\"uid\":1166,\"fund_id\":\"i\"}"]}
{"level":3,"type":"Contents.FundInfo.RaisingFundInfo","flag":1,"extends":["RaisingFundInfo-募集基金详情","{\"uid\":1166,\"fund_id\":\"i\",\"SOURCE\":null}"]}
{"level":3,"type":"Contents.FundInfo.RaisingUserType","flag":1,"extends":["RaisingUserType-募集基金身份判断","{\"uid\":1166,\"fund_id\":\"i\"}"]}
{"level":3,"type":"Contents.FundInfo.RaisingFundInfo","flag":1,"extends":["RaisingFundInfo-募集基金详情","{\"uid\":1166,\"fund_id\":1,\"SOURCE\":null}"]}
{"level":3,"type":"Contents.FundInfo.RaisingUserType","flag":1,"extends":["RaisingUserType-募集基金身份判断","{\"uid\":1166,\"fund_id\":1}"]}
{"level":3,"type":"Contents.FundInfo.RaisingFundInfo","flag":1,"extends":["RaisingFundInfo-募集基金详情","{\"uid\":1166,\"fund_id\":1,\"SOURCE\":null}"]}
{"level":3,"type":"Contents.FundInfo.RaisingUserType","flag":1,"extends":["RaisingUserType-募集基金身份判断","{\"uid\":1166,\"fund_id\":1}"]}
{"level":3,"type":"Contents.FundInfo.RaisingFundInfo","flag":1,"extends":["RaisingFundInfo-募集基金详情","{\"uid\":1166,\"fund_id\":1,\"SOURCE\":null}"]}
{"level":3,"type":"Contents.FundInfo.RaisingUserType","flag":1,"extends":["RaisingUserType-募集基金身份判断","{\"uid\":1166,\"fund_id\":1}"]}
{"level":3,"type":"Contents.FundInfo.RaisingFundInfo","flag":1,"extends":["RaisingFundInfo-募集基金详情","{\"uid\":1166,\"fund_id\":1,\"SOURCE\":null}"]}
{"level":3,"type":"Contents.FundInfo.RaisingUserType","flag":1,"extends":["RaisingUserType-募集基金身份判断","{\"uid\":1166,\"fund_id\":1}"]}
{"level":3,"type":"Contents.FundInfo.RaisingFundInfo","flag":1,"extends":["RaisingFundInfo-募集基金详情","{\"uid\":1166,\"fund_id\":1,\"SOURCE\":null}"]}
{"level":3,"type":"Contents.FundInfo.RaisingUserType","flag":1,"extends":["RaisingUserType-募集基金身份判断","{\"uid\":1166,\"fund_id\":1}"]}
{"level":3,"type":"Contents.FundInfo.RaisingFundInfo","flag":1,"extends":["RaisingFundInfo-募集基金详情","{\"uid\":1166,\"fund_id\":1,\"SOURCE\":null}"]}
{"level":3,"type":"Contents.FundInfo.RaisingUserType","flag":1,"extends":["RaisingUserType-募集基金身份判断","{\"uid\":1166,\"fund_id\":1}"]}
{"level":3,"type":"Contents.FundInfo.RaisingFundInfo","flag":1,"extends":["RaisingFundInfo-募集基金详情","{\"uid\":1166,\"fund_id\":1,\"SOURCE\":null}"]}
{"level":3,"type":"Contents.FundInfo.RaisingUserType","flag":1,"extends":["RaisingUserType-募集基金身份判断","{\"uid\":1166,\"fund_id\":1}"]}
{"level":3,"type":"Contents.FundInfo.RaisingFundInfo","flag":1,"extends":["RaisingFundInfo-募集基金详情","{\"uid\":1166,\"fund_id\":1,\"SOURCE\":null}"]}
{"level":3,"type":"Contents.FundInfo.RaisingUserType","flag":1,"extends":["RaisingUserType-募集基金身份判断","{\"uid\":1166,\"fund_id\":1}"]}
{"level":3,"type":"Contents.FundInfo.RaisingFundInfo","flag":1,"extends":["RaisingFundInfo-募集基金详情","{\"uid\":1166,\"fund_id\":1,\"SOURCE\":null}"]}
{"level":3,"type":"Contents.FundInfo.RaisingUserType","flag":1,"extends":["RaisingUserType-募集基金身份判断","{\"uid\":1166,\"fund_id\":1}"]}
{"level":3,"type":"Contents.FundInfo.RaisingFundInfo","flag":1,"extends":["RaisingFundInfo-募集基金详情","{\"uid\":1166,\"fund_id\":1,\"SOURCE\":null}"]}
{"level":3,"type":"Contents.FundInfo.RaisingUserType","flag":1,"extends":["RaisingUserType-募集基金身份判断","{\"uid\":1166,\"fund_id\":1}"]}
{"level":3,"type":"Contents.FundInfo.RaisingFundInfo","flag":1,"extends":["RaisingFundInfo-募集基金详情","{\"uid\":1166,\"fund_id\":1,\"SOURCE\":null}"]}
{"level":3,"type":"Contents.FundInfo.RaisingUserType","flag":1,"extends":["RaisingUserType-募集基金身份判断","{\"uid\":1166,\"fund_id\":1}"]}
{"level":3,"type":"Contents.FundInfo.RaisingFundInfo","flag":1,"extends":["RaisingFundInfo-募集基金详情","{\"uid\":1166,\"fund_id\":1,\"SOURCE\":null}"]}
{"level":3,"type":"Contents.FundInfo.RaisingUserType","flag":1,"extends":["RaisingUserType-募集基金身份判断","{\"uid\":1166,\"fund_id\":1}"]}
{"level":3,"type":"Contents.FundInfo.RaisingFundInfo","flag":1,"extends":["RaisingFundInfo-募集基金详情","{\"uid\":1166,\"fund_id\":1,\"SOURCE\":null}"]}
{"level":3,"type":"Contents.FundInfo.RaisingUserType","flag":1,"extends":["RaisingUserType-募集基金身份判断","{\"uid\":1166,\"fund_id\":1}"]}
{"level":3,"type":"Contents.FundInfo.RaisingFundInfo","flag":1,"extends":["RaisingFundInfo-募集基金详情","{\"uid\":1166,\"fund_id\":1,\"SOURCE\":null}"]}
{"level":3,"type":"Contents.FundInfo.RaisingUserType","flag":1,"extends":["RaisingUserType-募集基金身份判断","{\"uid\":1166,\"fund_id\":1}"]}
{"level":3,"type":"Contents.FundInfo.RaisingFundInfo","flag":1,"extends":["RaisingFundInfo-募集基金详情","{\"uid\":1166,\"fund_id\":1,\"SOURCE\":null}"]}
{"level":3,"type":"Contents.FundInfo.RaisingUserType","flag":1,"extends":["RaisingUserType-募集基金身份判断","{\"uid\":1166,\"fund_id\":1}"]}
{"level":3,"type":"Contents.FundInfo.RaisingFundInfo","flag":1,"extends":["RaisingFundInfo-募集基金详情","{\"uid\":1166,\"fund_id\":1,\"SOURCE\":null}"]}
{"level":3,"type":"Contents.FundInfo.RaisingUserType","flag":1,"extends":["RaisingUserType-募集基金身份判断","{\"uid\":1166,\"fund_id\":1}"]}
{"level":3,"type":"Contents.FundInfo.RaisingFundInfo","flag":1,"extends":["RaisingFundInfo-募集基金详情","{\"uid\":1166,\"fund_id\":1,\"SOURCE\":null}"]}
{"level":3,"type":"Contents.FundInfo.RaisingUserType","flag":1,"extends":["RaisingUserType-募集基金身份判断","{\"uid\":1166,\"fund_id\":1}"]}
{"level":3,"type":"Contents.FundInfo.RaisingFundInfo","flag":1,"extends":["RaisingFundInfo-募集基金详情","{\"uid\":1166,\"fund_id\":1,\"SOURCE\":null}"]}
{"level":3,"type":"Contents.FundInfo.RaisingUserType","flag":1,"extends":["RaisingUserType-募集基金身份判断","{\"uid\":1166,\"fund_id\":1}"]}
{"level":3,"type":"Contents.FundInfo.RaisingFundInfo","flag":1,"extends":["RaisingFundInfo-募集基金详情","{\"uid\":1166,\"fund_id\":1,\"SOURCE\":null}"]}
{"level":3,"type":"Contents.FundInfo.RaisingUserType","flag":1,"extends":["RaisingUserType-募集基金身份判断","{\"uid\":1166,\"fund_id\":1}"]}
{"level":3,"type":"Contents.FundInfo.RaisingFundInfo","flag":1,"extends":["RaisingFundInfo-募集基金详情","{\"uid\":1166,\"fund_id\":1,\"SOURCE\":null}"]}
{"level":3,"type":"Contents.FundInfo.RaisingUserType","flag":1,"extends":["RaisingUserType-募集基金身份判断","{\"uid\":1166,\"fund_id\":1}"]}
{"level":3,"type":"Contents.FundInfo.RaisingFundInfo","flag":1,"extends":["RaisingFundInfo-募集基金详情","{\"uid\":1166,\"fund_id\":1,\"SOURCE\":null}"]}
{"level":3,"type":"Contents.FundInfo.RaisingUserType","flag":1,"extends":["RaisingUserType-募集基金身份判断","{\"uid\":1166,\"fund_id\":1}"]}
{"level":3,"type":"Contents.FundInfo.RaisingFundInfo","flag":1,"extends":["RaisingFundInfo-募集基金详情","{\"uid\":1166,\"fund_id\":1,\"SOURCE\":null}"]}
{"level":3,"type":"Contents.FundInfo.RaisingUserType","flag":1,"extends":["RaisingUserType-募集基金身份判断","{\"uid\":1166,\"fund_id\":1}"]}
{"level":3,"type":"Contents.FundInfo.RaisingFundInfo","flag":1,"extends":["RaisingFundInfo-募集基金详情","{\"uid\":1166,\"fund_id\":1,\"SOURCE\":null}"]}
{"level":3,"type":"Contents.FundInfo.RaisingUserType","flag":1,"extends":["RaisingUserType-募集基金身份判断","{\"uid\":1166,\"fund_id\":1}"]}
{"level":3,"type":"Contents.FundInfo.RaisingFundInfo","flag":1,"extends":["RaisingFundInfo-募集基金详情","{\"uid\":1166,\"fund_id\":1,\"SOURCE\":null}"]}
{"level":3,"type":"Contents.FundInfo.RaisingUserType","flag":1,"extends":["RaisingUserType-募集基金身份判断","{\"uid\":1166,\"fund_id\":1}"]}
{"level":3,"type":"Contents.FundInfo.RaisingFundInfo","flag":1,"extends":["RaisingFundInfo-募集基金详情","{\"uid\":1166,\"fund_id\":1,\"SOURCE\":null}"]}
{"level":3,"type":"Contents.FundInfo.RaisingUserType","flag":1,"extends":["RaisingUserType-募集基金身份判断","{\"uid\":1166,\"fund_id\":1}"]}
{"level":3,"type":"Contents.FundInfo.RaisingFundInfo","flag":1,"extends":["RaisingFundInfo-募集基金详情","{\"uid\":1166,\"fund_id\":1,\"SOURCE\":null}"]}
{"level":3,"type":"Contents.FundInfo.RaisingUserType","flag":1,"extends":["RaisingUserType-募集基金身份判断","{\"uid\":1166,\"fund_id\":1}"]}
{"level":3,"type":"Contents.FundInfo.RaisingFundInfo","flag":1,"extends":["RaisingFundInfo-募集基金详情","{\"uid\":1166,\"fund_id\":1,\"SOURCE\":null}"]}
{"level":3,"type":"Contents.FundInfo.RaisingUserType","flag":1,"extends":["RaisingUserType-募集基金身份判断","{\"uid\":1166,\"fund_id\":1}"]}
{"level":3,"type":"Contents.FundInfo.RaisingFundInfo","flag":1,"extends":["RaisingFundInfo-募集基金详情","{\"uid\":1166,\"fund_id\":1,\"SOURCE\":null}"]}
{"level":3,"type":"Contents.FundInfo.RaisingUserType","flag":1,"extends":["RaisingUserType-募集基金身份判断","{\"uid\":1166,\"fund_id\":1}"]}
{"level":3,"type":"Contents.FundInfo.RaisingFundInfo","flag":1,"extends":["RaisingFundInfo-募集基金详情","{\"uid\":1166,\"fund_id\":1,\"SOURCE\":null}"]}
{"level":3,"type":"Contents.FundInfo.RaisingUserType","flag":1,"extends":["RaisingUserType-募集基金身份判断","{\"uid\":1166,\"fund_id\":1}"]}
{"level":3,"type":"Contents.FundInfo.RaisingFundInfo","flag":1,"extends":["RaisingFundInfo-募集基金详情","{\"uid\":1166,\"fund_id\":1,\"SOURCE\":null}"]}
{"level":3,"type":"Contents.FundInfo.RaisingUserType","flag":1,"extends":["RaisingUserType-募集基金身份判断","{\"uid\":1166,\"fund_id\":1}"]}
{"level":3,"type":"Contents.FundInfo.RaisingFundInfo","flag":1,"extends":["RaisingFundInfo-募集基金详情","{\"uid\":1166,\"fund_id\":1,\"SOURCE\":null}"]}
{"level":3,"type":"Contents.FundInfo.RaisingUserType","flag":1,"extends":["RaisingUserType-募集基金身份判断","{\"uid\":1166,\"fund_id\":1}"]}
{"level":3,"type":"Contents.FundInfo.RaisingFundInfo","flag":1,"extends":["RaisingFundInfo-募集基金详情","{\"uid\":1166,\"fund_id\":1,\"SOURCE\":null}"]}
{"level":3,"type":"Contents.FundInfo.RaisingUserType","flag":1,"extends":["RaisingUserType-募集基金身份判断","{\"uid\":1166,\"fund_id\":1}"]}
{"level":3,"type":"Contents.FundInfo.RaisingFundInfo","flag":1,"extends":["RaisingFundInfo-募集基金详情","{\"uid\":1166,\"fund_id\":1,\"SOURCE\":null}"]}
{"level":3,"type":"Contents.FundInfo.RaisingUserType","flag":1,"extends":["RaisingUserType-募集基金身份判断","{\"uid\":1166,\"fund_id\":1}"]}
{"level":3,"type":"Contents.FundInfo.RaisingFundInfo","flag":1,"extends":["RaisingFundInfo-募集基金详情","{\"uid\":1166,\"fund_id\":1,\"SOURCE\":null}"]}
{"level":3,"type":"Contents.FundInfo.RaisingUserType","flag":1,"extends":["RaisingUserType-募集基金身份判断","{\"uid\":1166,\"fund_id\":1}"]}
{"level":3,"type":"Contents.FundInfo.RaisingFundInfo","flag":1,"extends":["RaisingFundInfo-募集基金详情","{\"uid\":1166,\"fund_id\":1,\"SOURCE\":null}"]}
{"level":3,"type":"Contents.FundInfo.RaisingUserType","flag":1,"extends":["RaisingUserType-募集基金身份判断","{\"uid\":1166,\"fund_id\":1}"]}
{"level":3,"type":"Contents.FundInfo.RaisingFundInfo","flag":1,"extends":["RaisingFundInfo-募集基金详情","{\"uid\":1166,\"fund_id\":1,\"SOURCE\":null}"]}
{"level":3,"type":"Contents.FundInfo.RaisingUserType","flag":1,"extends":["RaisingUserType-募集基金身份判断","{\"uid\":1166,\"fund_id\":1}"]}
{"level":3,"type":"Contents.FundInfo.RaisingFundInfo","flag":1,"extends":["RaisingFundInfo-募集基金详情","{\"uid\":1166,\"fund_id\":1,\"SOURCE\":null}"]}
{"level":3,"type":"Contents.FundInfo.RaisingUserType","flag":1,"extends":["RaisingUserType-募集基金身份判断","{\"uid\":1166,\"fund_id\":1}"]}
{"level":3,"type":"Contents.FundInfo.RaisingFundInfo","flag":1,"extends":["RaisingFundInfo-募集基金详情","{\"uid\":1166,\"fund_id\":1,\"SOURCE\":null}"]}
{"level":3,"type":"Contents.FundInfo.RaisingUserType","flag":1,"extends":["RaisingUserType-募集基金身份判断","{\"uid\":1166,\"fund_id\":1}"]}
{"level":3,"type":"Contents.FundInfo.RaisingFundInfo","flag":1,"extends":["RaisingFundInfo-募集基金详情","{\"uid\":1166,\"fund_id\":1,\"SOURCE\":null}"]}
{"level":3,"type":"Contents.FundInfo.RaisingUserType","flag":1,"extends":["RaisingUserType-募集基金身份判断","{\"uid\":1166,\"fund_id\":1}"]}
{"level":3,"type":"Contents.FundInfo.RaisingFundInfo","flag":1,"extends":["RaisingFundInfo-募集基金详情","{\"uid\":1166,\"fund_id\":1,\"SOURCE\":null}"]}
{"level":3,"type":"Contents.FundInfo.RaisingUserType","flag":1,"extends":["RaisingUserType-募集基金身份判断","{\"uid\":1166,\"fund_id\":1}"]}
{"level":3,"type":"Contents.FundInfo.RaisingFundInfo","flag":1,"extends":["RaisingFundInfo-募集基金详情","{\"uid\":1166,\"fund_id\":1,\"SOURCE\":null}"]}
{"level":3,"type":"Contents.FundInfo.RaisingUserType","flag":1,"extends":["RaisingUserType-募集基金身份判断","{\"uid\":1166,\"fund_id\":1}"]}
{"level":3,"type":"Contents.FundInfo.RaisingFundInfo","flag":1,"extends":["RaisingFundInfo-募集基金详情","{\"uid\":1166,\"fund_id\":1,\"SOURCE\":null}"]}
{"level":3,"type":"Contents.FundInfo.RaisingUserType","flag":1,"extends":["RaisingUserType-募集基金身份判断","{\"uid\":1166,\"fund_id\":1}"]}
{"level":3,"type":"Contents.FundInfo.RaisingFundInfo","flag":1,"extends":["RaisingFundInfo-募集基金详情","{\"uid\":1166,\"fund_id\":1,\"SOURCE\":null}"]}
{"level":3,"type":"Contents.FundInfo.RaisingUserType","flag":1,"extends":["RaisingUserType-募集基金身份判断","{\"uid\":1166,\"fund_id\":1}"]}
{"level":3,"type":"Contents.FundInfo.RaisingFundInfo","flag":1,"extends":["RaisingFundInfo-募集基金详情","{\"uid\":1166,\"fund_id\":1,\"SOURCE\":null}"]}
{"level":3,"type":"Contents.FundInfo.RaisingUserType","flag":1,"extends":["RaisingUserType-募集基金身份判断","{\"uid\":1166,\"fund_id\":1}"]}
{"level":3,"type":"Contents.FundInfo.RaisingFundInfo","flag":1,"extends":["RaisingFundInfo-募集基金详情","{\"uid\":1166,\"fund_id\":1,\"SOURCE\":null}"]}
{"level":3,"type":"Contents.FundInfo.RaisingUserType","flag":1,"extends":["RaisingUserType-募集基金身份判断","{\"uid\":1166,\"fund_id\":1}"]}
{"level":3,"type":"Contents.FundInfo.RaisingFundInfo","flag":1,"extends":["RaisingFundInfo-募集基金详情","{\"uid\":1166,\"fund_id\":1,\"SOURCE\":null}"]}
{"level":3,"type":"Contents.FundInfo.RaisingUserType","flag":1,"extends":["RaisingUserType-募集基金身份判断","{\"uid\":1166,\"fund_id\":1}"]}
{"level":3,"type":"Contents.FundInfo.RaisingFundInfo","flag":1,"extends":["RaisingFundInfo-募集基金详情","{\"uid\":1166,\"fund_id\":1,\"SOURCE\":null}"]}
{"level":3,"type":"Contents.FundInfo.RaisingUserType","flag":1,"extends":["RaisingUserType-募集基金身份判断","{\"uid\":1166,\"fund_id\":1}"]}
{"level":3,"type":"Contents.FundInfo.RaisingFundInfo","flag":1,"extends":["RaisingFundInfo-募集基金详情","{\"uid\":1166,\"fund_id\":1,\"SOURCE\":null}"]}
{"level":3,"type":"Contents.FundInfo.RaisingUserType","flag":1,"extends":["RaisingUserType-募集基金身份判断","{\"uid\":1166,\"fund_id\":1}"]}
{"level":3,"type":"Contents.FundInfo.RaisingFundInfo","flag":1,"extends":["RaisingFundInfo-募集基金详情","{\"uid\":1166,\"fund_id\":1,\"SOURCE\":null}"]}
{"level":3,"type":"Contents.FundInfo.RaisingUserType","flag":1,"extends":["RaisingUserType-募集基金身份判断","{\"uid\":1166,\"fund_id\":1}"]}
{"level":3,"type":"Contents.FundInfo.RaisingFundInfo","flag":1,"extends":["RaisingFundInfo-募集基金详情","{\"uid\":1166,\"fund_id\":1,\"SOURCE\":null}"]}
{"level":3,"type":"Contents.FundInfo.RaisingUserType","flag":1,"extends":["RaisingUserType-募集基金身份判断","{\"uid\":1166,\"fund_id\":1}"]}
{"level":3,"type":"Contents.FundInfo.RaisingFundInfo","flag":1,"extends":["RaisingFundInfo-募集基金详情","{\"uid\":1166,\"fund_id\":1,\"SOURCE\":null}"]}
{"level":3,"type":"Contents.FundInfo.RaisingUserType","flag":1,"extends":["RaisingUserType-募集基金身份判断","{\"uid\":1166,\"fund_id\":1}"]}
{"level":3,"type":"Contents.FundInfo.RaisingFundInfo","flag":1,"extends":["RaisingFundInfo-募集基金详情","{\"uid\":1166,\"fund_id\":1,\"SOURCE\":null}"]}
{"level":3,"type":"Contents.FundInfo.RaisingUserType","flag":1,"extends":["RaisingUserType-募集基金身份判断","{\"uid\":1166,\"fund_id\":1}"]}
{"level":3,"type":"Contents.FundInfo.RaisingFundInfo","flag":1,"extends":["RaisingFundInfo-募集基金详情","{\"uid\":1166,\"fund_id\":1,\"SOURCE\":null}"]}
{"level":3,"type":"Contents.FundInfo.RaisingUserType","flag":1,"extends":["RaisingUserType-募集基金身份判断","{\"uid\":1166,\"fund_id\":1}"]}
{"level":3,"type":"Contents.FundInfo.RaisingFundInfo","flag":1,"extends":["RaisingFundInfo-募集基金详情","{\"uid\":1166,\"fund_id\":1,\"SOURCE\":null}"]}
{"level":3,"type":"Contents.FundInfo.RaisingUserType","flag":1,"extends":["RaisingUserType-募集基金身份判断","{\"uid\":1166,\"fund_id\":1}"]}
{"level":3,"type":"Contents.FundInfo.RaisingFundInfo","flag":1,"extends":["RaisingFundInfo-募集基金详情","{\"uid\":1166,\"fund_id\":1,\"SOURCE\":null}"]}
{"level":3,"type":"Contents.FundInfo.RaisingUserType","flag":1,"extends":["RaisingUserType-募集基金身份判断","{\"uid\":1166,\"fund_id\":1}"]}
{"level":3,"type":"Contents.FundInfo.RaisingFundInfo","flag":1,"extends":["RaisingFundInfo-募集基金详情","{\"uid\":1166,\"fund_id\":1,\"SOURCE\":null}"]}
{"level":3,"type":"Contents.FundInfo.RaisingUserType","flag":1,"extends":["RaisingUserType-募集基金身份判断","{\"uid\":1166,\"fund_id\":1}"]}
{"level":3,"type":"Contents.FundInfo.RaisingFundInfo","flag":1,"extends":["RaisingFundInfo-募集基金详情","{\"uid\":1166,\"fund_id\":1,\"SOURCE\":null}"]}
{"level":3,"type":"Contents.FundInfo.RaisingUserType","flag":1,"extends":["RaisingUserType-募集基金身份判断","{\"uid\":1166,\"fund_id\":1}"]}
{"level":3,"type":"Contents.FundInfo.RaisingFundInfo","flag":1,"extends":["RaisingFundInfo-募集基金详情","{\"uid\":1166,\"fund_id\":1,\"SOURCE\":null}"]}
{"level":3,"type":"Contents.FundInfo.RaisingUserType","flag":1,"extends":["RaisingUserType-募集基金身份判断","{\"uid\":1166,\"fund_id\":1}"]}
{"level":3,"type":"Contents.FundInfo.RaisingFundInfo","flag":1,"extends":["RaisingFundInfo-募集基金详情","{\"uid\":1166,\"fund_id\":1,\"SOURCE\":null}"]}
{"level":3,"type":"Contents.FundInfo.RaisingUserType","flag":1,"extends":["RaisingUserType-募集基金身份判断","{\"uid\":1166,\"fund_id\":1}"]}
{"level":3,"type":"Contents.FundInfo.RaisingFundInfo","flag":1,"extends":["RaisingFundInfo-募集基金详情","{\"uid\":1166,\"fund_id\":1,\"SOURCE\":null}"]}
{"level":3,"type":"Contents.FundInfo.RaisingUserType","flag":1,"extends":["RaisingUserType-募集基金身份判断","{\"uid\":1166,\"fund_id\":1}"]}
{"level":3,"type":"Contents.FundInfo.RaisingFundInfo","flag":1,"extends":["RaisingFundInfo-募集基金详情","{\"uid\":1166,\"fund_id\":1,\"SOURCE\":null}"]}
{"level":3,"type":"Contents.FundInfo.RaisingUserType","flag":1,"extends":["RaisingUserType-募集基金身份判断","{\"uid\":1166,\"fund_id\":1}"]}
{"level":3,"type":"Contents.Profit.ProfitList","flag":1,"extends":["ProfitList-我的收益首页","{\"uid\":1251}"]}
{"level":3,"type":"Contents.Funds.FundsList","flag":1,"extends":["FundsList-我的基金列表","{\"uid\":\"1251\",\"label\":1}"]}
{"level":3,"type":"Contents.FundInfo.RaisingFundInfo","flag":1,"extends":["RaisingFundInfo-募集基金详情","{\"uid\":1166,\"fund_id\":1,\"SOURCE\":null}"]}
{"level":3,"type":"Contents.FundInfo.RaisingUserType","flag":1,"extends":["RaisingUserType-募集基金身份判断","{\"uid\":1166,\"fund_id\":1}"]}
{"level":3,"type":"Contents.FundInfo.RaisingFundInfo","flag":1,"extends":["RaisingFundInfo-募集基金详情","{\"uid\":1166,\"fund_id\":1,\"SOURCE\":null}"]}
{"level":3,"type":"Contents.FundInfo.RaisingUserType","flag":1,"extends":["RaisingUserType-募集基金身份判断","{\"uid\":1166,\"fund_id\":1}"]}
{"level":3,"type":"Contents.FundInfo.RaisingFundInfo","flag":1,"extends":["RaisingFundInfo-募集基金详情","{\"uid\":1166,\"fund_id\":1,\"SOURCE\":null}"]}
{"level":3,"type":"Contents.FundInfo.RaisingUserType","flag":1,"extends":["RaisingUserType-募集基金身份判断","{\"uid\":1166,\"fund_id\":1}"]}
{"level":3,"type":"Contents.FundInfo.RaisingFundInfo","flag":1,"extends":["RaisingFundInfo-募集基金详情","{\"uid\":1166,\"fund_id\":1,\"SOURCE\":null}"]}
{"level":3,"type":"Contents.FundInfo.RaisingUserType","flag":1,"extends":["RaisingUserType-募集基金身份判断","{\"uid\":1166,\"fund_id\":1}"]}
{"level":3,"type":"Contents.FundInfo.RaisingFundInfo","flag":1,"extends":["RaisingFundInfo-募集基金详情","{\"uid\":1166,\"fund_id\":1,\"SOURCE\":null}"]}
{"level":3,"type":"Contents.FundInfo.RaisingUserType","flag":1,"extends":["RaisingUserType-募集基金身份判断","{\"uid\":1166,\"fund_id\":1}"]}
