{"level":3,"type":"Contents.FundInfo.RaisingFundInfo","flag":1,"extends":["RaisingFundInfo-募集基金详情","{\"uid\":1686,\"fund_id\":1}"]}
{"level":3,"type":"Contents.FundInfo.RaisingFundInfo","flag":1,"extends":["RaisingFundInfo-募集基金详情","{\"uid\":1686,\"fund_id\":1}"]}
{"level":3,"type":"Contents.FundInfo.RaisingFundInfo","flag":1,"extends":["RaisingFundInfo-募集基金详情","{\"uid\":1166,\"fund_id\":1}"]}
{"level":3,"type":"Contents.FundInfo.RaisingFundInfo","flag":1,"extends":["RaisingFundInfo-募集基金详情","{\"uid\":1166,\"fund_id\":1}"]}
{"level":3,"type":"Contents.FundInfo.RaisingFundInfo","flag":1,"extends":["RaisingFundInfo-募集基金详情","{\"uid\":1166,\"fund_id\":1}"]}
{"level":3,"type":"Contents.FundInfo.RaisingFundInfo","flag":1,"extends":["RaisingFundInfo-募集基金详情","{\"uid\":1684,\"fund_id\":1}"]}
{"level":3,"type":"Contents.FundInfo.RaisingFundInfo","flag":1,"extends":["RaisingFundInfo-募集基金详情","{\"uid\":1684,\"fund_id\":1}"]}
{"level":3,"type":"Contents.FundInfo.RaisingFundInfo","flag":1,"extends":["RaisingFundInfo-募集基金详情","{\"uid\":1686,\"fund_id\":1}"]}
{"level":3,"type":"Contents.FundInfo.RaisingFundInfo","flag":1,"extends":["RaisingFundInfo-募集基金详情","{\"uid\":1692,\"fund_id\":1}"]}
{"level":3,"type":"Contents.FundInfo.RaisingFundInfo","flag":1,"extends":["RaisingFundInfo-募集基金详情","{\"uid\":1692,\"fund_id\":1}"]}
{"level":3,"type":"Contents.FundInfo.RaisingFundInfo","flag":1,"extends":["RaisingFundInfo-募集基金详情","{\"uid\":1692,\"fund_id\":1}"]}
{"level":3,"type":"Contents.FundInfo.RaisingFundInfo","flag":1,"extends":["RaisingFundInfo-募集基金详情","{\"uid\":1692,\"fund_id\":1}"]}
{"level":3,"type":"Contents.FundInfo.RaisingFundInfo","flag":1,"extends":["RaisingFundInfo-募集基金详情","{\"uid\":1692,\"fund_id\":1}"]}
{"level":3,"type":"Contents.FundInfo.RaisingFundInfo","flag":1,"extends":["RaisingFundInfo-募集基金详情","{\"uid\":1692,\"fund_id\":1}"]}
{"level":3,"type":"Contents.FundInfo.RaisingFundInfo","flag":1,"extends":["RaisingFundInfo-募集基金详情","{\"uid\":1692,\"fund_id\":1}"]}
{"level":3,"type":"Contents.FundInfo.RaisingFundInfo","flag":1,"extends":["RaisingFundInfo-募集基金详情","{\"uid\":1692,\"fund_id\":1}"]}
{"level":3,"type":"Contents.FundInfo.RaisingFundInfo","flag":1,"extends":["RaisingFundInfo-募集基金详情","{\"uid\":1692,\"fund_id\":1}"]}
{"level":3,"type":"Contents.FundInfo.RaisingFundInfo","flag":1,"extends":["RaisingFundInfo-募集基金详情","{\"uid\":1692,\"fund_id\":1}"]}
{"level":3,"type":"Contents.FundInfo.RaisingFundInfo","flag":1,"extends":["RaisingFundInfo-募集基金详情","{\"uid\":1692,\"fund_id\":1}"]}
{"level":3,"type":"Contents.FundInfo.RaisingFundInfo","flag":1,"extends":["RaisingFundInfo-募集基金详情","{\"uid\":1692,\"fund_id\":1}"]}
{"level":3,"type":"Contents.FundInfo.RaisingFundInfo","flag":1,"extends":["RaisingFundInfo-募集基金详情","{\"uid\":1692,\"fund_id\":1}"]}
{"level":3,"type":"Contents.FundInfo.RaisingFundInfo","flag":1,"extends":["RaisingFundInfo-募集基金详情","{\"uid\":1692,\"fund_id\":1}"]}
{"level":3,"type":"Contents.FundInfo.RaisingFundInfo","flag":1,"extends":["RaisingFundInfo-募集基金详情","{\"uid\":1692,\"fund_id\":1}"]}
{"level":3,"type":"Contents.FundInfo.RaisingFundInfo","flag":1,"extends":["RaisingFundInfo-募集基金详情","{\"uid\":1692,\"fund_id\":1}"]}
{"level":3,"type":"Contents.FundInfo.RaisingFundInfo","flag":1,"extends":["RaisingFundInfo-募集基金详情","{\"uid\":1692,\"fund_id\":1}"]}
{"level":3,"type":"Contents.FundInfo.RaisingFundInfo","flag":1,"extends":["RaisingFundInfo-募集基金详情","{\"uid\":1692,\"fund_id\":1}"]}
{"level":3,"type":"Contents.FundInfo.RaisingFundInfo","flag":1,"extends":["RaisingFundInfo-募集基金详情","{\"uid\":1692,\"fund_id\":1}"]}
{"level":3,"type":"Contents.FundInfo.RaisingFundInfo","flag":1,"extends":["RaisingFundInfo-募集基金详情","{\"uid\":1692,\"fund_id\":1}"]}
{"level":3,"type":"Contents.FundInfo.RaisingFundInfo","flag":1,"extends":["RaisingFundInfo-募集基金详情","{\"uid\":1692,\"fund_id\":1}"]}
{"level":3,"type":"Contents.FundInfo.RaisingFundInfo","flag":1,"extends":["RaisingFundInfo-募集基金详情","{\"uid\":1692,\"fund_id\":1}"]}
{"level":3,"type":"Contents.FundInfo.RaisingFundInfo","flag":1,"extends":["RaisingFundInfo-募集基金详情","{\"uid\":1692,\"fund_id\":1}"]}
{"level":3,"type":"Contents.FundInfo.RaisingFundInfo","flag":1,"extends":["RaisingFundInfo-募集基金详情","{\"uid\":1692,\"fund_id\":1}"]}
{"level":3,"type":"Contents.FundInfo.RaisingFundInfo","flag":1,"extends":["RaisingFundInfo-募集基金详情","{\"uid\":1692,\"fund_id\":1}"]}
{"level":3,"type":"Contents.FundInfo.RaisingFundInfo","flag":1,"extends":["RaisingFundInfo-募集基金详情","{\"uid\":1692,\"fund_id\":1}"]}
{"level":3,"type":"Contents.FundInfo.RaisingFundInfo","flag":1,"extends":["RaisingFundInfo-募集基金详情","{\"uid\":1692,\"fund_id\":1}"]}
{"level":3,"type":"Contents.FundInfo.RaisingFundInfo","flag":1,"extends":["RaisingFundInfo-募集基金详情","{\"uid\":1692,\"fund_id\":1}"]}
{"level":3,"type":"Contents.FundInfo.RaisingFundInfo","flag":1,"extends":["RaisingFundInfo-募集基金详情","{\"uid\":1692,\"fund_id\":1}"]}
{"level":3,"type":"Contents.FundInfo.RaisingFundInfo","flag":1,"extends":["RaisingFundInfo-募集基金详情","{\"uid\":1692,\"fund_id\":1}"]}
{"level":3,"type":"Contents.FundInfo.RaisingFundInfo","flag":1,"extends":["RaisingFundInfo-募集基金详情","{\"uid\":1692,\"fund_id\":1}"]}
{"level":3,"type":"Contents.FundInfo.RaisingFundInfo","flag":1,"extends":["RaisingFundInfo-募集基金详情","{\"uid\":\"1692\",\"fund_id\":\"1\"}"]}
{"level":3,"type":"Contents.FundInfo.RaisingFundInfo","flag":1,"extends":["RaisingFundInfo-募集基金详情","{\"uid\":\"1692\",\"fund_id\":\"1\"}"]}
{"level":3,"type":"Contents.FundInfo.RaisingFundInfo","flag":1,"extends":["RaisingFundInfo-募集基金详情",null]}
{"level":3,"type":"Contents.FundInfo.RaisingFundInfo","flag":1,"extends":["RaisingFundInfo-募集基金详情",null]}
{"level":3,"type":"Contents.FundInfo.RaisingFundInfo","flag":1,"extends":["RaisingFundInfo-募集基金详情",null]}
{"level":3,"type":"Contents.FundInfo.RaisingFundInfo","flag":1,"extends":["RaisingFundInfo-募集基金详情",null]}
{"level":3,"type":"Contents.FundInfo.RaisingFundInfo","flag":1,"extends":["RaisingFundInfo-募集基金详情",null]}
{"level":3,"type":"Contents.FundInfo.RaisingFundInfo","flag":1,"extends":["RaisingFundInfo-募集基金详情",null]}
{"level":3,"type":"Contents.FundInfo.RaisingFundInfo","flag":1,"extends":["RaisingFundInfo-募集基金详情",null]}
{"level":3,"type":"Contents.FundInfo.RaisingFundInfo","flag":1,"extends":["RaisingFundInfo-募集基金详情",null]}
{"level":3,"type":"Contents.FundInfo.RaisingFundInfo","flag":1,"extends":["RaisingFundInfo-募集基金详情",null]}
{"level":3,"type":"Contents.FundInfo.RaisingFundInfo","flag":1,"extends":["RaisingFundInfo-募集基金详情",null]}
{"level":3,"type":"Contents.FundInfo.RaisingFundInfo","flag":1,"extends":["RaisingFundInfo-募集基金详情","{\"uid\":\"1166\",\"fund_id\":\"1\"}"]}
{"level":3,"type":"Contents.FundInfo.RaisingFundInfo","flag":1,"extends":["RaisingFundInfo-募集基金详情","{\"uid\":\"1166\",\"fund_id\":\"1\"}"]}
{"level":3,"type":"Contents.FundInfo.RaisingFundInfo","flag":1,"extends":["RaisingFundInfo-募集基金详情","{\"uid\":\"1166\",\"fund_id\":\"1\"}"]}
{"level":3,"type":"Contents.FundInfo.RaisingFundInfo","flag":1,"extends":["RaisingFundInfo-募集基金详情","{\"uid\":\"1166\",\"fund_id\":\"1\"}"]}
{"level":3,"type":"Contents.FundInfo.RaisingFundInfo","flag":1,"extends":["RaisingFundInfo-募集基金详情","{\"uid\":\"1166\",\"fund_id\":\"1\"}"]}
{"level":3,"type":"Contents.FundInfo.RaisingFundInfo","flag":1,"extends":["RaisingFundInfo-募集基金详情","{\"uid\":\"1690\",\"fund_id\":\"1\"}"]}
{"level":3,"type":"Contents.FundInfo.RaisingFundInfo","flag":1,"extends":["RaisingFundInfo-募集基金详情","{\"uid\":\"1690\",\"fund_id\":\"1\"}"]}
{"level":3,"type":"Contents.FundInfo.RaisingFundInfo","flag":1,"extends":["RaisingFundInfo-募集基金详情","{\"uid\":\"1690\",\"fund_id\":\"1\"}"]}
{"level":3,"type":"Contents.FundInfo.RaisingFundInfo","flag":1,"extends":["RaisingFundInfo-募集基金详情","{\"uid\":\"1690\",\"fund_id\":\"1\"}"]}
{"level":3,"type":"Contents.FundInfo.RaisingFundInfo","flag":1,"extends":["RaisingFundInfo-募集基金详情","{\"uid\":\"1690\",\"fund_id\":\"1\"}"]}
{"level":3,"type":"Contents.FundInfo.RaisingFundInfo","flag":1,"extends":["RaisingFundInfo-募集基金详情","{\"uid\":\"1690\",\"fund_id\":\"1\"}"]}
{"level":3,"type":"Contents.FundInfo.RaisingFundInfo","flag":1,"extends":["RaisingFundInfo-募集基金详情","{\"uid\":\"1685\",\"fund_id\":\"1\"}"]}
{"level":3,"type":"Contents.FundInfo.RaisingFundInfo","flag":1,"extends":["RaisingFundInfo-募集基金详情","{\"uid\":\"1685\",\"fund_id\":\"1\"}"]}
{"level":3,"type":"Contents.FundInfo.RaisingFundInfo","flag":1,"extends":["RaisingFundInfo-募集基金详情","{\"uid\":\"1686\",\"fund_id\":\"1\"}"]}
{"level":3,"type":"Contents.FundInfo.RaisingFundInfo","flag":1,"extends":["RaisingFundInfo-募集基金详情","{\"uid\":\"1687\",\"fund_id\":\"1\"}"]}
{"level":3,"type":"Contents.FundInfo.RaisingFundInfo","flag":1,"extends":["RaisingFundInfo-募集基金详情","{\"uid\":\"1688\",\"fund_id\":\"1\"}"]}
{"level":3,"type":"Contents.FundInfo.RaisingFundInfo","flag":1,"extends":["RaisingFundInfo-募集基金详情","{\"uid\":\"1688\",\"fund_id\":\"1\"}"]}
{"level":3,"type":"Contents.FundInfo.RaisingFundInfo","flag":1,"extends":["RaisingFundInfo-募集基金详情","{\"uid\":\"1688\",\"fund_id\":\"1\"}"]}
{"level":3,"type":"Contents.FundInfo.RaisingFundInfo","flag":1,"extends":["RaisingFundInfo-募集基金详情","{\"uid\":\"1688\",\"fund_id\":\"1\"}"]}
{"level":3,"type":"Contents.FundInfo.RaisingFundInfo","flag":1,"extends":["RaisingFundInfo-募集基金详情","{\"uid\":\"1688\",\"fund_id\":\"1\"}"]}
{"level":3,"type":"Contents.FundInfo.RaisingFundInfo","flag":1,"extends":["RaisingFundInfo-募集基金详情","{\"uid\":\"1688\",\"fund_id\":\"1\"}"]}
{"level":3,"type":"Contents.FundInfo.RaisingFundInfo","flag":1,"extends":["RaisingFundInfo-募集基金详情","{\"uid\":\"1688\",\"fund_id\":\"1\"}"]}
{"level":3,"type":"Contents.FundInfo.RaisingFundInfo","flag":1,"extends":["RaisingFundInfo-募集基金详情","{\"uid\":\"1688\",\"fund_id\":\"1\"}"]}
{"level":3,"type":"Contents.FundInfo.RaisingFundInfo","flag":1,"extends":["RaisingFundInfo-募集基金详情","{\"uid\":\"1688\",\"fund_id\":\"1\"}"]}
{"level":3,"type":"Contents.FundInfo.RaisingFundInfo","flag":1,"extends":["RaisingFundInfo-募集基金详情","{\"uid\":\"1166\",\"fund_id\":\"1\"}"]}
{"level":3,"type":"Contents.FundInfo.RaisingFundInfo","flag":1,"extends":["RaisingFundInfo-募集基金详情","{\"uid\":\"1166\",\"fund_id\":\"1\"}"]}
{"level":3,"type":"Contents.FundInfo.RaisingFundInfo","flag":1,"extends":["RaisingFundInfo-募集基金详情","{\"uid\":\"1166\",\"fund_id\":\"1\"}"]}
{"level":3,"type":"Contents.FundInfo.RaisingFundInfo","flag":1,"extends":["RaisingFundInfo-募集基金详情","{\"uid\":\"1166\",\"fund_id\":\"1\"}"]}
{"level":3,"type":"Contents.FundInfo.RaisingFundInfo","flag":1,"extends":["RaisingFundInfo-募集基金详情","{\"uid\":\"1166\",\"fund_id\":\"1\"}"]}
{"level":3,"type":"Contents.FundInfo.RaisingFundInfo","flag":1,"extends":["RaisingFundInfo-募集基金详情","{\"uid\":\"1166\",\"fund_id\":\"1\"}"]}
{"level":3,"type":"Contents.FundInfo.RaisingFundInfo","flag":1,"extends":["RaisingFundInfo-募集基金详情","{\"uid\":\"1166\",\"fund_id\":\"1\"}"]}
{"level":3,"type":"Contents.FundInfo.RaisingFundInfo","flag":1,"extends":["RaisingFundInfo-募集基金详情","{\"uid\":\"1166\",\"fund_id\":\"1\"}"]}
{"level":3,"type":"Contents.FundInfo.RaisingFundInfo","flag":1,"extends":["RaisingFundInfo-募集基金详情","{\"uid\":\"1166\",\"fund_id\":\"1\"}"]}
{"level":3,"type":"Contents.FundInfo.RaisingFundInfo","flag":1,"extends":["RaisingFundInfo-募集基金详情","{\"uid\":\"1166\",\"fund_id\":\"1\"}"]}
{"level":3,"type":"Contents.FundInfo.RaisingFundInfo","flag":1,"extends":["RaisingFundInfo-募集基金详情","{\"uid\":\"1166\",\"fund_id\":\"1\"}"]}
{"level":3,"type":"Contents.FundInfo.RaisingFundInfo","flag":1,"extends":["RaisingFundInfo-募集基金详情","{\"uid\":\"1166\",\"fund_id\":\"1\"}"]}
{"level":3,"type":"Contents.FundInfo.RaisingFundInfo","flag":1,"extends":["RaisingFundInfo-募集基金详情","{\"uid\":\"1166\",\"fund_id\":\"1\"}"]}
{"level":3,"type":"Contents.FundInfo.RaisingFundInfo","flag":1,"extends":["RaisingFundInfo-募集基金详情","{\"uid\":\"1166\",\"fund_id\":\"1\"}"]}
{"level":3,"type":"Contents.FundInfo.RaisingFundInfo","flag":1,"extends":["RaisingFundInfo-募集基金详情","{\"uid\":\"1166\",\"fund_id\":\"1\"}"]}
{"level":3,"type":"Contents.FundInfo.RaisingFundInfo","flag":1,"extends":["RaisingFundInfo-募集基金详情","{\"uid\":\"1166\",\"fund_id\":\"1\"}"]}
{"level":3,"type":"Contents.FundInfo.RaisingFundInfo","flag":1,"extends":["RaisingFundInfo-募集基金详情","{\"uid\":\"1166\",\"fund_id\":\"1\"}"]}
{"level":3,"type":"Contents.FundInfo.RaisingFundInfo","flag":1,"extends":["RaisingFundInfo-募集基金详情","{\"uid\":\"1166\",\"fund_id\":\"1\"}"]}
{"level":3,"type":"Contents.FundInfo.RaisingFundInfo","flag":1,"extends":["RaisingFundInfo-募集基金详情","{\"uid\":\"1166\",\"fund_id\":\"1\"}"]}
{"level":3,"type":"Contents.FundInfo.RaisingFundInfo","flag":1,"extends":["RaisingFundInfo-募集基金详情","{\"uid\":\"1166\",\"fund_id\":\"1\"}"]}
{"level":3,"type":"Contents.FundInfo.RaisingFundInfo","flag":1,"extends":["RaisingFundInfo-募集基金详情","{\"uid\":\"1166\",\"fund_id\":\"1\"}"]}
{"level":3,"type":"Contents.FundInfo.RaisingFundInfo","flag":1,"extends":["RaisingFundInfo-募集基金详情","{\"uid\":\"1166\",\"fund_id\":\"1\"}"]}
{"level":3,"type":"Contents.FundInfo.RaisingFundInfo","flag":1,"extends":["RaisingFundInfo-募集基金详情","{\"uid\":\"1166\",\"fund_id\":\"1\"}"]}
{"level":3,"type":"Contents.FundInfo.RaisingFundInfo","flag":1,"extends":["RaisingFundInfo-募集基金详情","{\"uid\":\"1166\",\"fund_id\":\"1\"}"]}
{"level":3,"type":"Contents.FundInfo.RaisingFundInfo","flag":1,"extends":["RaisingFundInfo-募集基金详情","{\"uid\":\"1166\",\"fund_id\":\"1\"}"]}
{"level":3,"type":"Contents.FundInfo.RaisingFundInfo","flag":1,"extends":["RaisingFundInfo-募集基金详情","{\"uid\":\"1166\",\"fund_id\":\"1\"}"]}
{"level":3,"type":"Contents.FundInfo.RaisingFundInfo","flag":1,"extends":["RaisingFundInfo-募集基金详情","{\"uid\":\"1166\",\"fund_id\":\"1\"}"]}
{"level":3,"type":"Contents.FundInfo.RaisingFundInfo","flag":1,"extends":["RaisingFundInfo-募集基金详情","{\"uid\":\"1166\",\"fund_id\":\"1\"}"]}
{"level":3,"type":"Contents.FundInfo.RaisingFundInfo","flag":1,"extends":["RaisingFundInfo-募集基金详情","{\"uid\":\"1166\",\"fund_id\":\"1\"}"]}
{"level":3,"type":"Contents.FundInfo.RaisingFundInfo","flag":1,"extends":["RaisingFundInfo-募集基金详情","{\"uid\":\"1166\",\"fund_id\":\"1\"}"]}
{"level":3,"type":"Contents.FundInfo.RaisingFundInfo","flag":1,"extends":["RaisingFundInfo-募集基金详情","{\"uid\":\"1166\",\"fund_id\":\"1\"}"]}
{"level":3,"type":"Contents.FundInfo.RaisingFundInfo","flag":1,"extends":["RaisingFundInfo-募集基金详情","{\"uid\":\"1166\",\"fund_id\":\"1\"}"]}
{"level":3,"type":"Contents.FundInfo.RaisingFundInfo","flag":1,"extends":["RaisingFundInfo-募集基金详情","{\"uid\":\"1166\",\"fund_id\":\"1\"}"]}
{"level":3,"type":"Contents.FundInfo.RaisingFundInfo","flag":1,"extends":["RaisingFundInfo-募集基金详情","{\"uid\":\"1166\",\"fund_id\":\"1\"}"]}
{"level":3,"type":"Contents.FundInfo.RaisingFundInfo","flag":1,"extends":["RaisingFundInfo-募集基金详情","{\"uid\":\"1166\",\"fund_id\":\"1\"}"]}
{"level":3,"type":"Contents.FundInfo.RaisingFundInfo","flag":1,"extends":["RaisingFundInfo-募集基金详情","{\"uid\":\"1166\",\"fund_id\":\"1\"}"]}
{"level":3,"type":"Contents.FundInfo.RaisingFundInfo","flag":1,"extends":["RaisingFundInfo-募集基金详情","{\"uid\":\"1166\",\"fund_id\":\"1\"}"]}
{"level":3,"type":"Contents.FundInfo.RaisingFundInfo","flag":1,"extends":["RaisingFundInfo-募集基金详情","{\"uid\":\"1166\",\"fund_id\":\"1\"}"]}
{"level":3,"type":"Contents.FundInfo.RaisingFundInfo","flag":1,"extends":["RaisingFundInfo-募集基金详情","{\"uid\":\"1134\",\"fund_id\":\"1\"}"]}
{"level":3,"type":"Contents.FundInfo.RaisingFundInfo","flag":1,"extends":["RaisingFundInfo-募集基金详情","{\"uid\":\"1166\",\"fund_id\":\"1\"}"]}
{"level":3,"type":"Contents.FundInfo.RaisingFundInfo","flag":1,"extends":["RaisingFundInfo-募集基金详情","{\"uid\":\"1166\",\"fund_id\":\"1\"}"]}
{"level":3,"type":"Contents.FundInfo.RaisingFundInfo","flag":1,"extends":["RaisingFundInfo-募集基金详情","{\"uid\":\"1166\",\"fund_id\":\"1\"}"]}
{"level":3,"type":"Contents.FundInfo.RaisingFundInfo","flag":1,"extends":["RaisingFundInfo-募集基金详情","{\"uid\":\"1166\",\"fund_id\":\"1\"}"]}
{"level":3,"type":"Contents.FundInfo.RaisingFundInfo","flag":1,"extends":["RaisingFundInfo-募集基金详情","{\"uid\":\"1166\",\"fund_id\":\"1\"}"]}
{"level":3,"type":"Contents.FundInfo.RaisingFundInfo","flag":1,"extends":["RaisingFundInfo-募集基金详情","{\"uid\":\"1166\",\"fund_id\":\"1\"}"]}
{"level":3,"type":"Contents.FundInfo.RaisingFundInfo","flag":1,"extends":["RaisingFundInfo-募集基金详情","{\"uid\":\"1166\",\"fund_id\":\"1\"}"]}
{"level":3,"type":"Contents.FundInfo.RaisingFundInfo","flag":1,"extends":["RaisingFundInfo-募集基金详情","{\"uid\":\"1166\",\"fund_id\":\"1\"}"]}
{"level":3,"type":"Contents.FundInfo.RaisingFundInfo","flag":1,"extends":["RaisingFundInfo-募集基金详情","{\"uid\":\"1166\",\"fund_id\":\"1\"}"]}
{"level":3,"type":"Contents.FundInfo.RaisingFundInfo","flag":1,"extends":["RaisingFundInfo-募集基金详情","{\"uid\":\"1166\",\"fund_id\":\"1\"}"]}
{"level":3,"type":"Contents.FundInfo.RaisingFundInfo","flag":1,"extends":["RaisingFundInfo-募集基金详情","{\"uid\":\"1166\",\"fund_id\":\"1\"}"]}
{"level":3,"type":"Contents.FundInfo.RaisingFundInfo","flag":1,"extends":["RaisingFundInfo-募集基金详情","{\"uid\":\"1166\",\"fund_id\":\"1\"}"]}
{"level":3,"type":"Contents.FundInfo.RaisingFundInfo","flag":1,"extends":["RaisingFundInfo-募集基金详情","{\"uid\":\"1166\",\"fund_id\":\"1\"}"]}
{"level":3,"type":"Contents.FundInfo.RaisingFundInfo","flag":1,"extends":["RaisingFundInfo-募集基金详情","{\"uid\":\"1166\",\"fund_id\":\"1\"}"]}
{"level":3,"type":"Contents.FundInfo.RaisingFundInfo","flag":1,"extends":["RaisingFundInfo-募集基金详情","{\"uid\":\"1166\",\"fund_id\":\"1\"}"]}
{"level":3,"type":"Contents.FundInfo.RaisingFundInfo","flag":1,"extends":["RaisingFundInfo-募集基金详情","{\"uid\":\"1166\",\"fund_id\":\"1\"}"]}
{"level":3,"type":"Contents.FundInfo.RaisingFundInfo","flag":1,"extends":["RaisingFundInfo-募集基金详情","{\"uid\":\"1166\",\"fund_id\":\"1\"}"]}
{"level":3,"type":"Contents.FundInfo.RaisingFundInfo","flag":1,"extends":["RaisingFundInfo-募集基金详情","{\"uid\":\"1166\",\"fund_id\":\"1\"}"]}
{"level":3,"type":"Contents.FundInfo.RaisingFundInfo","flag":1,"extends":["RaisingFundInfo-募集基金详情","{\"uid\":\"1166\",\"fund_id\":\"1\"}"]}
{"level":3,"type":"Contents.FundInfo.RaisingFundInfo","flag":1,"extends":["RaisingFundInfo-募集基金详情","{\"uid\":\"1166\",\"fund_id\":\"1\"}"]}
{"level":3,"type":"Contents.FundInfo.RaisingFundInfo","flag":1,"extends":["RaisingFundInfo-募集基金详情","{\"uid\":\"1166\",\"fund_id\":\"1\"}"]}
{"level":3,"type":"Contents.FundInfo.RaisingFundInfo","flag":1,"extends":["RaisingFundInfo-募集基金详情","{\"uid\":\"1166\",\"fund_id\":\"1\"}"]}
{"level":3,"type":"Contents.FundInfo.RaisingFundInfo","flag":1,"extends":["RaisingFundInfo-募集基金详情","{\"uid\":\"1166\",\"fund_id\":\"1\"}"]}
{"level":3,"type":"Contents.FundInfo.RaisingFundInfo","flag":1,"extends":["RaisingFundInfo-募集基金详情","{\"uid\":\"1166\",\"fund_id\":\"1\"}"]}
{"level":3,"type":"Contents.FundInfo.RaisingFundInfo","flag":1,"extends":["RaisingFundInfo-募集基金详情","{\"uid\":\"1166\",\"fund_id\":\"1\"}"]}
{"level":3,"type":"Contents.FundInfo.RaisingFundInfo","flag":1,"extends":["RaisingFundInfo-募集基金详情","{\"uid\":\"1166\",\"fund_id\":\"1\"}"]}
{"level":3,"type":"Contents.FundInfo.RaisingFundInfo","flag":1,"extends":["RaisingFundInfo-募集基金详情","{\"uid\":\"1166\",\"fund_id\":\"1\"}"]}
{"level":3,"type":"Contents.FundInfo.RaisingFundInfo","flag":1,"extends":["RaisingFundInfo-募集基金详情","{\"uid\":\"1166\",\"fund_id\":\"1\"}"]}
{"level":3,"type":"Contents.FundInfo.RaisingFundInfo","flag":1,"extends":["RaisingFundInfo-募集基金详情","{\"uid\":\"1166\",\"fund_id\":\"1\"}"]}
{"level":3,"type":"Contents.FundInfo.RaisingFundInfo","flag":1,"extends":["RaisingFundInfo-募集基金详情","{\"uid\":\"1166\",\"fund_id\":\"1\"}"]}
{"level":3,"type":"Contents.FundInfo.RaisingFundInfo","flag":1,"extends":["RaisingFundInfo-募集基金详情","{\"uid\":\"1166\",\"fund_id\":\"1\"}"]}
{"level":3,"type":"Contents.FundInfo.RaisingFundInfo","flag":1,"extends":["RaisingFundInfo-募集基金详情","{\"uid\":\"1166\",\"fund_id\":\"1\"}"]}
{"level":3,"type":"Contents.FundInfo.RaisingFundInfo","flag":1,"extends":["RaisingFundInfo-募集基金详情","{\"uid\":\"1166\",\"fund_id\":\"1\"}"]}
{"level":3,"type":"Contents.FundInfo.RaisingFundInfo","flag":1,"extends":["RaisingFundInfo-募集基金详情","{\"uid\":\"1166\",\"fund_id\":\"1\"}"]}
{"level":3,"type":"Contents.FundInfo.RaisingFundInfo","flag":1,"extends":["RaisingFundInfo-募集基金详情","{\"uid\":\"1166\",\"fund_id\":\"1\"}"]}
{"level":3,"type":"Contents.FundInfo.RaisingFundInfo","flag":1,"extends":["RaisingFundInfo-募集基金详情","{\"uid\":\"1166\",\"fund_id\":\"1\"}"]}
{"level":3,"type":"Contents.FundInfo.RaisingFundInfo","flag":1,"extends":["RaisingFundInfo-募集基金详情","{\"uid\":\"1166\",\"fund_id\":\"1\"}"]}
{"level":3,"type":"Contents.FundInfo.RaisingFundInfo","flag":1,"extends":["RaisingFundInfo-募集基金详情","{\"uid\":\"1166\",\"fund_id\":\"1\"}"]}
{"level":3,"type":"Contents.FundInfo.RaisingFundInfo","flag":1,"extends":["RaisingFundInfo-募集基金详情","{\"uid\":\"1166\",\"fund_id\":\"1\"}"]}
{"level":3,"type":"Contents.FundInfo.RaisingFundInfo","flag":1,"extends":["RaisingFundInfo-募集基金详情","{\"uid\":\"1166\",\"fund_id\":\"1\"}"]}
{"level":3,"type":"Contents.FundInfo.RaisingFundInfo","flag":1,"extends":["RaisingFundInfo-募集基金详情","{\"uid\":\"1166\",\"fund_id\":\"1\"}"]}
{"level":3,"type":"Contents.FundInfo.RaisingFundInfo","flag":1,"extends":["RaisingFundInfo-募集基金详情","{\"uid\":\"1166\",\"fund_id\":\"1\"}"]}
{"level":3,"type":"Contents.FundInfo.RaisingFundInfo","flag":1,"extends":["RaisingFundInfo-募集基金详情","{\"uid\":\"1166\",\"fund_id\":\"1\"}"]}
{"level":3,"type":"Contents.FundInfo.RaisingFundInfo","flag":1,"extends":["RaisingFundInfo-募集基金详情","{\"uid\":\"1166\",\"fund_id\":\"1\"}"]}
{"level":3,"type":"Contents.FundInfo.RaisingFundInfo","flag":1,"extends":["RaisingFundInfo-募集基金详情","{\"uid\":\"1166\",\"fund_id\":\"1\"}"]}
{"level":3,"type":"Contents.FundInfo.RaisingFundInfo","flag":1,"extends":["RaisingFundInfo-募集基金详情","{\"uid\":\"1166\",\"fund_id\":\"1\"}"]}
{"level":3,"type":"Contents.FundInfo.RaisingFundInfo","flag":1,"extends":["RaisingFundInfo-募集基金详情","{\"uid\":\"1166\",\"fund_id\":\"1\"}"]}
{"level":3,"type":"Contents.FundInfo.RaisingFundInfo","flag":1,"extends":["RaisingFundInfo-募集基金详情","{\"uid\":\"1166\",\"fund_id\":\"1\"}"]}
{"level":3,"type":"Contents.FundInfo.RaisingFundInfo","flag":1,"extends":["RaisingFundInfo-募集基金详情","{\"uid\":\"1166\",\"fund_id\":\"1\"}"]}
{"level":3,"type":"Contents.FundInfo.RaisingFundInfo","flag":1,"extends":["RaisingFundInfo-募集基金详情","{\"uid\":\"1166\",\"fund_id\":\"1\"}"]}
{"level":3,"type":"Contents.FundInfo.RaisingFundInfo","flag":1,"extends":["RaisingFundInfo-募集基金详情","{\"uid\":\"1166\",\"fund_id\":\"1\"}"]}
{"level":3,"type":"Contents.FundInfo.RaisingFundInfo","flag":1,"extends":["RaisingFundInfo-募集基金详情","{\"uid\":\"1166\",\"fund_id\":\"1\"}"]}
{"level":3,"type":"Contents.FundInfo.RaisingFundInfo","flag":1,"extends":["RaisingFundInfo-募集基金详情","{\"uid\":\"1166\",\"fund_id\":\"1\"}"]}
{"level":3,"type":"Contents.FundInfo.RaisingFundInfo","flag":1,"extends":["RaisingFundInfo-募集基金详情","{\"uid\":\"1166\",\"fund_id\":\"1\"}"]}
{"level":3,"type":"Contents.FundInfo.RaisingFundInfo","flag":1,"extends":["RaisingFundInfo-募集基金详情","{\"uid\":\"1166\",\"fund_id\":\"1\"}"]}
{"level":3,"type":"Contents.FundInfo.RaisingFundInfo","flag":1,"extends":["RaisingFundInfo-募集基金详情","{\"uid\":\"1166\",\"fund_id\":\"1\"}"]}
{"level":3,"type":"Contents.FundInfo.RaisingFundInfo","flag":1,"extends":["RaisingFundInfo-募集基金详情","{\"uid\":\"1166\",\"fund_id\":\"1\"}"]}
{"level":3,"type":"Contents.FundInfo.RaisingFundInfo","flag":1,"extends":["RaisingFundInfo-募集基金详情","{\"uid\":\"1166\",\"fund_id\":\"1\"}"]}
{"level":3,"type":"Contents.FundInfo.RaisingFundInfo","flag":1,"extends":["RaisingFundInfo-募集基金详情","{\"uid\":\"1166\",\"fund_id\":\"1\"}"]}
{"level":3,"type":"Contents.FundInfo.RaisingFundInfo","flag":1,"extends":["RaisingFundInfo-募集基金详情","{\"uid\":\"1166\",\"fund_id\":\"1\"}"]}
{"level":3,"type":"Contents.FundInfo.RaisingFundInfo","flag":1,"extends":["RaisingFundInfo-募集基金详情","{\"uid\":\"1166\",\"fund_id\":\"1\"}"]}
{"level":3,"type":"Contents.FundInfo.RaisingFundInfo","flag":1,"extends":["RaisingFundInfo-募集基金详情","{\"uid\":\"1166\",\"fund_id\":\"1\"}"]}
{"level":3,"type":"Contents.FundInfo.RaisingFundInfo","flag":1,"extends":["RaisingFundInfo-募集基金详情","{\"uid\":\"1166\",\"fund_id\":\"1\"}"]}
{"level":3,"type":"Contents.FundInfo.RaisingFundInfo","flag":1,"extends":["RaisingFundInfo-募集基金详情","{\"uid\":\"1166\",\"fund_id\":\"1\"}"]}
{"level":3,"type":"Contents.FundInfo.RaisingFundInfo","flag":1,"extends":["RaisingFundInfo-募集基金详情","{\"uid\":\"1166\",\"fund_id\":\"1\"}"]}
{"level":3,"type":"Contents.FundInfo.RaisingFundInfo","flag":1,"extends":["RaisingFundInfo-募集基金详情","{\"uid\":\"1166\",\"fund_id\":\"1\"}"]}
{"level":3,"type":"Contents.FundInfo.RaisingFundInfo","flag":1,"extends":["RaisingFundInfo-募集基金详情","{\"uid\":\"1166\",\"fund_id\":\"1\"}"]}
{"level":3,"type":"Contents.FundInfo.RaisingFundInfo","flag":1,"extends":["RaisingFundInfo-募集基金详情","{\"uid\":\"1166\",\"fund_id\":\"1\"}"]}
{"level":3,"type":"Contents.FundInfo.RaisingFundInfo","flag":1,"extends":["RaisingFundInfo-募集基金详情","{\"uid\":\"1166\",\"fund_id\":\"1\"}"]}
{"level":3,"type":"Contents.FundInfo.RaisingFundInfo","flag":1,"extends":["RaisingFundInfo-募集基金详情","{\"uid\":\"1166\",\"fund_id\":\"1\"}"]}
{"level":3,"type":"Contents.FundInfo.RaisingFundInfo","flag":1,"extends":["RaisingFundInfo-募集基金详情","{\"uid\":\"1166\",\"fund_id\":\"1\"}"]}
{"level":3,"type":"Contents.FundInfo.RaisingFundInfo","flag":1,"extends":["RaisingFundInfo-募集基金详情","{\"uid\":\"1166\",\"fund_id\":\"1\"}"]}
{"level":3,"type":"Contents.FundInfo.RaisingFundInfo","flag":1,"extends":["RaisingFundInfo-募集基金详情","{\"uid\":\"1166\",\"fund_id\":\"1\"}"]}
{"level":3,"type":"Contents.FundInfo.RaisingFundInfo","flag":1,"extends":["RaisingFundInfo-募集基金详情","{\"uid\":\"1166\",\"fund_id\":\"1\"}"]}
{"level":3,"type":"Contents.FundInfo.RaisingFundInfo","flag":1,"extends":["RaisingFundInfo-募集基金详情","{\"uid\":\"1166\",\"fund_id\":\"1\"}"]}
{"level":3,"type":"Contents.FundInfo.RaisingFundInfo","flag":1,"extends":["RaisingFundInfo-募集基金详情","{\"uid\":\"1166\",\"fund_id\":\"1\"}"]}
{"level":3,"type":"Contents.FundInfo.RaisingFundInfo","flag":1,"extends":["RaisingFundInfo-募集基金详情","{\"uid\":\"1166\",\"fund_id\":\"1\"}"]}
{"level":3,"type":"Contents.FundInfo.RaisingFundInfo","flag":1,"extends":["RaisingFundInfo-募集基金详情","{\"uid\":\"1166\",\"fund_id\":\"1\"}"]}
{"level":3,"type":"Contents.FundInfo.RaisingFundInfo","flag":1,"extends":["RaisingFundInfo-募集基金详情","{\"uid\":\"1166\",\"fund_id\":\"1\"}"]}
{"level":3,"type":"Contents.FundInfo.RaisingFundInfo","flag":1,"extends":["RaisingFundInfo-募集基金详情","{\"uid\":\"1166\",\"fund_id\":\"1\"}"]}
{"level":3,"type":"Contents.FundInfo.RaisingFundInfo","flag":1,"extends":["RaisingFundInfo-募集基金详情","{\"uid\":\"1166\",\"fund_id\":\"1\"}"]}
{"level":3,"type":"Contents.FundInfo.RaisingFundInfo","flag":1,"extends":["RaisingFundInfo-募集基金详情","{\"uid\":\"1166\",\"fund_id\":\"1\"}"]}
{"level":3,"type":"Contents.FundInfo.RaisingFundInfo","flag":1,"extends":["RaisingFundInfo-募集基金详情","{\"uid\":\"1166\",\"fund_id\":\"1\"}"]}
{"level":3,"type":"Contents.FundInfo.RaisingFundInfo","flag":1,"extends":["RaisingFundInfo-募集基金详情","{\"uid\":\"1166\",\"fund_id\":\"1\"}"]}
{"level":3,"type":"Contents.FundInfo.RaisingFundInfo","flag":1,"extends":["RaisingFundInfo-募集基金详情","{\"uid\":\"1166\",\"fund_id\":\"1\"}"]}
{"level":3,"type":"Contents.FundInfo.RaisingFundInfo","flag":1,"extends":["RaisingFundInfo-募集基金详情","{\"uid\":\"1166\",\"fund_id\":\"1\"}"]}
{"level":3,"type":"Contents.FundInfo.RaisingFundInfo","flag":1,"extends":["RaisingFundInfo-募集基金详情","{\"uid\":\"1166\",\"fund_id\":\"1\"}"]}
{"level":3,"type":"Contents.FundInfo.RaisingFundInfo","flag":1,"extends":["RaisingFundInfo-募集基金详情","{\"uid\":\"1166\",\"fund_id\":\"1\"}"]}
{"level":3,"type":"Contents.FundInfo.RaisingFundInfo","flag":1,"extends":["RaisingFundInfo-募集基金详情","{\"uid\":\"1166\",\"fund_id\":\"1\"}"]}
{"level":3,"type":"Contents.FundInfo.RaisingFundInfo","flag":1,"extends":["RaisingFundInfo-募集基金详情","{\"uid\":\"1166\",\"fund_id\":\"1\"}"]}
{"level":3,"type":"Contents.FundInfo.RaisingFundInfo","flag":1,"extends":["RaisingFundInfo-募集基金详情","{\"uid\":\"1168\",\"fund_id\":\"1\"}"]}
{"level":3,"type":"Contents.FundInfo.RaisingFundInfo","flag":1,"extends":["RaisingFundInfo-募集基金详情","{\"uid\":1168,\"fund_id\":1}"]}
{"level":3,"type":"Contents.FundInfo.RaisingFundInfo","flag":1,"extends":["RaisingFundInfo-募集基金详情","{\"uid\":1168,\"fund_id\":1}"]}
{"level":3,"type":"Contents.FundInfo.RaisingFundInfo","flag":1,"extends":["RaisingFundInfo-募集基金详情","{\"uid\":1168,\"fund_id\":1}"]}
{"level":3,"type":"Contents.FundInfo.RaisingFundInfo","flag":1,"extends":["RaisingFundInfo-募集基金详情","{\"uid\":1169,\"fund_id\":1}"]}
{"level":3,"type":"Contents.FundInfo.RaisingFundInfo","flag":1,"extends":["RaisingFundInfo-募集基金详情","{\"uid\":1169,\"fund_id\":1}"]}
{"level":3,"type":"Contents.FundInfo.RaisingFundInfo","flag":1,"extends":["RaisingFundInfo-募集基金详情","{\"uid\":1169,\"fund_id\":1}"]}
{"level":3,"type":"Contents.FundInfo.RaisingFundInfo","flag":1,"extends":["RaisingFundInfo-募集基金详情","{\"uid\":1169,\"fund_id\":1}"]}
{"level":3,"type":"Contents.FundInfo.RaisingFundInfo","flag":1,"extends":["RaisingFundInfo-募集基金详情","{\"uid\":1169,\"fund_id\":1}"]}
{"level":3,"type":"Contents.FundInfo.RaisingFundInfo","flag":1,"extends":["RaisingFundInfo-募集基金详情","{\"uid\":1169,\"fund_id\":1}"]}
{"level":3,"type":"Contents.FundInfo.RaisingFundInfo","flag":1,"extends":["RaisingFundInfo-募集基金详情","{\"uid\":1169,\"fund_id\":1}"]}
{"level":3,"type":"Contents.FundInfo.RaisingFundInfo","flag":1,"extends":["RaisingFundInfo-募集基金详情","{\"uid\":1169,\"fund_id\":1}"]}
{"level":3,"type":"Contents.FundInfo.RaisingFundInfo","flag":1,"extends":["RaisingFundInfo-募集基金详情","{\"uid\":1169,\"fund_id\":1}"]}
{"level":3,"type":"Contents.FundInfo.RaisingFundInfo","flag":1,"extends":["RaisingFundInfo-募集基金详情","{\"uid\":1166,\"fund_id\":1}"]}
{"level":3,"type":"Contents.FundInfo.RaisingFundInfo","flag":1,"extends":["RaisingFundInfo-募集基金详情","{\"uid\":1166,\"fund_id\":1}"]}
{"level":3,"type":"Contents.FundInfo.RaisingFundInfo","flag":1,"extends":["RaisingFundInfo-募集基金详情","{\"uid\":1166,\"fund_id\":1}"]}
{"level":3,"type":"Contents.FundInfo.RaisingFundInfo","flag":1,"extends":["RaisingFundInfo-募集基金详情","{\"uid\":1166,\"fund_id\":1}"]}
{"level":3,"type":"Contents.FundInfo.RaisingFundInfo","flag":1,"extends":["RaisingFundInfo-募集基金详情","{\"uid\":1166,\"fund_id\":1}"]}
{"level":3,"type":"Contents.FundInfo.RaisingFundInfo","flag":1,"extends":["RaisingFundInfo-募集基金详情","{\"uid\":1166,\"fund_id\":1}"]}
{"level":3,"type":"Contents.FundInfo.RaisingFundInfo","flag":1,"extends":["RaisingFundInfo-募集基金详情","{\"uid\":1166,\"fund_id\":1}"]}
{"level":3,"type":"Contents.FundInfo.RaisingFundInfo","flag":1,"extends":["RaisingFundInfo-募集基金详情","{\"uid\":1166,\"fund_id\":1}"]}
{"level":3,"type":"Contents.FundInfo.RaisingFundInfo","flag":1,"extends":["RaisingFundInfo-募集基金详情","{\"uid\":1166,\"fund_id\":1}"]}
{"level":3,"type":"Contents.FundInfo.RaisingFundInfo","flag":1,"extends":["RaisingFundInfo-募集基金详情","{\"uid\":1166,\"fund_id\":1}"]}
{"level":3,"type":"Contents.FundInfo.RaisingFundInfo","flag":1,"extends":["RaisingFundInfo-募集基金详情","{\"uid\":1166,\"fund_id\":1}"]}
{"level":3,"type":"Contents.FundInfo.RaisingFundInfo","flag":1,"extends":["RaisingFundInfo-募集基金详情","{\"uid\":1166,\"fund_id\":1}"]}
{"level":3,"type":"Contents.FundInfo.RaisingFundInfo","flag":1,"extends":["RaisingFundInfo-募集基金详情","{\"uid\":1166,\"fund_id\":1}"]}
{"level":3,"type":"Contents.FundInfo.RaisingFundInfo","flag":1,"extends":["RaisingFundInfo-募集基金详情","{\"uid\":1166,\"fund_id\":1}"]}
{"level":3,"type":"Contents.FundInfo.RaisingFundInfo","flag":1,"extends":["RaisingFundInfo-募集基金详情","{\"uid\":1166,\"fund_id\":1}"]}
{"level":3,"type":"Contents.FundInfo.RaisingFundInfo","flag":1,"extends":["RaisingFundInfo-募集基金详情","{\"uid\":1166,\"fund_id\":1}"]}
{"level":3,"type":"Contents.FundInfo.RaisingFundInfo","flag":1,"extends":["RaisingFundInfo-募集基金详情","{\"uid\":1166,\"fund_id\":1}"]}
{"level":3,"type":"Contents.FundInfo.RaisingFundInfo","flag":1,"extends":["RaisingFundInfo-募集基金详情","{\"uid\":1166,\"fund_id\":1}"]}
{"level":3,"type":"Contents.FundInfo.RaisingFundInfo","flag":1,"extends":["RaisingFundInfo-募集基金详情","{\"uid\":1166,\"fund_id\":1}"]}
{"level":3,"type":"Contents.FundInfo.RaisingFundInfo","flag":1,"extends":["RaisingFundInfo-募集基金详情","{\"uid\":1166,\"fund_id\":1}"]}
{"level":3,"type":"Contents.FundInfo.RaisingFundInfo","flag":1,"extends":["RaisingFundInfo-募集基金详情","{\"uid\":1166,\"fund_id\":1}"]}
{"level":3,"type":"Contents.FundInfo.RaisingFundInfo","flag":1,"extends":["RaisingFundInfo-募集基金详情","{\"uid\":1166,\"fund_id\":1}"]}
{"level":3,"type":"Contents.FundInfo.RaisingFundInfo","flag":1,"extends":["RaisingFundInfo-募集基金详情","{\"uid\":1166,\"fund_id\":1}"]}
{"level":3,"type":"Contents.FundInfo.RaisingFundInfo","flag":1,"extends":["RaisingFundInfo-募集基金详情","{\"uid\":1166,\"fund_id\":1}"]}
{"level":3,"type":"Contents.FundInfo.RaisingFundInfo","flag":1,"extends":["RaisingFundInfo-募集基金详情","{\"uid\":1166,\"fund_id\":1}"]}
{"level":3,"type":"Contents.FundInfo.RaisingFundInfo","flag":1,"extends":["RaisingFundInfo-募集基金详情","{\"uid\":1166,\"fund_id\":1}"]}
{"level":3,"type":"Contents.FundInfo.RaisingFundInfo","flag":1,"extends":["RaisingFundInfo-募集基金详情","{\"uid\":1166,\"fund_id\":1}"]}
{"level":3,"type":"Contents.FundInfo.RaisingFundInfo","flag":1,"extends":["RaisingFundInfo-募集基金详情","{\"uid\":1166,\"fund_id\":1}"]}
{"level":3,"type":"Contents.FundInfo.RaisingFundInfo","flag":1,"extends":["RaisingFundInfo-募集基金详情","{\"uid\":1166,\"fund_id\":1}"]}
{"level":3,"type":"Contents.FundInfo.RaisingFundInfo","flag":1,"extends":["RaisingFundInfo-募集基金详情","{\"uid\":1166,\"fund_id\":1}"]}
{"level":3,"type":"Contents.FundInfo.RaisingFundInfo","flag":1,"extends":["RaisingFundInfo-募集基金详情","{\"uid\":1166,\"fund_id\":1}"]}
{"level":3,"type":"Contents.FundInfo.RaisingFundInfo","flag":1,"extends":["RaisingFundInfo-募集基金详情","{\"uid\":1166,\"fund_id\":1}"]}
{"level":3,"type":"Contents.FundInfo.RaisingFundInfo","flag":1,"extends":["RaisingFundInfo-募集基金详情","{\"uid\":1166,\"fund_id\":1}"]}
{"level":3,"type":"Contents.FundInfo.RaisingFundInfo","flag":1,"extends":["RaisingFundInfo-募集基金详情","{\"uid\":1166,\"fund_id\":1}"]}
{"level":3,"type":"Contents.FundInfo.RaisingFundInfo","flag":1,"extends":["RaisingFundInfo-募集基金详情","{\"uid\":1166,\"fund_id\":1}"]}
{"level":3,"type":"Contents.FundInfo.RaisingFundInfo","flag":1,"extends":["RaisingFundInfo-募集基金详情","{\"uid\":1166,\"fund_id\":1}"]}
{"level":3,"type":"Contents.FundInfo.RaisingFundInfo","flag":1,"extends":["RaisingFundInfo-募集基金详情",null]}
{"level":3,"type":"Contents.FundInfo.RaisingFundInfo","flag":1,"extends":["RaisingFundInfo-募集基金详情",null]}
{"level":3,"type":"Contents.FundInfo.RaisingFundInfo","flag":1,"extends":["RaisingFundInfo-募集基金详情",null]}
{"level":3,"type":"Contents.FundInfo.RaisingFundInfo","flag":1,"extends":["RaisingFundInfo-募集基金详情",null]}
{"level":3,"type":"Contents.FundInfo.RaisingFundInfo","flag":1,"extends":["RaisingFundInfo-募集基金详情","{\"uid\":1166,\"fund_id\":1}"]}
{"level":3,"type":"Contents.FundInfo.RaisingFundInfo","flag":1,"extends":["RaisingFundInfo-募集基金详情","{\"uid\":1166,\"fund_id\":1}"]}
{"level":3,"type":"Contents.FundInfo.RaisingFundInfo","flag":1,"extends":["RaisingFundInfo-募集基金详情","{\"uid\":1166,\"fund_id\":1}"]}
{"level":3,"type":"Contents.FundInfo.RaisingFundInfo","flag":1,"extends":["RaisingFundInfo-募集基金详情","{\"uid\":1166,\"fund_id\":1}"]}
{"level":3,"type":"Contents.FundInfo.RaisingFundInfo","flag":1,"extends":["RaisingFundInfo-募集基金详情","{\"uid\":1166,\"fund_id\":1}"]}
{"level":3,"type":"Contents.FundInfo.RaisingFundInfo","flag":1,"extends":["RaisingFundInfo-募集基金详情","{\"uid\":1166,\"fund_id\":1}"]}
{"level":3,"type":"Contents.FundInfo.RaisingFundInfo","flag":1,"extends":["RaisingFundInfo-募集基金详情","{\"uid\":1166,\"fund_id\":1}"]}
{"level":3,"type":"Contents.FundInfo.RaisingFundInfo","flag":1,"extends":["RaisingFundInfo-募集基金详情","{\"uid\":1166,\"fund_id\":1}"]}
{"level":3,"type":"Contents.FundInfo.RaisingFundInfo","flag":1,"extends":["RaisingFundInfo-募集基金详情","{\"uid\":1166,\"fund_id\":1}"]}
{"level":3,"type":"Contents.FundInfo.RaisingFundInfo","flag":1,"extends":["RaisingFundInfo-募集基金详情","{\"uid\":1166,\"fund_id\":1}"]}
{"level":3,"type":"Contents.FundInfo.RaisingFundInfo","flag":1,"extends":["RaisingFundInfo-募集基金详情","{\"uid\":1166,\"fund_id\":1}"]}
{"level":3,"type":"Contents.FundInfo.RaisingFundInfo","flag":1,"extends":["RaisingFundInfo-募集基金详情","{\"uid\":1166,\"fund_id\":1}"]}
{"level":3,"type":"Contents.FundInfo.RaisingFundInfo","flag":1,"extends":["RaisingFundInfo-募集基金详情","{\"uid\":1166,\"fund_id\":1}"]}
{"level":3,"type":"Contents.FundInfo.RaisingFundInfo","flag":1,"extends":["RaisingFundInfo-募集基金详情","{\"uid\":1166,\"fund_id\":1}"]}
{"level":3,"type":"Contents.FundInfo.RaisingFundInfo","flag":1,"extends":["RaisingFundInfo-募集基金详情","{\"uid\":1166,\"fund_id\":1}"]}
{"level":3,"type":"Contents.FundInfo.RaisingFundInfo","flag":1,"extends":["RaisingFundInfo-募集基金详情","{\"uid\":1166,\"fund_id\":1}"]}
{"level":3,"type":"Contents.FundInfo.RaisingFundInfo","flag":1,"extends":["RaisingFundInfo-募集基金详情","{\"uid\":1166,\"fund_id\":1}"]}
{"level":3,"type":"Contents.FundInfo.RaisingFundInfo","flag":1,"extends":["RaisingFundInfo-募集基金详情","{\"uid\":1166,\"fund_id\":1}"]}
{"level":3,"type":"Contents.FundInfo.RaisingFundInfo","flag":1,"extends":["RaisingFundInfo-募集基金详情","{\"uid\":1166,\"fund_id\":1}"]}
{"level":3,"type":"Contents.FundInfo.RaisingFundInfo","flag":1,"extends":["RaisingFundInfo-募集基金详情","{\"uid\":1166,\"fund_id\":1}"]}
{"level":3,"type":"Contents.FundInfo.RaisingFundInfo","flag":1,"extends":["RaisingFundInfo-募集基金详情","{\"uid\":1166,\"fund_id\":1}"]}
{"level":3,"type":"Contents.FundInfo.RaisingFundInfo","flag":1,"extends":["RaisingFundInfo-募集基金详情","{\"uid\":1166,\"fund_id\":1}"]}
{"level":3,"type":"Contents.FundInfo.RaisingFundInfo","flag":1,"extends":["RaisingFundInfo-募集基金详情","{\"uid\":1166,\"fund_id\":1}"]}
{"level":3,"type":"Contents.FundInfo.RaisingFundInfo","flag":1,"extends":["RaisingFundInfo-募集基金详情",null]}
{"level":3,"type":"Contents.FundInfo.RaisingFundInfo","flag":1,"extends":["RaisingFundInfo-募集基金详情",null]}
{"level":3,"type":"Contents.FundInfo.RaisingFundInfo","flag":1,"extends":["RaisingFundInfo-募集基金详情",null]}
{"level":3,"type":"Contents.FundInfo.RaisingFundInfo","flag":1,"extends":["RaisingFundInfo-募集基金详情",null]}
{"level":3,"type":"Contents.FundInfo.RaisingFundInfo","flag":1,"extends":["RaisingFundInfo-募集基金详情","{\"uid\":\"1166\",\"fund_id\":\"1\"}"]}
{"level":3,"type":"Contents.FundInfo.RaisingFundInfo","flag":1,"extends":["RaisingFundInfo-募集基金详情","{\"uid\":1166,\"fund_id\":1}"]}
{"level":3,"type":"Contents.FundInfo.RaisingFundInfo","flag":1,"extends":["RaisingFundInfo-募集基金详情","{\"uid\":1166,\"fund_id\":1}"]}
{"level":3,"type":"Contents.FundInfo.RaisingFundInfo","flag":1,"extends":["RaisingFundInfo-募集基金详情","{\"uid\":\"1166\",\"fund_id\":\"1\",\"SOURCE\":\"pc\"}"]}
{"level":3,"type":"Contents.FundInfo.RaisingFundInfo","flag":1,"extends":["RaisingFundInfo-募集基金详情","{\"uid\":1166,\"fund_id\":1}"]}
{"level":3,"type":"Contents.FundInfo.RaisingUserType","flag":1,"extends":["RaisingUserType-募集基金身份判断","{\"uid\":1166,\"fund_id\":1}"]}
{"level":3,"type":"Contents.FundInfo.RaisingFundInfo","flag":1,"extends":["RaisingFundInfo-募集基金详情","{\"uid\":1166,\"fund_id\":1}"]}
{"level":3,"type":"Contents.FundInfo.RaisingUserType","flag":1,"extends":["RaisingUserType-募集基金身份判断","{\"uid\":1166,\"fund_id\":1}"]}
{"level":3,"type":"Contents.FundInfo.RaisingFundInfo","flag":1,"extends":["RaisingFundInfo-募集基金详情","{\"uid\":1166,\"fund_id\":1}"]}
{"level":3,"type":"Contents.FundInfo.RaisingUserType","flag":1,"extends":["RaisingUserType-募集基金身份判断","{\"uid\":1166,\"fund_id\":1}"]}
{"level":3,"type":"Contents.FundInfo.RaisingUserType","flag":1,"extends":["RaisingUserType-募集基金身份判断","{\"uid\":\"1166\",\"fund_id\":\"1\",\"SOURCE\":\"pc\"}"]}
{"level":3,"type":"Contents.FundInfo.RaisingUserType","flag":1,"extends":["RaisingUserType-募集基金身份判断","{\"uid\":\"1166\",\"fund_id\":\"1\"}"]}
{"level":3,"type":"Contents.FundInfo.RaisingUserType","flag":1,"extends":["RaisingUserType-募集基金身份判断","{\"uid\":\"1166\",\"fund_id\":\"1\"}"]}
{"level":3,"type":"Contents.FundInfo.RaisingUserType","flag":1,"extends":["RaisingUserType-募集基金身份判断","{\"uid\":\"1166\",\"fund_id\":\"1\"}"]}
{"level":3,"type":"Contents.FundInfo.RaisingUserType","flag":1,"extends":["RaisingUserType-募集基金身份判断","{\"uid\":\"1166\",\"fund_id\":\"1\"}"]}
{"level":3,"type":"Contents.FundInfo.RaisingUserType","flag":1,"extends":["RaisingUserType-募集基金身份判断","{\"uid\":\"1166\",\"fund_id\":\"1\"}"]}
{"level":3,"type":"Contents.FundInfo.RaisingUserType","flag":1,"extends":["RaisingUserType-募集基金身份判断","{\"uid\":\"1166\",\"fund_id\":\"1\"}"]}
{"level":3,"type":"Contents.FundInfo.RaisingUserType","flag":1,"extends":["RaisingUserType-募集基金身份判断","{\"uid\":\"1166\",\"fund_id\":\"1\"}"]}
{"level":3,"type":"Contents.FundInfo.RaisingUserType","flag":1,"extends":["RaisingUserType-募集基金身份判断","{\"uid\":\"1166\",\"fund_id\":\"1\"}"]}
{"level":3,"type":"Contents.FundInfo.RaisingUserType","flag":1,"extends":["RaisingUserType-募集基金身份判断","{\"uid\":\"1166\",\"fund_id\":\"1\"}"]}
{"level":3,"type":"Contents.FundInfo.RaisingUserType","flag":1,"extends":["RaisingUserType-募集基金身份判断","{\"uid\":\"1166\",\"fund_id\":\"1\"}"]}
{"level":3,"type":"Contents.FundInfo.RaisingUserType","flag":1,"extends":["RaisingUserType-募集基金身份判断","{\"uid\":\"1166\",\"fund_id\":\"1\"}"]}
{"level":3,"type":"Contents.FundInfo.RaisingUserType","flag":1,"extends":["RaisingUserType-募集基金身份判断","{\"uid\":\"1166\",\"fund_id\":\"1\"}"]}
{"level":3,"type":"Contents.FundInfo.RaisingUserType","flag":1,"extends":["RaisingUserType-募集基金身份判断","{\"uid\":\"1166\",\"fund_id\":\"1\"}"]}
{"level":3,"type":"Contents.FundInfo.RaisingUserType","flag":1,"extends":["RaisingUserType-募集基金身份判断","{\"uid\":\"1166\",\"fund_id\":\"1\"}"]}
{"level":3,"type":"Contents.FundInfo.RaisingUserType","flag":1,"extends":["RaisingUserType-募集基金身份判断","{\"uid\":\"1166\",\"fund_id\":\"1\"}"]}
{"level":3,"type":"Contents.FundInfo.RaisingUserType","flag":1,"extends":["RaisingUserType-募集基金身份判断","{\"uid\":\"1166\",\"fund_id\":\"1\"}"]}
{"level":3,"type":"Contents.FundInfo.RaisingUserType","flag":1,"extends":["RaisingUserType-募集基金身份判断","{\"uid\":\"1166\",\"fund_id\":\"1\"}"]}
{"level":3,"type":"Contents.FundInfo.RaisingUserType","flag":1,"extends":["RaisingUserType-募集基金身份判断","{\"uid\":\"1166\",\"fund_id\":\"1\"}"]}
{"level":3,"type":"Contents.FundInfo.RaisingUserType","flag":1,"extends":["RaisingUserType-募集基金身份判断","{\"uid\":\"1166\",\"fund_id\":\"1\"}"]}
{"level":3,"type":"Contents.FundInfo.RaisingUserType","flag":1,"extends":["RaisingUserType-募集基金身份判断","{\"uid\":\"1166\",\"fund_id\":\"1\"}"]}
{"level":3,"type":"Contents.FundInfo.RaisingUserType","flag":1,"extends":["RaisingUserType-募集基金身份判断","{\"uid\":\"1166\",\"fund_id\":\"1\"}"]}
{"level":3,"type":"Contents.FundInfo.RaisingUserType","flag":1,"extends":["RaisingUserType-募集基金身份判断","{\"uid\":\"1166\",\"fund_id\":\"1\"}"]}
{"level":3,"type":"Contents.FundInfo.RaisingUserType","flag":1,"extends":["RaisingUserType-募集基金身份判断","{\"uid\":\"1166\",\"fund_id\":\"1\"}"]}
{"level":3,"type":"Contents.FundInfo.RaisingUserType","flag":1,"extends":["RaisingUserType-募集基金身份判断","{\"uid\":\"1166\",\"fund_id\":\"1\"}"]}
{"level":3,"type":"Contents.FundInfo.RaisingUserType","flag":1,"extends":["RaisingUserType-募集基金身份判断","{\"uid\":\"1166\",\"fund_id\":\"1\"}"]}
{"level":3,"type":"Contents.FundInfo.RaisingUserType","flag":1,"extends":["RaisingUserType-募集基金身份判断","{\"uid\":\"1166\",\"fund_id\":\"1\"}"]}
{"level":3,"type":"Contents.FundInfo.RaisingUserType","flag":1,"extends":["RaisingUserType-募集基金身份判断","{\"uid\":\"1166\",\"fund_id\":\"1\"}"]}
{"level":3,"type":"Contents.FundInfo.RaisingFundInfo","flag":1,"extends":["RaisingFundInfo-募集基金详情","{\"uid\":\"1166\",\"fund_id\":\"1\"}"]}
{"level":3,"type":"Contents.FundInfo.RaisingFundInfo","flag":1,"extends":["RaisingFundInfo-募集基金详情","{\"uid\":\"1166\",\"fund_id\":\"1\",\"SOURCE\":\"pc\"}"]}
{"level":3,"type":"Contents.FundInfo.RaisingFundInfo","flag":1,"extends":["RaisingFundInfo-募集基金详情","{\"uid\":\"1166\",\"fund_id\":\"1\",\"SOURCE\":\"pc\"}"]}
{"level":3,"type":"Contents.FundInfo.RaisingFundInfo","flag":1,"extends":["RaisingFundInfo-募集基金详情","{\"uid\":1166,\"fund_id\":1,\"SOURCE\":null}"]}
{"level":3,"type":"Contents.FundInfo.RaisingFundInfo","flag":1,"extends":["RaisingFundInfo-募集基金详情","{\"uid\":1166,\"fund_id\":1,\"SOURCE\":null}"]}
{"level":3,"type":"Contents.FundInfo.RaisingFundInfo","flag":1,"extends":["RaisingFundInfo-募集基金详情","{\"uid\":1166,\"fund_id\":1,\"SOURCE\":null}"]}
{"level":3,"type":"Contents.FundInfo.RaisingFundInfo","flag":1,"extends":["RaisingFundInfo-募集基金详情","{\"uid\":1166,\"fund_id\":1,\"SOURCE\":null}"]}
{"level":3,"type":"Contents.FundInfo.RaisingFundInfo","flag":1,"extends":["RaisingFundInfo-募集基金详情","{\"uid\":1166,\"fund_id\":1,\"SOURCE\":null}"]}
{"level":3,"type":"Contents.FundInfo.RaisingFundInfo","flag":1,"extends":["RaisingFundInfo-募集基金详情","{\"uid\":1166,\"fund_id\":1,\"SOURCE\":null}"]}
{"level":3,"type":"Contents.FundInfo.RaisingFundInfo","flag":1,"extends":["RaisingFundInfo-募集基金详情","{\"uid\":1166,\"fund_id\":1,\"SOURCE\":null}"]}
{"level":3,"type":"Contents.FundInfo.RaisingFundInfo","flag":1,"extends":["RaisingFundInfo-募集基金详情","{\"uid\":1166,\"fund_id\":1,\"SOURCE\":null}"]}
{"level":3,"type":"Contents.FundInfo.RaisingFundInfo","flag":1,"extends":["RaisingFundInfo-募集基金详情","{\"uid\":1166,\"fund_id\":1,\"SOURCE\":null}"]}
{"level":3,"type":"Contents.FundInfo.RaisingFundInfo","flag":1,"extends":["RaisingFundInfo-募集基金详情","{\"uid\":\"1166\",\"fund_id\":\"1\",\"SOURCE\":\"pc\"}"]}
{"level":3,"type":"Contents.FundInfo.RaisingFundInfo","flag":1,"extends":["RaisingFundInfo-募集基金详情","{\"uid\":\"1166\",\"fund_id\":\"1\",\"SOURCE\":\"pc\"}"]}
{"level":3,"type":"Contents.FundInfo.RaisingFundInfo","flag":1,"extends":["RaisingFundInfo-募集基金详情","{\"uid\":\"1166\",\"fund_id\":\"1\",\"SOURCE\":\"pc\"}"]}
{"level":3,"type":"Contents.FundInfo.RaisingFundInfo","flag":1,"extends":["RaisingFundInfo-募集基金详情","{\"uid\":\"1166\",\"fund_id\":\"1\",\"SOURCE\":\"pc\"}"]}
{"level":3,"type":"Contents.FundInfo.RaisingFundInfo","flag":1,"extends":["RaisingFundInfo-募集基金详情","{\"uid\":\"1166\",\"fund_id\":\"1\",\"SOURCE\":\"pc\"}"]}
{"level":3,"type":"Contents.FundInfo.RaisingFundInfo","flag":1,"extends":["RaisingFundInfo-募集基金详情","{\"uid\":\"1166\",\"fund_id\":\"1\",\"SOURCE\":\"pc\"}"]}
{"level":3,"type":"Contents.FundInfo.RaisingFundInfo","flag":1,"extends":["RaisingFundInfo-募集基金详情","{\"uid\":\"1166\",\"fund_id\":\"1\",\"SOURCE\":\"pc\"}"]}
{"level":3,"type":"Contents.FundInfo.RaisingFundInfo","flag":1,"extends":["RaisingFundInfo-募集基金详情","{\"uid\":\"1166\",\"fund_id\":\"1\",\"SOURCE\":\"pc\"}"]}
{"level":3,"type":"Contents.FundInfo.RaisingFundInfo","flag":1,"extends":["RaisingFundInfo-募集基金详情","{\"uid\":\"1166\",\"fund_id\":\"1\",\"SOURCE\":\"pc\"}"]}
{"level":3,"type":"Contents.FundInfo.RaisingFundInfo","flag":1,"extends":["RaisingFundInfo-募集基金详情","{\"uid\":\"1166\",\"fund_id\":\"1\",\"SOURCE\":\"pc\"}"]}
{"level":3,"type":"Contents.FundInfo.RaisingFundInfo","flag":1,"extends":["RaisingFundInfo-募集基金详情","{\"uid\":\"1166\",\"fund_id\":\"1\",\"SOURCE\":\"pc\"}"]}
{"level":3,"type":"Contents.FundInfo.RaisingFundInfo","flag":1,"extends":["RaisingFundInfo-募集基金详情","{\"uid\":1166,\"fund_id\":1,\"SOURCE\":null}"]}
{"level":3,"type":"Contents.FundInfo.RaisingFundInfo","flag":1,"extends":["RaisingFundInfo-募集基金详情","{\"uid\":1166,\"fund_id\":1,\"SOURCE\":null}"]}
