{"level":3,"type":"Contents.Funds.FundsList","flag":1,"extends":["FundsList-我的基金列表","{\"uid\":\"1251\",\"label\":1}"]}
{"level":3,"type":"Contents.FundInfo.RaisingFundInfo","flag":1,"extends":["RaisingFundInfo-募集基金详情","{\"uid\":1251,\"fund_id\":56,\"SOURCE\":\"pc\"}"]}
{"level":3,"type":"Contents.FundInfo.RaisingUserType","flag":1,"extends":["RaisingUserType-募集基金身份判断","{\"uid\":1251,\"fund_id\":56}"]}
{"level":3,"type":"Contents.FundInfo.RaisingFundInfo","flag":1,"extends":["RaisingFundInfo-募集基金详情","{\"uid\":1251,\"fund_id\":56,\"SOURCE\":\"pc\"}"]}
{"level":3,"type":"Contents.FundInfo.RaisingUserType","flag":1,"extends":["RaisingUserType-募集基金身份判断","{\"uid\":1251,\"fund_id\":56}"]}
{"level":3,"type":"Contents.FundInfo.RaisingFundInfo","flag":1,"extends":["RaisingFundInfo-募集基金详情","{\"uid\":1251,\"fund_id\":56,\"SOURCE\":\"pc\"}"]}
{"level":3,"type":"Contents.FundInfo.RaisingUserType","flag":1,"extends":["RaisingUserType-募集基金身份判断","{\"uid\":1251,\"fund_id\":56}"]}
{"level":3,"type":"Contents.FundInfo.RaisingFundInfo","flag":1,"extends":["RaisingFundInfo-募集基金详情","{\"uid\":1251,\"fund_id\":56,\"SOURCE\":\"pc\"}"]}
{"level":3,"type":"Contents.FundInfo.RaisingUserType","flag":1,"extends":["RaisingUserType-募集基金身份判断","{\"uid\":1251,\"fund_id\":56}"]}
{"level":3,"type":"Contents.FundInfo.RaisingFundInfo","flag":1,"extends":["RaisingFundInfo-募集基金详情","{\"uid\":1251,\"fund_id\":56,\"SOURCE\":\"pc\"}"]}
{"level":3,"type":"Contents.FundInfo.RaisingUserType","flag":1,"extends":["RaisingUserType-募集基金身份判断","{\"uid\":1251,\"fund_id\":56}"]}
{"level":3,"type":"Contents.FundInfo.RaisingFundInfo","flag":1,"extends":["RaisingFundInfo-募集基金详情","{\"uid\":1251,\"fund_id\":56,\"SOURCE\":\"pc\"}"]}
{"level":3,"type":"Contents.FundInfo.RaisingUserType","flag":1,"extends":["RaisingUserType-募集基金身份判断","{\"uid\":1251,\"fund_id\":56}"]}
{"level":3,"type":"Contents.FundInfo.RaisingFundInfo","flag":1,"extends":["RaisingFundInfo-募集基金详情","{\"uid\":1251,\"fund_id\":56,\"SOURCE\":\"pc\"}"]}
{"level":3,"type":"Contents.FundInfo.RaisingUserType","flag":1,"extends":["RaisingUserType-募集基金身份判断","{\"uid\":1251,\"fund_id\":56}"]}
{"level":3,"type":"Contents.FundInfo.RaisingFundInfo","flag":1,"extends":["RaisingFundInfo-募集基金详情","{\"uid\":1251,\"fund_id\":56,\"SOURCE\":\"pc\"}"]}
{"level":3,"type":"Contents.FundInfo.RaisingUserType","flag":1,"extends":["RaisingUserType-募集基金身份判断","{\"uid\":1251,\"fund_id\":56}"]}
{"level":3,"type":"Contents.FundInfo.RaisingFundInfo","flag":1,"extends":["RaisingFundInfo-募集基金详情","{\"uid\":1251,\"fund_id\":56,\"SOURCE\":\"pc\"}"]}
{"level":3,"type":"Contents.FundInfo.RaisingUserType","flag":1,"extends":["RaisingUserType-募集基金身份判断","{\"uid\":1251,\"fund_id\":56}"]}
{"level":3,"type":"Contents.FundInfo.RaisingFundInfo","flag":1,"extends":["RaisingFundInfo-募集基金详情","{\"uid\":1251,\"fund_id\":56,\"SOURCE\":\"pc\"}"]}
{"level":3,"type":"Contents.FundInfo.RaisingUserType","flag":1,"extends":["RaisingUserType-募集基金身份判断","{\"uid\":1251,\"fund_id\":56}"]}
{"level":3,"type":"Contents.Funds.FundsList","flag":1,"extends":["FundsList-我的基金列表","{\"uid\":\"1251\",\"label\":1}"]}
{"level":3,"type":"Contents.FundInfo.RaisingFundInfo","flag":1,"extends":["RaisingFundInfo-募集基金详情","{\"uid\":1251,\"fund_id\":1,\"SOURCE\":\"pc\"}"]}
{"level":3,"type":"Contents.FundInfo.RaisingUserType","flag":1,"extends":["RaisingUserType-募集基金身份判断","{\"uid\":1251,\"fund_id\":1}"]}
{"level":3,"type":"Contents.Funds.FundsList","flag":1,"extends":["FundsList-我的基金列表","{\"uid\":\"1251\",\"label\":1}"]}
{"level":3,"type":"Contents.FundInfo.RaisingFundInfo","flag":1,"extends":["RaisingFundInfo-募集基金详情","{\"uid\":1251,\"fund_id\":56,\"SOURCE\":\"pc\"}"]}
{"level":3,"type":"Contents.FundInfo.RaisingUserType","flag":1,"extends":["RaisingUserType-募集基金身份判断","{\"uid\":1251,\"fund_id\":56}"]}
{"level":3,"type":"Contents.FundInfo.RaisingFundInfo","flag":1,"extends":["RaisingFundInfo-募集基金详情","{\"uid\":1251,\"fund_id\":1,\"SOURCE\":\"pc\"}"]}
{"level":3,"type":"Contents.FundInfo.RaisingUserType","flag":1,"extends":["RaisingUserType-募集基金身份判断","{\"uid\":1251,\"fund_id\":1}"]}
{"level":3,"type":"Contents.ExpectantInvestor.InvestmentAmount","flag":1,"extends":["InvestmentAmount-拟投金额\/总监审核意向投资人","{\"uid\":\"1251\",\"fund_id\":1,\"amount\":0,\"remark\":\"\"}"]}
{"level":3,"type":"Contents.FundInfo.RaisingFundInfo","flag":1,"extends":["RaisingFundInfo-募集基金详情","{\"uid\":1251,\"fund_id\":1,\"SOURCE\":\"pc\"}"]}
{"level":3,"type":"Contents.FundInfo.RaisingUserType","flag":1,"extends":["RaisingUserType-募集基金身份判断","{\"uid\":1251,\"fund_id\":1}"]}
{"level":3,"type":"Contents.FundInfo.RaisingFundInfo","flag":1,"extends":["RaisingFundInfo-募集基金详情","{\"uid\":1251,\"fund_id\":1,\"SOURCE\":\"pc\"}"]}
{"level":3,"type":"Contents.FundInfo.RaisingUserType","flag":1,"extends":["RaisingUserType-募集基金身份判断","{\"uid\":1251,\"fund_id\":1}"]}
{"level":3,"type":"Contents.FundInfo.RaisingFundInfo","flag":1,"extends":["RaisingFundInfo-募集基金详情","{\"uid\":1251,\"fund_id\":1,\"SOURCE\":\"pc\"}"]}
{"level":3,"type":"Contents.FundInfo.RaisingUserType","flag":1,"extends":["RaisingUserType-募集基金身份判断","{\"uid\":1251,\"fund_id\":1}"]}
{"level":3,"type":"Contents.FundInfo.RaisingFundInfo","flag":1,"extends":["RaisingFundInfo-募集基金详情","{\"uid\":1251,\"fund_id\":1,\"SOURCE\":\"pc\"}"]}
{"level":3,"type":"Contents.FundInfo.RaisingUserType","flag":1,"extends":["RaisingUserType-募集基金身份判断","{\"uid\":1251,\"fund_id\":1}"]}
{"level":3,"type":"Contents.Funds.FundsList","flag":1,"extends":["FundsList-我的基金列表","{\"uid\":\"1251\",\"label\":1}"]}
{"level":3,"type":"Contents.FundInfo.RaisingFundInfo","flag":1,"extends":["RaisingFundInfo-募集基金详情","{\"uid\":1251,\"fund_id\":1,\"SOURCE\":\"pc\"}"]}
{"level":3,"type":"Contents.FundInfo.RaisingUserType","flag":1,"extends":["RaisingUserType-募集基金身份判断","{\"uid\":1251,\"fund_id\":1}"]}
{"level":3,"type":"Contents.Funds.FundsList","flag":1,"extends":["FundsList-我的基金列表","{\"uid\":\"1251\",\"label\":1}"]}
{"level":3,"type":"Contents.FundInfo.RaisingFundInfo","flag":1,"extends":["RaisingFundInfo-募集基金详情","{\"uid\":1251,\"fund_id\":1,\"SOURCE\":\"pc\"}"]}
{"level":3,"type":"Contents.FundInfo.RaisingUserType","flag":1,"extends":["RaisingUserType-募集基金身份判断","{\"uid\":1251,\"fund_id\":1}"]}
{"level":3,"type":"Contents.Funds.FundsList","flag":1,"extends":["FundsList-我的基金列表","{\"uid\":\"1719\",\"label\":1}"]}
{"level":3,"type":"Contents.FundInfo.RaisingFundInfo","flag":1,"extends":["RaisingFundInfo-募集基金详情","{\"uid\":1719,\"fund_id\":41,\"SOURCE\":\"pc\"}"]}
{"level":3,"type":"Contents.FundInfo.RaisingUserType","flag":1,"extends":["RaisingUserType-募集基金身份判断","{\"uid\":1719,\"fund_id\":41}"]}
{"level":3,"type":"Contents.FundInfo.RaisingFundInfo","flag":1,"extends":["RaisingFundInfo-募集基金详情","{\"uid\":1719,\"fund_id\":44,\"SOURCE\":\"pc\"}"]}
{"level":3,"type":"Contents.FundInfo.RaisingUserType","flag":1,"extends":["RaisingUserType-募集基金身份判断","{\"uid\":1719,\"fund_id\":44}"]}
{"level":3,"type":"Contents.Funds.FundsList","flag":1,"extends":["FundsList-我的基金列表","{\"uid\":\"1719\",\"label\":1}"]}
{"level":3,"type":"Contents.FundInfo.RaisingFundInfo","flag":1,"extends":["RaisingFundInfo-募集基金详情","{\"uid\":1719,\"fund_id\":44,\"SOURCE\":\"pc\"}"]}
{"level":3,"type":"Contents.FundInfo.RaisingUserType","flag":1,"extends":["RaisingUserType-募集基金身份判断","{\"uid\":1719,\"fund_id\":44}"]}
{"level":3,"type":"Contents.Funds.FundsList","flag":1,"extends":["FundsList-我的基金列表","{\"uid\":\"1719\",\"label\":1}"]}
{"level":3,"type":"Contents.FundInfo.RaisingFundInfo","flag":1,"extends":["RaisingFundInfo-募集基金详情","{\"uid\":1719,\"fund_id\":44,\"SOURCE\":\"pc\"}"]}
{"level":3,"type":"Contents.FundInfo.RaisingUserType","flag":1,"extends":["RaisingUserType-募集基金身份判断","{\"uid\":1719,\"fund_id\":44}"]}
{"level":3,"type":"Contents.FundInfo.RaisingFundInfo","flag":1,"extends":["RaisingFundInfo-募集基金详情","{\"uid\":1719,\"fund_id\":41,\"SOURCE\":\"pc\"}"]}
{"level":3,"type":"Contents.FundInfo.RaisingUserType","flag":1,"extends":["RaisingUserType-募集基金身份判断","{\"uid\":1719,\"fund_id\":41}"]}
{"level":3,"type":"Contents.FundInfo.RaisingFundInfo","flag":1,"extends":["RaisingFundInfo-募集基金详情","{\"uid\":1719,\"fund_id\":1,\"SOURCE\":\"pc\"}"]}
{"level":3,"type":"Contents.FundInfo.RaisingUserType","flag":1,"extends":["RaisingUserType-募集基金身份判断","{\"uid\":1719,\"fund_id\":1}"]}
{"level":3,"type":"Contents.Funds.FundsList","flag":1,"extends":["FundsList-我的基金列表","{\"uid\":\"1719\",\"label\":1}"]}
{"level":3,"type":"Contents.FundInfo.RaisingFundInfo","flag":1,"extends":["RaisingFundInfo-募集基金详情","{\"uid\":1719,\"fund_id\":43,\"SOURCE\":\"pc\"}"]}
{"level":3,"type":"Contents.FundInfo.RaisingUserType","flag":1,"extends":["RaisingUserType-募集基金身份判断","{\"uid\":1719,\"fund_id\":43}"]}
{"level":3,"type":"Contents.Funds.FundsList","flag":1,"extends":["FundsList-我的基金列表","{\"uid\":\"1719\",\"label\":1}"]}
{"level":3,"type":"Contents.FundInfo.RaisingFundInfo","flag":1,"extends":["RaisingFundInfo-募集基金详情","{\"uid\":1719,\"fund_id\":41,\"SOURCE\":\"pc\"}"]}
{"level":3,"type":"Contents.FundInfo.RaisingUserType","flag":1,"extends":["RaisingUserType-募集基金身份判断","{\"uid\":1719,\"fund_id\":41}"]}
{"level":3,"type":"Contents.FundInfo.RaisingFundInfo","flag":1,"extends":["RaisingFundInfo-募集基金详情","{\"uid\":1719,\"fund_id\":44,\"SOURCE\":\"pc\"}"]}
{"level":3,"type":"Contents.FundInfo.RaisingUserType","flag":1,"extends":["RaisingUserType-募集基金身份判断","{\"uid\":1719,\"fund_id\":44}"]}
{"level":3,"type":"Contents.FundInfo.RaisingFundInfo","flag":1,"extends":["RaisingFundInfo-募集基金详情","{\"uid\":1719,\"fund_id\":44,\"SOURCE\":\"pc\"}"]}
{"level":3,"type":"Contents.FundInfo.RaisingUserType","flag":1,"extends":["RaisingUserType-募集基金身份判断","{\"uid\":1719,\"fund_id\":44}"]}
{"level":3,"type":"Contents.FundInfo.RaisingFundInfo","flag":1,"extends":["RaisingFundInfo-募集基金详情","{\"uid\":1719,\"fund_id\":44,\"SOURCE\":\"pc\"}"]}
{"level":3,"type":"Contents.FundInfo.RaisingUserType","flag":1,"extends":["RaisingUserType-募集基金身份判断","{\"uid\":1719,\"fund_id\":44}"]}
{"level":3,"type":"Contents.FundInfo.RaisingFundInfo","flag":1,"extends":["RaisingFundInfo-募集基金详情","{\"uid\":1719,\"fund_id\":44,\"SOURCE\":\"pc\"}"]}
{"level":3,"type":"Contents.FundInfo.RaisingUserType","flag":1,"extends":["RaisingUserType-募集基金身份判断","{\"uid\":1719,\"fund_id\":44}"]}
{"level":3,"type":"Contents.FundInfo.RaisingFundInfo","flag":1,"extends":["RaisingFundInfo-募集基金详情","{\"uid\":1719,\"fund_id\":44,\"SOURCE\":\"pc\"}"]}
{"level":3,"type":"Contents.FundInfo.RaisingUserType","flag":1,"extends":["RaisingUserType-募集基金身份判断","{\"uid\":1719,\"fund_id\":44}"]}
{"level":3,"type":"Contents.FundInfo.RaisingFundInfo","flag":1,"extends":["RaisingFundInfo-募集基金详情","{\"uid\":1719,\"fund_id\":44,\"SOURCE\":\"pc\"}"]}
{"level":3,"type":"Contents.FundInfo.RaisingUserType","flag":1,"extends":["RaisingUserType-募集基金身份判断","{\"uid\":1719,\"fund_id\":44}"]}
{"level":3,"type":"Contents.Funds.FundsList","flag":1,"extends":["FundsList-我的基金列表","{\"uid\":\"1719\",\"label\":1}"]}
{"level":3,"type":"Contents.FundInfo.RaisingFundInfo","flag":1,"extends":["RaisingFundInfo-募集基金详情","{\"uid\":1719,\"fund_id\":41,\"SOURCE\":\"pc\"}"]}
{"level":3,"type":"Contents.FundInfo.RaisingUserType","flag":1,"extends":["RaisingUserType-募集基金身份判断","{\"uid\":1719,\"fund_id\":41}"]}
{"level":3,"type":"Contents.FundInfo.RaisingFundInfo","flag":1,"extends":["RaisingFundInfo-募集基金详情","{\"uid\":1719,\"fund_id\":41,\"SOURCE\":\"pc\"}"]}
{"level":3,"type":"Contents.FundInfo.RaisingUserType","flag":1,"extends":["RaisingUserType-募集基金身份判断","{\"uid\":1719,\"fund_id\":41}"]}
{"level":3,"type":"Contents.FundInfo.RaisingFundInfo","flag":1,"extends":["RaisingFundInfo-募集基金详情","{\"uid\":1719,\"fund_id\":41,\"SOURCE\":\"pc\"}"]}
{"level":3,"type":"Contents.FundInfo.RaisingUserType","flag":1,"extends":["RaisingUserType-募集基金身份判断","{\"uid\":1719,\"fund_id\":41}"]}
{"level":3,"type":"Contents.FundInfo.RaisingFundInfo","flag":1,"extends":["RaisingFundInfo-募集基金详情","{\"uid\":1719,\"fund_id\":44,\"SOURCE\":\"pc\"}"]}
{"level":3,"type":"Contents.FundInfo.RaisingUserType","flag":1,"extends":["RaisingUserType-募集基金身份判断","{\"uid\":1719,\"fund_id\":44}"]}
{"level":3,"type":"Contents.FundInfo.RaisingFundInfo","flag":1,"extends":["RaisingFundInfo-募集基金详情","{\"uid\":1719,\"fund_id\":44,\"SOURCE\":\"pc\"}"]}
{"level":3,"type":"Contents.FundInfo.RaisingUserType","flag":1,"extends":["RaisingUserType-募集基金身份判断","{\"uid\":1719,\"fund_id\":44}"]}
{"level":3,"type":"Contents.FundInfo.RaisingFundInfo","flag":1,"extends":["RaisingFundInfo-募集基金详情","{\"uid\":1719,\"fund_id\":44,\"SOURCE\":\"pc\"}"]}
{"level":3,"type":"Contents.FundInfo.RaisingUserType","flag":1,"extends":["RaisingUserType-募集基金身份判断","{\"uid\":1719,\"fund_id\":44}"]}
{"level":3,"type":"Contents.FundInfo.RaisingFundInfo","flag":1,"extends":["RaisingFundInfo-募集基金详情","{\"uid\":1719,\"fund_id\":44,\"SOURCE\":\"pc\"}"]}
{"level":3,"type":"Contents.FundInfo.RaisingUserType","flag":1,"extends":["RaisingUserType-募集基金身份判断","{\"uid\":1719,\"fund_id\":44}"]}
{"level":3,"type":"Contents.FundInfo.RaisingFundInfo","flag":1,"extends":["RaisingFundInfo-募集基金详情","{\"uid\":1719,\"fund_id\":44,\"SOURCE\":\"pc\"}"]}
{"level":3,"type":"Contents.FundInfo.RaisingUserType","flag":1,"extends":["RaisingUserType-募集基金身份判断","{\"uid\":1719,\"fund_id\":44}"]}
{"level":3,"type":"Contents.FundInfo.RaisingFundInfo","flag":1,"extends":["RaisingFundInfo-募集基金详情","{\"uid\":1719,\"fund_id\":44,\"SOURCE\":\"pc\"}"]}
{"level":3,"type":"Contents.FundInfo.RaisingUserType","flag":1,"extends":["RaisingUserType-募集基金身份判断","{\"uid\":1719,\"fund_id\":44}"]}
{"level":3,"type":"Contents.Funds.FundsList","flag":1,"extends":["FundsList-我的基金列表","{\"uid\":\"1719\",\"label\":1}"]}
{"level":3,"type":"Contents.FundInfo.RaisingFundInfo","flag":1,"extends":["RaisingFundInfo-募集基金详情","{\"uid\":1719,\"fund_id\":44,\"SOURCE\":\"pc\"}"]}
{"level":3,"type":"Contents.FundInfo.RaisingUserType","flag":1,"extends":["RaisingUserType-募集基金身份判断","{\"uid\":1719,\"fund_id\":44}"]}
{"level":3,"type":"Contents.FundInfo.RaisingFundInfo","flag":1,"extends":["RaisingFundInfo-募集基金详情","{\"uid\":1719,\"fund_id\":44,\"SOURCE\":\"pc\"}"]}
{"level":3,"type":"Contents.FundInfo.RaisingUserType","flag":1,"extends":["RaisingUserType-募集基金身份判断","{\"uid\":1719,\"fund_id\":44}"]}
{"level":3,"type":"Contents.FundInfo.RaisingFundInfo","flag":1,"extends":["RaisingFundInfo-募集基金详情","{\"uid\":1719,\"fund_id\":44,\"SOURCE\":\"pc\"}"]}
{"level":3,"type":"Contents.FundInfo.RaisingUserType","flag":1,"extends":["RaisingUserType-募集基金身份判断","{\"uid\":1719,\"fund_id\":44}"]}
{"level":3,"type":"Contents.FundInfo.RaisingFundInfo","flag":1,"extends":["RaisingFundInfo-募集基金详情","{\"uid\":1719,\"fund_id\":44,\"SOURCE\":\"pc\"}"]}
{"level":3,"type":"Contents.FundInfo.RaisingUserType","flag":1,"extends":["RaisingUserType-募集基金身份判断","{\"uid\":1719,\"fund_id\":44}"]}
{"level":3,"type":"Contents.FundInfo.RaisingFundInfo","flag":1,"extends":["RaisingFundInfo-募集基金详情","{\"uid\":1719,\"fund_id\":44,\"SOURCE\":\"pc\"}"]}
{"level":3,"type":"Contents.FundInfo.RaisingUserType","flag":1,"extends":["RaisingUserType-募集基金身份判断","{\"uid\":1719,\"fund_id\":44}"]}
{"level":3,"type":"Contents.FundInfo.RaisingFundInfo","flag":1,"extends":["RaisingFundInfo-募集基金详情","{\"uid\":1719,\"fund_id\":44,\"SOURCE\":\"pc\"}"]}
{"level":3,"type":"Contents.FundInfo.RaisingUserType","flag":1,"extends":["RaisingUserType-募集基金身份判断","{\"uid\":1719,\"fund_id\":44}"]}
{"level":3,"type":"Contents.FundInfo.RaisingFundInfo","flag":1,"extends":["RaisingFundInfo-募集基金详情","{\"uid\":1719,\"fund_id\":44,\"SOURCE\":\"pc\"}"]}
{"level":3,"type":"Contents.FundInfo.RaisingUserType","flag":1,"extends":["RaisingUserType-募集基金身份判断","{\"uid\":1719,\"fund_id\":44}"]}
{"level":3,"type":"Contents.FundInfo.RaisingFundInfo","flag":1,"extends":["RaisingFundInfo-募集基金详情","{\"uid\":1719,\"fund_id\":44,\"SOURCE\":\"pc\"}"]}
{"level":3,"type":"Contents.FundInfo.RaisingUserType","flag":1,"extends":["RaisingUserType-募集基金身份判断","{\"uid\":1719,\"fund_id\":44}"]}
{"level":3,"type":"Contents.Funds.FundsList","flag":1,"extends":["FundsList-我的基金列表","{\"uid\":\"1719\",\"label\":1}"]}
{"level":3,"type":"Contents.FundInfo.RaisingFundInfo","flag":1,"extends":["RaisingFundInfo-募集基金详情","{\"uid\":1719,\"fund_id\":41,\"SOURCE\":\"pc\"}"]}
{"level":3,"type":"Contents.FundInfo.RaisingUserType","flag":1,"extends":["RaisingUserType-募集基金身份判断","{\"uid\":1719,\"fund_id\":41}"]}
{"level":3,"type":"Contents.FundInfo.RaisingFundInfo","flag":1,"extends":["RaisingFundInfo-募集基金详情","{\"uid\":1719,\"fund_id\":41,\"SOURCE\":\"pc\"}"]}
{"level":3,"type":"Contents.FundInfo.RaisingUserType","flag":1,"extends":["RaisingUserType-募集基金身份判断","{\"uid\":1719,\"fund_id\":41}"]}
{"level":3,"type":"Contents.FundInfo.RaisingFundInfo","flag":1,"extends":["RaisingFundInfo-募集基金详情","{\"uid\":1719,\"fund_id\":44,\"SOURCE\":\"pc\"}"]}
{"level":3,"type":"Contents.FundInfo.RaisingUserType","flag":1,"extends":["RaisingUserType-募集基金身份判断","{\"uid\":1719,\"fund_id\":44}"]}
{"level":3,"type":"Contents.FundInfo.RaisingFundInfo","flag":1,"extends":["RaisingFundInfo-募集基金详情","{\"uid\":1719,\"fund_id\":44,\"SOURCE\":\"pc\"}"]}
{"level":3,"type":"Contents.FundInfo.RaisingUserType","flag":1,"extends":["RaisingUserType-募集基金身份判断","{\"uid\":1719,\"fund_id\":44}"]}
{"level":3,"type":"Contents.FundInfo.RaisingFundInfo","flag":1,"extends":["RaisingFundInfo-募集基金详情","{\"uid\":1719,\"fund_id\":44,\"SOURCE\":\"pc\"}"]}
{"level":3,"type":"Contents.FundInfo.RaisingUserType","flag":1,"extends":["RaisingUserType-募集基金身份判断","{\"uid\":1719,\"fund_id\":44}"]}
{"level":3,"type":"Contents.FundInfo.RaisingFundInfo","flag":1,"extends":["RaisingFundInfo-募集基金详情","{\"uid\":1719,\"fund_id\":44,\"SOURCE\":\"pc\"}"]}
{"level":3,"type":"Contents.FundInfo.RaisingUserType","flag":1,"extends":["RaisingUserType-募集基金身份判断","{\"uid\":1719,\"fund_id\":44}"]}
{"level":3,"type":"Contents.FundInfo.RaisingFundInfo","flag":1,"extends":["RaisingFundInfo-募集基金详情","{\"uid\":1719,\"fund_id\":44,\"SOURCE\":\"pc\"}"]}
{"level":3,"type":"Contents.FundInfo.RaisingUserType","flag":1,"extends":["RaisingUserType-募集基金身份判断","{\"uid\":1719,\"fund_id\":44}"]}
{"level":3,"type":"Contents.FundInfo.RaisingFundInfo","flag":1,"extends":["RaisingFundInfo-募集基金详情","{\"uid\":1719,\"fund_id\":44,\"SOURCE\":\"pc\"}"]}
{"level":3,"type":"Contents.FundInfo.RaisingUserType","flag":1,"extends":["RaisingUserType-募集基金身份判断","{\"uid\":1719,\"fund_id\":44}"]}
{"level":3,"type":"Contents.FundInfo.RaisingFundInfo","flag":1,"extends":["RaisingFundInfo-募集基金详情","{\"uid\":1719,\"fund_id\":43,\"SOURCE\":\"pc\"}"]}
{"level":3,"type":"Contents.FundInfo.RaisingUserType","flag":1,"extends":["RaisingUserType-募集基金身份判断","{\"uid\":1719,\"fund_id\":43}"]}
{"level":3,"type":"Contents.FundInfo.RaisingFundInfo","flag":1,"extends":["RaisingFundInfo-募集基金详情","{\"uid\":1719,\"fund_id\":44,\"SOURCE\":\"pc\"}"]}
{"level":3,"type":"Contents.FundInfo.RaisingUserType","flag":1,"extends":["RaisingUserType-募集基金身份判断","{\"uid\":1719,\"fund_id\":44}"]}
{"level":3,"type":"Contents.FundInfo.RaisingFundInfo","flag":1,"extends":["RaisingFundInfo-募集基金详情","{\"uid\":1719,\"fund_id\":44,\"SOURCE\":\"pc\"}"]}
{"level":3,"type":"Contents.FundInfo.RaisingUserType","flag":1,"extends":["RaisingUserType-募集基金身份判断","{\"uid\":1719,\"fund_id\":44}"]}
{"level":3,"type":"Contents.FundInfo.RaisingFundInfo","flag":1,"extends":["RaisingFundInfo-募集基金详情","{\"uid\":1719,\"fund_id\":44,\"SOURCE\":\"pc\"}"]}
{"level":3,"type":"Contents.FundInfo.RaisingUserType","flag":1,"extends":["RaisingUserType-募集基金身份判断","{\"uid\":1719,\"fund_id\":44}"]}
{"level":3,"type":"Contents.FundInfo.RaisingFundInfo","flag":1,"extends":["RaisingFundInfo-募集基金详情","{\"uid\":1719,\"fund_id\":44,\"SOURCE\":\"pc\"}"]}
{"level":3,"type":"Contents.FundInfo.RaisingUserType","flag":1,"extends":["RaisingUserType-募集基金身份判断","{\"uid\":1719,\"fund_id\":44}"]}
{"level":3,"type":"Contents.FundInfo.RaisingFundInfo","flag":1,"extends":["RaisingFundInfo-募集基金详情","{\"uid\":1719,\"fund_id\":44,\"SOURCE\":\"pc\"}"]}
{"level":3,"type":"Contents.FundInfo.RaisingUserType","flag":1,"extends":["RaisingUserType-募集基金身份判断","{\"uid\":1719,\"fund_id\":44}"]}
{"level":3,"type":"Contents.FundInfo.RaisingFundInfo","flag":1,"extends":["RaisingFundInfo-募集基金详情","{\"uid\":1719,\"fund_id\":44,\"SOURCE\":\"pc\"}"]}
{"level":3,"type":"Contents.FundInfo.RaisingUserType","flag":1,"extends":["RaisingUserType-募集基金身份判断","{\"uid\":1719,\"fund_id\":44}"]}
{"level":3,"type":"Contents.FundInfo.RaisingFundInfo","flag":1,"extends":["RaisingFundInfo-募集基金详情","{\"uid\":1719,\"fund_id\":44,\"SOURCE\":\"pc\"}"]}
{"level":3,"type":"Contents.FundInfo.RaisingUserType","flag":1,"extends":["RaisingUserType-募集基金身份判断","{\"uid\":1719,\"fund_id\":44}"]}
{"level":3,"type":"Contents.FundInfo.RaisingFundInfo","flag":1,"extends":["RaisingFundInfo-募集基金详情","{\"uid\":1719,\"fund_id\":44,\"SOURCE\":\"pc\"}"]}
{"level":3,"type":"Contents.FundInfo.RaisingUserType","flag":1,"extends":["RaisingUserType-募集基金身份判断","{\"uid\":1719,\"fund_id\":44}"]}
{"level":3,"type":"Contents.FundInfo.RaisingFundInfo","flag":1,"extends":["RaisingFundInfo-募集基金详情","{\"uid\":1719,\"fund_id\":44,\"SOURCE\":\"pc\"}"]}
{"level":3,"type":"Contents.FundInfo.RaisingUserType","flag":1,"extends":["RaisingUserType-募集基金身份判断","{\"uid\":1719,\"fund_id\":44}"]}
{"level":3,"type":"Contents.Funds.FundsList","flag":1,"extends":["FundsList-我的基金列表","{\"uid\":\"1719\",\"label\":1}"]}
{"level":3,"type":"Contents.FundInfo.RaisingFundInfo","flag":1,"extends":["RaisingFundInfo-募集基金详情","{\"uid\":1719,\"fund_id\":44,\"SOURCE\":\"pc\"}"]}
{"level":3,"type":"Contents.FundInfo.RaisingUserType","flag":1,"extends":["RaisingUserType-募集基金身份判断","{\"uid\":1719,\"fund_id\":44}"]}
{"level":3,"type":"Contents.FundInfo.RaisingFundInfo","flag":1,"extends":["RaisingFundInfo-募集基金详情",null]}
{"level":3,"type":"Contents.FundInfo.RaisingFundInfo","flag":1,"extends":["RaisingFundInfo-募集基金详情",null]}
{"level":3,"type":"Contents.FundInfo.RaisingFundInfo","flag":1,"extends":["RaisingFundInfo-募集基金详情",null]}
{"level":3,"type":"Contents.Funds.FundsList","flag":1,"extends":["FundsList-我的基金列表","{\"uid\":\"1719\",\"label\":1}"]}
{"level":3,"type":"Contents.FundInfo.RaisingFundInfo","flag":1,"extends":["RaisingFundInfo-募集基金详情","{\"uid\":1719,\"fund_id\":44,\"SOURCE\":\"pc\"}"]}
{"level":3,"type":"Contents.FundInfo.RaisingUserType","flag":1,"extends":["RaisingUserType-募集基金身份判断","{\"uid\":1719,\"fund_id\":44}"]}
{"level":3,"type":"Contents.Funds.FundsList","flag":1,"extends":["FundsList-我的基金列表","{\"uid\":\"1719\",\"label\":1}"]}
{"level":3,"type":"Contents.FundInfo.RaisingFundInfo","flag":1,"extends":["RaisingFundInfo-募集基金详情","{\"uid\":1719,\"fund_id\":44,\"SOURCE\":\"pc\"}"]}
{"level":3,"type":"Contents.FundInfo.RaisingUserType","flag":1,"extends":["RaisingUserType-募集基金身份判断","{\"uid\":1719,\"fund_id\":44}"]}
{"level":3,"type":"Contents.FundInfo.RaisingFundInfo","flag":1,"extends":["RaisingFundInfo-募集基金详情","{\"uid\":1719,\"fund_id\":43,\"SOURCE\":\"pc\"}"]}
{"level":3,"type":"Contents.FundInfo.RaisingUserType","flag":1,"extends":["RaisingUserType-募集基金身份判断","{\"uid\":1719,\"fund_id\":43}"]}
{"level":3,"type":"Contents.Funds.FundsList","flag":1,"extends":["FundsList-我的基金列表","{\"uid\":\"1719\",\"label\":1}"]}
{"level":3,"type":"Contents.FundInfo.RaisingFundInfo","flag":1,"extends":["RaisingFundInfo-募集基金详情","{\"uid\":1719,\"fund_id\":41,\"SOURCE\":\"pc\"}"]}
{"level":3,"type":"Contents.FundInfo.RaisingUserType","flag":1,"extends":["RaisingUserType-募集基金身份判断","{\"uid\":1719,\"fund_id\":41}"]}
{"level":3,"type":"Contents.FundInfo.RaisingFundInfo","flag":1,"extends":["RaisingFundInfo-募集基金详情","{\"uid\":1719,\"fund_id\":41,\"SOURCE\":\"pc\"}"]}
{"level":3,"type":"Contents.FundInfo.RaisingUserType","flag":1,"extends":["RaisingUserType-募集基金身份判断","{\"uid\":1719,\"fund_id\":41}"]}
{"level":3,"type":"Contents.Funds.FundsList","flag":1,"extends":["FundsList-我的基金列表","{\"uid\":\"1719\",\"label\":1}"]}
{"level":3,"type":"Contents.FundInfo.RaisingFundInfo","flag":1,"extends":["RaisingFundInfo-募集基金详情","{\"uid\":1719,\"fund_id\":44,\"SOURCE\":\"pc\"}"]}
{"level":3,"type":"Contents.FundInfo.RaisingUserType","flag":1,"extends":["RaisingUserType-募集基金身份判断","{\"uid\":1719,\"fund_id\":44}"]}
{"level":3,"type":"Contents.FundInfo.RaisingFundInfo","flag":1,"extends":["RaisingFundInfo-募集基金详情","{\"uid\":1719,\"fund_id\":41,\"SOURCE\":\"pc\"}"]}
{"level":3,"type":"Contents.FundInfo.RaisingUserType","flag":1,"extends":["RaisingUserType-募集基金身份判断","{\"uid\":1719,\"fund_id\":41}"]}
{"level":3,"type":"Contents.FundInfo.RaisingFundInfo","flag":1,"extends":["RaisingFundInfo-募集基金详情","{\"uid\":1719,\"fund_id\":43,\"SOURCE\":\"pc\"}"]}
{"level":3,"type":"Contents.FundInfo.RaisingUserType","flag":1,"extends":["RaisingUserType-募集基金身份判断","{\"uid\":1719,\"fund_id\":43}"]}
{"level":3,"type":"Contents.FundInfo.RaisingFundInfo","flag":1,"extends":["RaisingFundInfo-募集基金详情","{\"uid\":1719,\"fund_id\":44,\"SOURCE\":\"pc\"}"]}
{"level":3,"type":"Contents.FundInfo.RaisingUserType","flag":1,"extends":["RaisingUserType-募集基金身份判断","{\"uid\":1719,\"fund_id\":44}"]}
{"level":3,"type":"Contents.FundInfo.RaisingFundInfo","flag":1,"extends":["RaisingFundInfo-募集基金详情","{\"uid\":1719,\"fund_id\":44,\"SOURCE\":\"pc\"}"]}
{"level":3,"type":"Contents.FundInfo.RaisingUserType","flag":1,"extends":["RaisingUserType-募集基金身份判断","{\"uid\":1719,\"fund_id\":44}"]}
{"level":3,"type":"Contents.FundInfo.RaisingFundInfo","flag":1,"extends":["RaisingFundInfo-募集基金详情","{\"uid\":1719,\"fund_id\":44,\"SOURCE\":\"pc\"}"]}
{"level":3,"type":"Contents.FundInfo.RaisingUserType","flag":1,"extends":["RaisingUserType-募集基金身份判断","{\"uid\":1719,\"fund_id\":44}"]}
{"level":3,"type":"Common.QiniuUpload.putFile","flag":1,"extends":["putFile-上传文件到七牛，传入的参数","{\"file_name\":\"file1475988671030\",\"file_type\":\"\",\"x\":660,\"y\":1170,\"max_size\":5,\"scale\":0,\"domain\":\"test.com\"}"]}
{"level":3,"type":"Common.QiniuUpload.putFile","flag":1,"extends":["putFile-上传文件到七牛，传入的参数","{\"file_name\":\"file1475988721447\",\"file_type\":\"\",\"x\":660,\"y\":1170,\"max_size\":5,\"scale\":0,\"domain\":\"test.com\"}"]}
{"level":3,"type":"Contents.FundInfo.RaisingFundInfo","flag":1,"extends":["RaisingFundInfo-募集基金详情","{\"uid\":1719,\"fund_id\":44,\"SOURCE\":\"pc\"}"]}
{"level":3,"type":"Contents.FundInfo.RaisingUserType","flag":1,"extends":["RaisingUserType-募集基金身份判断","{\"uid\":1719,\"fund_id\":44}"]}
{"level":3,"type":"Contents.FundInfo.RaisingFundInfo","flag":1,"extends":["RaisingFundInfo-募集基金详情","{\"uid\":1719,\"fund_id\":43,\"SOURCE\":\"pc\"}"]}
{"level":3,"type":"Contents.FundInfo.RaisingUserType","flag":1,"extends":["RaisingUserType-募集基金身份判断","{\"uid\":1719,\"fund_id\":43}"]}
{"level":3,"type":"Contents.FundInfo.RaisingFundInfo","flag":1,"extends":["RaisingFundInfo-募集基金详情","{\"uid\":1719,\"fund_id\":44,\"SOURCE\":\"pc\"}"]}
{"level":3,"type":"Contents.FundInfo.RaisingUserType","flag":1,"extends":["RaisingUserType-募集基金身份判断","{\"uid\":1719,\"fund_id\":44}"]}
{"level":3,"type":"Contents.FundInfo.RaisingFundInfo","flag":1,"extends":["RaisingFundInfo-募集基金详情","{\"uid\":1719,\"fund_id\":44,\"SOURCE\":\"pc\"}"]}
{"level":3,"type":"Contents.FundInfo.RaisingUserType","flag":1,"extends":["RaisingUserType-募集基金身份判断","{\"uid\":1719,\"fund_id\":44}"]}
{"level":3,"type":"Contents.FundInfo.RaisingFundInfo","flag":1,"extends":["RaisingFundInfo-募集基金详情","{\"uid\":1719,\"fund_id\":44,\"SOURCE\":\"pc\"}"]}
{"level":3,"type":"Contents.FundInfo.RaisingUserType","flag":1,"extends":["RaisingUserType-募集基金身份判断","{\"uid\":1719,\"fund_id\":44}"]}
{"level":3,"type":"Contents.FundInfo.RaisingFundInfo","flag":1,"extends":["RaisingFundInfo-募集基金详情","{\"uid\":1719,\"fund_id\":44,\"SOURCE\":\"pc\"}"]}
{"level":3,"type":"Contents.FundInfo.RaisingUserType","flag":1,"extends":["RaisingUserType-募集基金身份判断","{\"uid\":1719,\"fund_id\":44}"]}
{"level":3,"type":"Contents.FundInfo.RaisingFundInfo","flag":1,"extends":["RaisingFundInfo-募集基金详情","{\"uid\":1719,\"fund_id\":44,\"SOURCE\":\"pc\"}"]}
{"level":3,"type":"Contents.FundInfo.RaisingUserType","flag":1,"extends":["RaisingUserType-募集基金身份判断","{\"uid\":1719,\"fund_id\":44}"]}
{"level":3,"type":"Contents.FundInfo.RaisingFundInfo","flag":1,"extends":["RaisingFundInfo-募集基金详情",null]}
{"level":3,"type":"Contents.FundInfo.RaisingFundInfo","flag":1,"extends":["RaisingFundInfo-募集基金详情","{\"uid\":1719,\"fund_id\":44,\"SOURCE\":\"pc\"}"]}
{"level":3,"type":"Contents.FundInfo.RaisingUserType","flag":1,"extends":["RaisingUserType-募集基金身份判断","{\"uid\":1719,\"fund_id\":44}"]}
{"level":3,"type":"Contents.FundInfo.RaisingFundInfo","flag":1,"extends":["RaisingFundInfo-募集基金详情","{\"uid\":1719,\"fund_id\":44,\"SOURCE\":\"pc\"}"]}
{"level":3,"type":"Contents.FundInfo.RaisingUserType","flag":1,"extends":["RaisingUserType-募集基金身份判断","{\"uid\":1719,\"fund_id\":44}"]}
{"level":3,"type":"Contents.FundInfo.RaisingFundInfo","flag":1,"extends":["RaisingFundInfo-募集基金详情","{\"uid\":1719,\"fund_id\":44,\"SOURCE\":\"pc\"}"]}
{"level":3,"type":"Contents.FundInfo.RaisingUserType","flag":1,"extends":["RaisingUserType-募集基金身份判断","{\"uid\":1719,\"fund_id\":44}"]}
{"level":3,"type":"Contents.FundInfo.RaisingFundInfo","flag":1,"extends":["RaisingFundInfo-募集基金详情","{\"uid\":1719,\"fund_id\":44,\"SOURCE\":\"pc\"}"]}
{"level":3,"type":"Contents.FundInfo.RaisingUserType","flag":1,"extends":["RaisingUserType-募集基金身份判断","{\"uid\":1719,\"fund_id\":44}"]}
{"level":3,"type":"Contents.FundInfo.RaisingFundInfo","flag":1,"extends":["RaisingFundInfo-募集基金详情","{\"uid\":1719,\"fund_id\":44,\"SOURCE\":\"pc\"}"]}
{"level":3,"type":"Contents.FundInfo.RaisingUserType","flag":1,"extends":["RaisingUserType-募集基金身份判断","{\"uid\":1719,\"fund_id\":44}"]}
{"level":3,"type":"Contents.FundInfo.RaisingFundInfo","flag":1,"extends":["RaisingFundInfo-募集基金详情","{\"uid\":1719,\"fund_id\":44,\"SOURCE\":\"pc\"}"]}
{"level":3,"type":"Contents.FundInfo.RaisingUserType","flag":1,"extends":["RaisingUserType-募集基金身份判断","{\"uid\":1719,\"fund_id\":44}"]}
{"level":3,"type":"Contents.FundInfo.RaisingFundInfo","flag":1,"extends":["RaisingFundInfo-募集基金详情","{\"uid\":1719,\"fund_id\":44,\"SOURCE\":\"pc\"}"]}
{"level":3,"type":"Contents.FundInfo.RaisingUserType","flag":1,"extends":["RaisingUserType-募集基金身份判断","{\"uid\":1719,\"fund_id\":44}"]}
{"level":3,"type":"Contents.FundInfo.RaisingFundInfo","flag":1,"extends":["RaisingFundInfo-募集基金详情","{\"uid\":1719,\"fund_id\":44,\"SOURCE\":\"pc\"}"]}
{"level":3,"type":"Contents.FundInfo.RaisingUserType","flag":1,"extends":["RaisingUserType-募集基金身份判断","{\"uid\":1719,\"fund_id\":44}"]}
{"level":3,"type":"Contents.FundInfo.RaisingFundInfo","flag":1,"extends":["RaisingFundInfo-募集基金详情","{\"uid\":1719,\"fund_id\":44,\"SOURCE\":\"pc\"}"]}
{"level":3,"type":"Contents.FundInfo.RaisingUserType","flag":1,"extends":["RaisingUserType-募集基金身份判断","{\"uid\":1719,\"fund_id\":44}"]}
{"level":3,"type":"Contents.FundInfo.RaisingFundInfo","flag":1,"extends":["RaisingFundInfo-募集基金详情","{\"uid\":1719,\"fund_id\":44,\"SOURCE\":\"pc\"}"]}
{"level":3,"type":"Contents.FundInfo.RaisingUserType","flag":1,"extends":["RaisingUserType-募集基金身份判断","{\"uid\":1719,\"fund_id\":44}"]}
{"level":3,"type":"Contents.FundInfo.RaisingFundInfo","flag":1,"extends":["RaisingFundInfo-募集基金详情","{\"uid\":1719,\"fund_id\":44,\"SOURCE\":\"pc\"}"]}
{"level":3,"type":"Contents.FundInfo.RaisingUserType","flag":1,"extends":["RaisingUserType-募集基金身份判断","{\"uid\":1719,\"fund_id\":44}"]}
{"level":3,"type":"Contents.FundInfo.RaisingFundInfo","flag":1,"extends":["RaisingFundInfo-募集基金详情","{\"uid\":1719,\"fund_id\":44,\"SOURCE\":\"pc\"}"]}
{"level":3,"type":"Contents.FundInfo.RaisingUserType","flag":1,"extends":["RaisingUserType-募集基金身份判断","{\"uid\":1719,\"fund_id\":44}"]}
{"level":3,"type":"Contents.FundInfo.RaisingFundInfo","flag":1,"extends":["RaisingFundInfo-募集基金详情","{\"uid\":1719,\"fund_id\":44,\"SOURCE\":\"pc\"}"]}
{"level":3,"type":"Contents.FundInfo.RaisingUserType","flag":1,"extends":["RaisingUserType-募集基金身份判断","{\"uid\":1719,\"fund_id\":44}"]}
{"level":3,"type":"Contents.FundInfo.RaisingFundInfo","flag":1,"extends":["RaisingFundInfo-募集基金详情","{\"uid\":1719,\"fund_id\":44,\"SOURCE\":\"pc\"}"]}
{"level":3,"type":"Contents.FundInfo.RaisingUserType","flag":1,"extends":["RaisingUserType-募集基金身份判断","{\"uid\":1719,\"fund_id\":44}"]}
{"level":3,"type":"Contents.FundInfo.RaisingFundInfo","flag":1,"extends":["RaisingFundInfo-募集基金详情","{\"uid\":1719,\"fund_id\":44,\"SOURCE\":\"pc\"}"]}
{"level":3,"type":"Contents.FundInfo.RaisingUserType","flag":1,"extends":["RaisingUserType-募集基金身份判断","{\"uid\":1719,\"fund_id\":44}"]}
{"level":3,"type":"Contents.FundInfo.RaisingFundInfo","flag":1,"extends":["RaisingFundInfo-募集基金详情","{\"uid\":1719,\"fund_id\":44,\"SOURCE\":\"pc\"}"]}
{"level":3,"type":"Contents.FundInfo.RaisingUserType","flag":1,"extends":["RaisingUserType-募集基金身份判断","{\"uid\":1719,\"fund_id\":44}"]}
{"level":3,"type":"Contents.FundInfo.RaisingFundInfo","flag":1,"extends":["RaisingFundInfo-募集基金详情","{\"uid\":1719,\"fund_id\":44,\"SOURCE\":\"pc\"}"]}
{"level":3,"type":"Contents.FundInfo.RaisingUserType","flag":1,"extends":["RaisingUserType-募集基金身份判断","{\"uid\":1719,\"fund_id\":44}"]}
{"level":3,"type":"Contents.FundInfo.RaisingFundInfo","flag":1,"extends":["RaisingFundInfo-募集基金详情","{\"uid\":1719,\"fund_id\":44,\"SOURCE\":\"pc\"}"]}
{"level":3,"type":"Contents.FundInfo.RaisingUserType","flag":1,"extends":["RaisingUserType-募集基金身份判断","{\"uid\":1719,\"fund_id\":44}"]}
{"level":3,"type":"Contents.FundInfo.RaisingFundInfo","flag":1,"extends":["RaisingFundInfo-募集基金详情","{\"uid\":1719,\"fund_id\":44,\"SOURCE\":\"pc\"}"]}
{"level":3,"type":"Contents.FundInfo.RaisingUserType","flag":1,"extends":["RaisingUserType-募集基金身份判断","{\"uid\":1719,\"fund_id\":44}"]}
{"level":3,"type":"Contents.FundInfo.RaisingFundInfo","flag":1,"extends":["RaisingFundInfo-募集基金详情","{\"uid\":1719,\"fund_id\":44,\"SOURCE\":\"pc\"}"]}
{"level":3,"type":"Contents.FundInfo.RaisingUserType","flag":1,"extends":["RaisingUserType-募集基金身份判断","{\"uid\":1719,\"fund_id\":44}"]}
{"level":3,"type":"Contents.Funds.FundsList","flag":1,"extends":["FundsList-我的基金列表","{\"uid\":\"1719\",\"label\":1}"]}
{"level":3,"type":"Contents.Funds.FundsList","flag":1,"extends":["FundsList-我的基金列表","{\"uid\":\"1719\",\"label\":1}"]}
{"level":3,"type":"Contents.FundInfo.RaisingFundInfo","flag":1,"extends":["RaisingFundInfo-募集基金详情","{\"uid\":1719,\"fund_id\":44,\"SOURCE\":\"pc\"}"]}
{"level":3,"type":"Contents.FundInfo.RaisingUserType","flag":1,"extends":["RaisingUserType-募集基金身份判断","{\"uid\":1719,\"fund_id\":44}"]}
{"level":3,"type":"Contents.Funds.FundsList","flag":1,"extends":["FundsList-我的基金列表","{\"uid\":\"1719\",\"label\":1}"]}
{"level":3,"type":"Contents.FundInfo.RaisingFundInfo","flag":1,"extends":["RaisingFundInfo-募集基金详情","{\"uid\":1719,\"fund_id\":44,\"SOURCE\":\"pc\"}"]}
{"level":3,"type":"Contents.FundInfo.RaisingUserType","flag":1,"extends":["RaisingUserType-募集基金身份判断","{\"uid\":1719,\"fund_id\":44}"]}
{"level":3,"type":"Contents.FundInfo.RaisingFundInfo","flag":1,"extends":["RaisingFundInfo-募集基金详情","{\"uid\":1719,\"fund_id\":44,\"SOURCE\":\"pc\"}"]}
{"level":3,"type":"Contents.FundInfo.RaisingUserType","flag":1,"extends":["RaisingUserType-募集基金身份判断","{\"uid\":1719,\"fund_id\":44}"]}
{"level":3,"type":"Contents.FundInfo.RaisingFundInfo","flag":1,"extends":["RaisingFundInfo-募集基金详情","{\"uid\":1719,\"fund_id\":44,\"SOURCE\":\"pc\"}"]}
{"level":3,"type":"Contents.FundInfo.RaisingUserType","flag":1,"extends":["RaisingUserType-募集基金身份判断","{\"uid\":1719,\"fund_id\":44}"]}
{"level":3,"type":"Contents.Funds.FundsList","flag":1,"extends":["FundsList-我的基金列表","{\"uid\":\"1719\",\"label\":1}"]}
{"level":3,"type":"Contents.FundInfo.RaisingFundInfo","flag":1,"extends":["RaisingFundInfo-募集基金详情","{\"uid\":1719,\"fund_id\":44,\"SOURCE\":\"pc\"}"]}
{"level":3,"type":"Contents.FundInfo.RaisingUserType","flag":1,"extends":["RaisingUserType-募集基金身份判断","{\"uid\":1719,\"fund_id\":44}"]}
{"level":3,"type":"Contents.Funds.FundsList","flag":1,"extends":["FundsList-我的基金列表","{\"uid\":\"1719\",\"label\":1}"]}
{"level":3,"type":"Contents.FundInfo.RaisingFundInfo","flag":1,"extends":["RaisingFundInfo-募集基金详情","{\"uid\":1719,\"fund_id\":44,\"SOURCE\":\"pc\"}"]}
{"level":3,"type":"Contents.FundInfo.RaisingUserType","flag":1,"extends":["RaisingUserType-募集基金身份判断","{\"uid\":1719,\"fund_id\":44}"]}
{"level":3,"type":"Contents.FundInfo.RaisingFundInfo","flag":1,"extends":["RaisingFundInfo-募集基金详情",null]}
{"level":3,"type":"Contents.FundInfo.RaisingFundInfo","flag":1,"extends":["RaisingFundInfo-募集基金详情",null]}
{"level":3,"type":"Contents.FundInfo.RaisingFundInfo","flag":1,"extends":["RaisingFundInfo-募集基金详情","{\"uid\":1719,\"fund_id\":41,\"SOURCE\":\"pc\"}"]}
{"level":3,"type":"Contents.FundInfo.RaisingUserType","flag":1,"extends":["RaisingUserType-募集基金身份判断","{\"uid\":1719,\"fund_id\":41}"]}
{"level":3,"type":"Contents.Funds.FundsList","flag":1,"extends":["FundsList-我的基金列表","{\"uid\":\"1719\",\"label\":1}"]}
{"level":3,"type":"Contents.FundInfo.RaisingFundInfo","flag":1,"extends":["RaisingFundInfo-募集基金详情","{\"uid\":1719,\"fund_id\":43,\"SOURCE\":\"pc\"}"]}
{"level":3,"type":"Contents.FundInfo.RaisingUserType","flag":1,"extends":["RaisingUserType-募集基金身份判断","{\"uid\":1719,\"fund_id\":43}"]}
{"level":3,"type":"Contents.Funds.FundsList","flag":1,"extends":["FundsList-我的基金列表","{\"uid\":\"1719\",\"label\":1}"]}
{"level":3,"type":"Contents.FundInfo.RaisingFundInfo","flag":1,"extends":["RaisingFundInfo-募集基金详情","{\"uid\":1719,\"fund_id\":44,\"SOURCE\":\"pc\"}"]}
{"level":3,"type":"Contents.FundInfo.RaisingUserType","flag":1,"extends":["RaisingUserType-募集基金身份判断","{\"uid\":1719,\"fund_id\":44}"]}
{"level":3,"type":"Contents.FundInfo.RaisingFundInfo","flag":1,"extends":["RaisingFundInfo-募集基金详情","{\"uid\":1719,\"fund_id\":43,\"SOURCE\":\"pc\"}"]}
{"level":3,"type":"Contents.FundInfo.RaisingUserType","flag":1,"extends":["RaisingUserType-募集基金身份判断","{\"uid\":1719,\"fund_id\":43}"]}
{"level":3,"type":"Contents.Funds.FundsList","flag":1,"extends":["FundsList-我的基金列表","{\"uid\":\"1719\",\"label\":1}"]}
{"level":3,"type":"Contents.FundInfo.RaisingFundInfo","flag":1,"extends":["RaisingFundInfo-募集基金详情","{\"uid\":1719,\"fund_id\":41,\"SOURCE\":\"pc\"}"]}
{"level":3,"type":"Contents.FundInfo.RaisingUserType","flag":1,"extends":["RaisingUserType-募集基金身份判断","{\"uid\":1719,\"fund_id\":41}"]}
{"level":3,"type":"Contents.FundInfo.RaisingFundInfo","flag":1,"extends":["RaisingFundInfo-募集基金详情","{\"uid\":1719,\"fund_id\":41,\"SOURCE\":\"pc\"}"]}
{"level":3,"type":"Contents.FundInfo.RaisingUserType","flag":1,"extends":["RaisingUserType-募集基金身份判断","{\"uid\":1719,\"fund_id\":41}"]}
{"level":3,"type":"Contents.FundInfo.RaisingFundInfo","flag":1,"extends":["RaisingFundInfo-募集基金详情","{\"uid\":1719,\"fund_id\":41,\"SOURCE\":\"pc\"}"]}
{"level":3,"type":"Contents.FundInfo.RaisingUserType","flag":1,"extends":["RaisingUserType-募集基金身份判断","{\"uid\":1719,\"fund_id\":41}"]}
{"level":3,"type":"Contents.FundInfo.RaisingFundInfo","flag":1,"extends":["RaisingFundInfo-募集基金详情","{\"uid\":1719,\"fund_id\":41,\"SOURCE\":\"pc\"}"]}
{"level":3,"type":"Contents.FundInfo.RaisingUserType","flag":1,"extends":["RaisingUserType-募集基金身份判断","{\"uid\":1719,\"fund_id\":41}"]}
{"level":3,"type":"Contents.FundInfo.RaisingFundInfo","flag":1,"extends":["RaisingFundInfo-募集基金详情","{\"uid\":1719,\"fund_id\":41,\"SOURCE\":\"pc\"}"]}
{"level":3,"type":"Contents.FundInfo.RaisingUserType","flag":1,"extends":["RaisingUserType-募集基金身份判断","{\"uid\":1719,\"fund_id\":41}"]}
{"level":3,"type":"Contents.Funds.FundsList","flag":1,"extends":["FundsList-我的基金列表","{\"uid\":\"1719\",\"label\":1}"]}
{"level":3,"type":"Contents.FundInfo.RaisingFundInfo","flag":1,"extends":["RaisingFundInfo-募集基金详情","{\"uid\":1719,\"fund_id\":41,\"SOURCE\":\"pc\"}"]}
{"level":3,"type":"Contents.FundInfo.RaisingUserType","flag":1,"extends":["RaisingUserType-募集基金身份判断","{\"uid\":1719,\"fund_id\":41}"]}
{"level":3,"type":"Contents.FundInfo.RaisingFundInfo","flag":1,"extends":["RaisingFundInfo-募集基金详情","{\"uid\":1719,\"fund_id\":44,\"SOURCE\":\"pc\"}"]}
{"level":3,"type":"Contents.FundInfo.RaisingUserType","flag":1,"extends":["RaisingUserType-募集基金身份判断","{\"uid\":1719,\"fund_id\":44}"]}
{"level":3,"type":"Contents.Funds.FundsList","flag":1,"extends":["FundsList-我的基金列表","{\"uid\":\"1719\",\"label\":1}"]}
{"level":3,"type":"Contents.Funds.FundsList","flag":1,"extends":["FundsList-我的基金列表","{\"uid\":\"1719\",\"label\":1}"]}
{"level":3,"type":"Contents.FundInfo.RaisingFundInfo","flag":1,"extends":["RaisingFundInfo-募集基金详情","{\"uid\":1719,\"fund_id\":41,\"SOURCE\":\"pc\"}"]}
{"level":3,"type":"Contents.FundInfo.RaisingUserType","flag":1,"extends":["RaisingUserType-募集基金身份判断","{\"uid\":1719,\"fund_id\":41}"]}
{"level":3,"type":"Contents.Funds.FundsList","flag":1,"extends":["FundsList-我的基金列表","{\"uid\":\"1719\",\"label\":1}"]}
